wazuh-alerts-4.x-2026.06.28,s5aqDJ8BLZf6xaoadCXO,1,1,192.168.56.104,WindowsAgent1,001,wazuh-server,false,5,"[""10.2.4"",""10.2.5""]","[""164.312.b""]","[""CC6.1"",""CC6.8"",""CC7.2"",""CC7.3""]",Logon Failure - Unknown user or bad password,"[""windows"",""windows_security"",""authentication_failed""]","[""AU.14"",""AC.7""]","[""IV_35.7.d"",""IV_32.2""]",7,"[""Account Access Removal""]","[""T1531""]","[""Impact""]",60122,"[""7.1""]",windows_eventchannel, ,log,"Jun 27, 2026 @ 22:18:43.435",EventChannel,1782623923.1236519,"Jun 27, 2026 @ 22:18:43.435", , , , , , , , , , , , , , , , , , , , , , , , , ,4625, ,0x8010000000000000,{54849625-5478-4994-a5ba-3e3b0328c30d},0,Security,0,"""An account failed to log on.

Subject:
	Security ID:		S-1-0-0
	Account Name:		-
	Account Domain:		-
	Logon ID:		0x0

Logon Type:			3

Account For Which Logon Failed:
	Security ID:		S-1-0-0
	Account Name:		guest
	Account Domain:		

Failure Information:
	Failure Reason:		Account currently disabled.
	Status:			0xC000006E
	Sub Status:		0xC0000072

Process Information:
	Caller Process ID:	0x0
	Caller Process Name:	-

Network Information:
	Workstation Name:	-
	Source Network Address:	192.168.1.10
	Source Port:		62458

Detailed Authentication Information:
	Logon Process:		NtLmSsp 
	Authentication Package:	NTLM
	Transited Services:	-
	Package Name (NTLM only):	-
	Key Length:		0

This event is generated when a logon request fails. It is generated on the computer where access was attempted.

The Subject fields indicate the account on the local system which requested the logon. This is most commonly a service such as the Server service, or a local process such as Winlogon.exe or Services.exe.

The Logon Type field indicates the kind of logon that was requested. The most common types are 2 (interactive) and 3 (network).

The Process Information fields indicate which account and process on the system requested the logon.

The Network Information fields indicate where a remote logon request originated. Workstation name is not always available and may be left blank in some cases.

The authentication information fields provide detailed information about this specific logon request.
	- Transited services indicate which intermediate services have participated in this logon request.
	- Package name indicates which sub-protocol was used among the NTLM protocols.
	- Key length indicates the length of the generated session key. This will be 0 if no session key was requested.""",0,2026-06-25T22:59:12.3997770Z,286920,21064,DESKTOP-EEL8CND,12544,968,AUDIT_FAILURE,Microsoft-Windows-Security-Auditing, , , , , , , , , , , , ,0x0, , , ,192.168.1.10,NTLM, , ,NtLmSsp, ,guest,0, ,S-1-0-0,0x0, ,62458, ,S-1-0-0, ,3, , ,0xc0000072,%%2310,0xc000006e, , , , , , , , , , , , , , , , , , , , , , , , , , , , , , , , , , , , , , , , , , , , , , , , , , , , , , , , , , , , , , , , , , , , 
wazuh-alerts-4.x-2026.06.28,tJaqDJ8BLZf6xaoadCXO,1,1,192.168.56.104,WindowsAgent1,001,wazuh-server,false,5,"[""10.2.4"",""10.2.5""]","[""164.312.b""]","[""CC6.1"",""CC6.8"",""CC7.2"",""CC7.3""]",Logon Failure - Unknown user or bad password,"[""windows"",""windows_security"",""authentication_failed""]","[""AU.14"",""AC.7""]","[""IV_35.7.d"",""IV_32.2""]",8,"[""Account Access Removal""]","[""T1531""]","[""Impact""]",60122,"[""7.1""]",windows_eventchannel, ,log,"Jun 27, 2026 @ 22:18:43.440",EventChannel,1782623923.1242518,"Jun 27, 2026 @ 22:18:43.440", , , , , , , , , , , , , , , , , , , , , , , , , ,4625, ,0x8010000000000000,{54849625-5478-4994-a5ba-3e3b0328c30d},0,Security,0,"""An account failed to log on.

Subject:
	Security ID:		S-1-0-0
	Account Name:		-
	Account Domain:		-
	Logon ID:		0x0

Logon Type:			3

Account For Which Logon Failed:
	Security ID:		S-1-0-0
	Account Name:		
	Account Domain:		

Failure Information:
	Failure Reason:		Unknown user name or bad password.
	Status:			0xC000006D
	Sub Status:		0xC0000064

Process Information:
	Caller Process ID:	0x0
	Caller Process Name:	-

Network Information:
	Workstation Name:	-
	Source Network Address:	192.168.1.10
	Source Port:		62461

Detailed Authentication Information:
	Logon Process:		NtLmSsp 
	Authentication Package:	NTLM
	Transited Services:	-
	Package Name (NTLM only):	-
	Key Length:		0

This event is generated when a logon request fails. It is generated on the computer where access was attempted.

The Subject fields indicate the account on the local system which requested the logon. This is most commonly a service such as the Server service, or a local process such as Winlogon.exe or Services.exe.

The Logon Type field indicates the kind of logon that was requested. The most common types are 2 (interactive) and 3 (network).

The Process Information fields indicate which account and process on the system requested the logon.

The Network Information fields indicate where a remote logon request originated. Workstation name is not always available and may be left blank in some cases.

The authentication information fields provide detailed information about this specific logon request.
	- Transited services indicate which intermediate services have participated in this logon request.
	- Package name indicates which sub-protocol was used among the NTLM protocols.
	- Key length indicates the length of the generated session key. This will be 0 if no session key was requested.""",0,2026-06-25T22:59:13.6706256Z,286922,2384,DESKTOP-EEL8CND,12544,968,AUDIT_FAILURE,Microsoft-Windows-Security-Auditing, , , , , , , , , , , , ,0x0, , , ,192.168.1.10,NTLM, , ,NtLmSsp, , ,0, ,S-1-0-0,0x0, ,62461, ,S-1-0-0, ,3, , ,0xc0000064,%%2313,0xc000006d, , , , , , , , , , , , , , , , , , , , , , , , , , , , , , , , , , , , , , , , , , , , , , , , , , , , , , , , , , , , , , , , , , , , 
wazuh-alerts-4.x-2026.06.28,wJaqDJ8BLZf6xaoatyVD,1,1,192.168.56.104,WindowsAgent1,001,wazuh-server,false,3,"[""10.2.5""]","[""164.312.b""]","[""CC6.8"",""CC7.2"",""CC7.3""]",Windows Workstation Logon Success,"[""windows"",""windows_security"",""authentication_success""]","[""AU.14"",""AC.9""]","[""IV_32.2""]",26,"[""Valid Accounts""]","[""T1078""]","[""Defense Evasion"",""Persistence"",""Privilege Escalation"",""Initial Access""]",60118,"[""7.1"",""7.2""]",windows_eventchannel, ,log,"Jun 27, 2026 @ 22:19:01.215",EventChannel,1782623941.1329486,"Jun 27, 2026 @ 22:19:01.215", , , , , , , , , , , , , , , , , , , , , , , , , ,4624, ,0x8020000000000000,{54849625-5478-4994-a5ba-3e3b0328c30d},0,Security,0,"""An account was successfully logged on.

Subject:
	Security ID:		S-1-5-18
	Account Name:		DESKTOP-EEL8CND$
	Account Domain:		WORKGROUP
	Logon ID:		0x3E7

Logon Information:
	Logon Type:		2
	Restricted Admin Mode:	-
	Virtual Account:		No
	Elevated Token:		No

Impersonation Level:		Impersonation

New Logon:
	Security ID:		S-1-5-21-788187308-2363564387-3173935200-1001
	Account Name:		Arcz
	Account Domain:		DESKTOP-EEL8CND
	Logon ID:		0x1FA55FEE
	Linked Logon ID:		0x1FA55FC8
	Network Account Name:	-
	Network Account Domain:	-
	Logon GUID:		{00000000-0000-0000-0000-000000000000}

Process Information:
	Process ID:		0x8b0
	Process Name:		C:\Windows\System32\svchost.exe

Network Information:
	Workstation Name:	DESKTOP-EEL8CND
	Source Network Address:	127.0.0.1
	Source Port:		0

Detailed Authentication Information:
	Logon Process:		User32 
	Authentication Package:	Negotiate
	Transited Services:	-
	Package Name (NTLM only):	-
	Key Length:		0

This event is generated when a logon session is created. It is generated on the computer that was accessed.

The subject fields indicate the account on the local system which requested the logon. This is most commonly a service such as the Server service, or a local process such as Winlogon.exe or Services.exe.

The logon type field indicates the kind of logon that occurred. The most common types are 2 (interactive) and 3 (network).

The New Logon fields indicate the account for whom the new logon was created, i.e. the account that was logged on.

The network fields indicate where a remote logon request originated. Workstation name is not always available and may be left blank in some cases.

The impersonation level field indicates the extent to which a process in the logon session can impersonate.

The authentication information fields provide detailed information about this specific logon request.
	- Logon GUID is a unique identifier that can be used to correlate this event with a KDC event.
	- Transited services indicate which intermediate services have participated in this logon request.
	- Package name indicates which sub-protocol was used among the NTLM protocols.
	- Key length indicates the length of the generated session key. This will be 0 if no session key was requested.""",2,2026-06-26T02:16:18.7217422Z,292430,2384,DESKTOP-EEL8CND,12544,968,AUDIT_SUCCESS,Microsoft-Windows-Security-Auditing, , , , , , , , , , , , ,0x3e7,WORKGROUP,0x1fa55fc8,%%1833,127.0.0.1,Negotiate,DESKTOP-EEL8CND,0x1fa55fee,User32,{00000000-0000-0000-0000-000000000000},Arcz,0,%%1843,S-1-5-18,0x8b0,C:\\Windows\\System32\\svchost.exe,0,DESKTOP-EEL8CND,S-1-5-21-788187308-2363564387-3173935200-1001,%%1843,2,DESKTOP-EEL8CND$, , , , , , , , , , , , , , , , , , , , , , , , , , , , , , , , , , , , , , , , , , , , , , , , , , , , , , , , , , , , , , , , , , , , , , , , 
wazuh-alerts-4.x-2026.06.28,wZaqDJ8BLZf6xaoatyVD,1,1,192.168.56.104,WindowsAgent1,001,wazuh-server,false,3, , , ,Special privileges assigned to new logon.,"[""windows"","" WEF""]", , ,13,"[""Domain Policy Modification""]","[""T1484""]","[""Defense Evasion"",""Privilege Escalation""]",67028, ,windows_eventchannel, ,log,"Jun 27, 2026 @ 22:19:01.217",EventChannel,1782623941.1337236,"Jun 27, 2026 @ 22:19:01.217", , , , , , , , , , , , , , , , , , , , , , , , , ,4672, ,0x8020000000000000,{54849625-5478-4994-a5ba-3e3b0328c30d},0,Security,0,"""Special privileges assigned to new logon.

Subject:
	Security ID:		S-1-5-21-788187308-2363564387-3173935200-1001
	Account Name:		Arcz
	Account Domain:		DESKTOP-EEL8CND
	Logon ID:		0x1FA55FC8

Privileges:		SeSecurityPrivilege
			SeTakeOwnershipPrivilege
			SeLoadDriverPrivilege
			SeBackupPrivilege
			SeRestorePrivilege
			SeDebugPrivilege
			SeSystemEnvironmentPrivilege
			SeImpersonatePrivilege
			SeDelegateSessionUserImpersonatePrivilege""",0,2026-06-26T02:16:18.7217483Z,292431,2384,DESKTOP-EEL8CND,12548,968,AUDIT_SUCCESS,Microsoft-Windows-Security-Auditing, , , , , , , , , , , , ,0x1fa55fc8,DESKTOP-EEL8CND, , , , , , , , , , , ,S-1-5-21-788187308-2363564387-3173935200-1001, , , , , , , ,Arcz,SeSecurityPrivilege     SeTakeOwnershipPrivilege     SeLoadDriverPrivilege     SeBackupPrivilege     SeRestorePrivilege     SeDebugPrivilege     SeSystemEnvironmentPrivilege     SeImpersonatePrivilege     SeDelegateSessionUserImpersonatePrivilege, , , , , , , , , , , , , , , , , , , , , , , , , , , , , , , , , , , , , , , , , , , , , , , , , , , , , , , , , , , , , , , , , , , , , , , 
wazuh-alerts-4.x-2026.06.28,xJaqDJ8BLZf6xaoauyUj,1,1,192.168.56.104,WindowsAgent1,001,wazuh-server,false,5,"[""10.2.4"",""10.2.5""]","[""164.312.b""]","[""CC6.1"",""CC6.8"",""CC7.2"",""CC7.3""]",Logon Failure - Unknown user or bad password,"[""windows"",""windows_security"",""authentication_failed""]","[""AU.14"",""AC.7""]","[""IV_35.7.d"",""IV_32.2""]",13,"[""Account Access Removal""]","[""T1531""]","[""Impact""]",60122,"[""7.1""]",windows_eventchannel, ,log,"Jun 27, 2026 @ 22:19:02.429",EventChannel,1782623942.1345067,"Jun 27, 2026 @ 22:19:02.429", , , , , , , , , , , , , , , , , , , , , , , , , ,4625, ,0x8010000000000000,{54849625-5478-4994-a5ba-3e3b0328c30d},0,Security,0,"""An account failed to log on.

Subject:
	Security ID:		S-1-5-18
	Account Name:		DESKTOP-EEL8CND$
	Account Domain:		WORKGROUP
	Logon ID:		0x3E7

Logon Type:			2

Account For Which Logon Failed:
	Security ID:		S-1-0-0
	Account Name:		Arcz
	Account Domain:		DESKTOP-EEL8CND

Failure Information:
	Failure Reason:		Unknown user name or bad password.
	Status:			0xC000006D
	Sub Status:		0xC000006A

Process Information:
	Caller Process ID:	0x8b0
	Caller Process Name:	C:\Windows\System32\svchost.exe

Network Information:
	Workstation Name:	DESKTOP-EEL8CND
	Source Network Address:	127.0.0.1
	Source Port:		0

Detailed Authentication Information:
	Logon Process:		User32 
	Authentication Package:	Negotiate
	Transited Services:	-
	Package Name (NTLM only):	-
	Key Length:		0

This event is generated when a logon request fails. It is generated on the computer where access was attempted.

The Subject fields indicate the account on the local system which requested the logon. This is most commonly a service such as the Server service, or a local process such as Winlogon.exe or Services.exe.

The Logon Type field indicates the kind of logon that was requested. The most common types are 2 (interactive) and 3 (network).

The Process Information fields indicate which account and process on the system requested the logon.

The Network Information fields indicate where a remote logon request originated. Workstation name is not always available and may be left blank in some cases.

The authentication information fields provide detailed information about this specific logon request.
	- Transited services indicate which intermediate services have participated in this logon request.
	- Package name indicates which sub-protocol was used among the NTLM protocols.
	- Key length indicates the length of the generated session key. This will be 0 if no session key was requested.""",0,2026-06-26T02:44:27.2691822Z,292829,2384,DESKTOP-EEL8CND,12544,968,AUDIT_FAILURE,Microsoft-Windows-Security-Auditing, , , , , , , , , , , , ,0x3e7,WORKGROUP, , ,127.0.0.1,Negotiate,DESKTOP-EEL8CND, ,User32, ,Arcz,0, ,S-1-5-18,0x8b0,C:\\Windows\\System32\\svchost.exe,0,DESKTOP-EEL8CND,S-1-0-0, ,2,DESKTOP-EEL8CND$, ,0xc000006a,%%2313,0xc000006d, , , , , , , , , , , , , , , , , , , , , , , , , , , , , , , , , , , , , , , , , , , , , , , , , , , , , , , , , , , , , , , , , , , , 
wazuh-alerts-4.x-2026.06.28,xZaqDJ8BLZf6xaoauyUj,1,1,192.168.56.104,WindowsAgent1,001,wazuh-server,false,3,"[""10.2.5""]","[""164.312.b""]","[""CC6.8"",""CC7.2"",""CC7.3""]",Windows Workstation Logon Success,"[""windows"",""windows_security"",""authentication_success""]","[""AU.14"",""AC.9""]","[""IV_32.2""]",27,"[""Valid Accounts""]","[""T1078""]","[""Defense Evasion"",""Persistence"",""Privilege Escalation"",""Initial Access""]",60118,"[""7.1"",""7.2""]",windows_eventchannel, ,log,"Jun 27, 2026 @ 22:19:02.434",EventChannel,1782623942.1351696,"Jun 27, 2026 @ 22:19:02.434", , , , , , , , , , , , , , , , , , , , , , , , , ,4624, ,0x8020000000000000,{54849625-5478-4994-a5ba-3e3b0328c30d},0,Security,0,"""An account was successfully logged on.

Subject:
	Security ID:		S-1-5-18
	Account Name:		DESKTOP-EEL8CND$
	Account Domain:		WORKGROUP
	Logon ID:		0x3E7

Logon Information:
	Logon Type:		2
	Restricted Admin Mode:	-
	Virtual Account:		No
	Elevated Token:		Yes

Impersonation Level:		Impersonation

New Logon:
	Security ID:		S-1-5-21-788187308-2363564387-3173935200-1001
	Account Name:		Arcz
	Account Domain:		DESKTOP-EEL8CND
	Logon ID:		0x1FD5300D
	Linked Logon ID:		0x1FD53033
	Network Account Name:	-
	Network Account Domain:	-
	Logon GUID:		{00000000-0000-0000-0000-000000000000}

Process Information:
	Process ID:		0x8b0
	Process Name:		C:\Windows\System32\svchost.exe

Network Information:
	Workstation Name:	DESKTOP-EEL8CND
	Source Network Address:	127.0.0.1
	Source Port:		0

Detailed Authentication Information:
	Logon Process:		User32 
	Authentication Package:	Negotiate
	Transited Services:	-
	Package Name (NTLM only):	-
	Key Length:		0

This event is generated when a logon session is created. It is generated on the computer that was accessed.

The subject fields indicate the account on the local system which requested the logon. This is most commonly a service such as the Server service, or a local process such as Winlogon.exe or Services.exe.

The logon type field indicates the kind of logon that occurred. The most common types are 2 (interactive) and 3 (network).

The New Logon fields indicate the account for whom the new logon was created, i.e. the account that was logged on.

The network fields indicate where a remote logon request originated. Workstation name is not always available and may be left blank in some cases.

The impersonation level field indicates the extent to which a process in the logon session can impersonate.

The authentication information fields provide detailed information about this specific logon request.
	- Logon GUID is a unique identifier that can be used to correlate this event with a KDC event.
	- Transited services indicate which intermediate services have participated in this logon request.
	- Package name indicates which sub-protocol was used among the NTLM protocols.
	- Key length indicates the length of the generated session key. This will be 0 if no session key was requested.""",2,2026-06-26T02:44:30.1289977Z,292831,19472,DESKTOP-EEL8CND,12544,968,AUDIT_SUCCESS,Microsoft-Windows-Security-Auditing, , , , , , , , , , , , ,0x3e7,WORKGROUP,0x1fd53033,%%1833,127.0.0.1,Negotiate,DESKTOP-EEL8CND,0x1fd5300d,User32,{00000000-0000-0000-0000-000000000000},Arcz,0,%%1842,S-1-5-18,0x8b0,C:\\Windows\\System32\\svchost.exe,0,DESKTOP-EEL8CND,S-1-5-21-788187308-2363564387-3173935200-1001,%%1843,2,DESKTOP-EEL8CND$, , , , , , , , , , , , , , , , , , , , , , , , , , , , , , , , , , , , , , , , , , , , , , , , , , , , , , , , , , , , , , , , , , , , , , , , 
wazuh-alerts-4.x-2026.06.28,yJaqDJ8BLZf6xaoavyUY,1,1,192.168.56.104,WindowsAgent1,001,wazuh-server,false,3, , , ,Non service account logged off.,"[""windows"","" WEF""]", , ,27, , , ,67023, ,windows_eventchannel, ,log,"Jun 27, 2026 @ 22:19:02.449",EventChannel,1782623942.1370255,"Jun 27, 2026 @ 22:19:02.449", , , , , , , , , , , , , , , , , , , , , , , , , ,4634, ,0x8020000000000000,{54849625-5478-4994-a5ba-3e3b0328c30d},0,Security,0,"""An account was logged off.

Subject:
	Security ID:		S-1-5-21-788187308-2363564387-3173935200-1001
	Account Name:		Arcz
	Account Domain:		DESKTOP-EEL8CND
	Logon ID:		0x1FD5300D

Logon Type:			2

This event is generated when a logon session is destroyed. It may be positively correlated with a logon event using the Logon ID value. Logon IDs are only unique between reboots on the same computer.""",0,2026-06-26T02:44:30.1298561Z,292835,2384,DESKTOP-EEL8CND,12545,968,AUDIT_SUCCESS,Microsoft-Windows-Security-Auditing, , , , , , , , , , , , , , , , , , , ,0x1fd5300d, , ,Arcz, , , , , , ,DESKTOP-EEL8CND,S-1-5-21-788187308-2363564387-3173935200-1001, ,2, , , , , , , , , , , , , , , , , , , , , , , , , , , , , , , , , , , , , , , , , , , , , , , , , , , , , , , , , , , , , , , , , , , , , , , , , 
wazuh-alerts-4.x-2026.06.28,zJaqDJ8BLZf6xaoavyUY,1,1,192.168.56.104,WindowsAgent1,001,wazuh-server,false,3, , , ,Special privileges assigned to new logon.,"[""windows"","" WEF""]", , ,15,"[""Domain Policy Modification""]","[""T1484""]","[""Defense Evasion"",""Privilege Escalation""]",67028, ,windows_eventchannel, ,log,"Jun 27, 2026 @ 22:19:03.068",EventChannel,1782623943.1390539,"Jun 27, 2026 @ 22:19:03.068", , , , , , , , , , , , , , , , , , , , , , , , , ,4672, ,0x8020000000000000,{54849625-5478-4994-a5ba-3e3b0328c30d},0,Security,0,"""Special privileges assigned to new logon.

Subject:
	Security ID:		S-1-5-21-788187308-2363564387-3173935200-1001
	Account Name:		Arcz
	Account Domain:		DESKTOP-EEL8CND
	Logon ID:		0x1FE88CE1

Privileges:		SeSecurityPrivilege
			SeTakeOwnershipPrivilege
			SeLoadDriverPrivilege
			SeBackupPrivilege
			SeRestorePrivilege
			SeDebugPrivilege
			SeSystemEnvironmentPrivilege
			SeImpersonatePrivilege
			SeDelegateSessionUserImpersonatePrivilege""",0,2026-06-26T03:01:34.4987448Z,293041,15276,DESKTOP-EEL8CND,12548,968,AUDIT_SUCCESS,Microsoft-Windows-Security-Auditing, , , , , , , , , , , , ,0x1fe88ce1,DESKTOP-EEL8CND, , , , , , , , , , , ,S-1-5-21-788187308-2363564387-3173935200-1001, , , , , , , ,Arcz,SeSecurityPrivilege     SeTakeOwnershipPrivilege     SeLoadDriverPrivilege     SeBackupPrivilege     SeRestorePrivilege     SeDebugPrivilege     SeSystemEnvironmentPrivilege     SeImpersonatePrivilege     SeDelegateSessionUserImpersonatePrivilege, , , , , , , , , , , , , , , , , , , , , , , , , , , , , , , , , , , , , , , , , , , , , , , , , , , , , , , , , , , , , , , , , , , , , , , 
wazuh-alerts-4.x-2026.06.28,0paqDJ8BLZf6xaoawiX5,1,1,192.168.56.104,WindowsAgent1,001,wazuh-server,false,3, , , ,Non service account logged off.,"[""windows"","" WEF""]", , ,31, , , ,67023, ,windows_eventchannel, ,log,"Jun 27, 2026 @ 22:19:04.090",EventChannel,1782623944.1416927,"Jun 27, 2026 @ 22:19:04.090", , , , , , , , , , , , , , , , , , , , , , , , , ,4634, ,0x8020000000000000,{54849625-5478-4994-a5ba-3e3b0328c30d},0,Security,0,"""An account was logged off.

Subject:
	Security ID:		S-1-5-21-788187308-2363564387-3173935200-1001
	Account Name:		Arcz
	Account Domain:		DESKTOP-EEL8CND
	Logon ID:		0x20035C94

Logon Type:			2

This event is generated when a logon session is destroyed. It may be positively correlated with a logon event using the Logon ID value. Logon IDs are only unique between reboots on the same computer.""",0,2026-06-26T04:31:22.6794964Z,293382,21772,DESKTOP-EEL8CND,12545,968,AUDIT_SUCCESS,Microsoft-Windows-Security-Auditing, , , , , , , , , , , , , , , , , , , ,0x20035c94, , ,Arcz, , , , , , ,DESKTOP-EEL8CND,S-1-5-21-788187308-2363564387-3173935200-1001, ,2, , , , , , , , , , , , , , , , , , , , , , , , , , , , , , , , , , , , , , , , , , , , , , , , , , , , , , , , , , , , , , , , , , , , , , , , , 
wazuh-alerts-4.x-2026.06.28,2papDJ8BLZf6xaoahiP7,1,1,192.168.56.103,WindowsAgent1,001,wazuh-server,false,3,"[""10.6.1"",""10.2.6""]","[""164.312.b""]","[""CC7.2"",""CC7.3"",""CC6.8""]",Wazuh agent started.,"[""ossec""]","[""AU.6"",""AU.14"",""AU.5""]","[""IV_35.7.d""]",1, , , ,503,"[""10.1""]",ossec,ossec: Agent started: 'WindowsAgent1->any'.,log,"Jun 27, 2026 @ 22:17:41.705",wazuh-agent,1782623861.0,"Jun 27, 2026 @ 22:17:41.705", , , , , , , , , , , , , , , , , , , , , , , , , , , , , , , , , , , , , , , , , , ,WindowsAgent1->any,ossec, , , , , , , , , , , , , , , , , , , , , , , , , , , , , , , , , , , , , , , , , , , , , , , , , , , , , , , , , , , , , , , , , , , , , , , , , , , , , , , , , , , , , , , , , , , , , , , , , , , , , , , , 
wazuh-alerts-4.x-2026.06.28,3ZapDJ8BLZf6xaoajyNo,1,1,192.168.56.103,WindowsAgent1,001,wazuh-server,false,7, , , ,SessionEnv was unavailable to handle a critical notification event.,"[""windows"",""windows_application""]", , ,1, , , ,60776, ,windows_eventchannel, ,log,"Jun 27, 2026 @ 22:17:44.243",EventChannel,1782623864.4532,"Jun 27, 2026 @ 22:17:44.243", , , , , , , , , , , , , , , , , , , , , , , , , ,6003,Wlclntfy,0x80000000000000,{DBE9B383-7CF3-4331-91CC-A3CB16A3B538},4,Application,0,"""The winlogon notification subscriber <SessionEnv> was unavailable to handle a critical notification event.""",0,2026-06-10T04:47:31.4545974Z,6132,0,DESKTOP-EEL8CND,0,0,INFORMATION,Microsoft-Windows-Winlogon, , , , ,SessionEnv, , , ,D9060000, , , , , , , , , , , , , , , , , , , , , , , , , , , , , , , , , , , , , , , , , , , , , , , , , , , , , , , , , , , , , , , , , , , , , , , , , , , , , , , , , , , , , , , , , , , , , , , , , 
wazuh-alerts-4.x-2026.06.28,3papDJ8BLZf6xaoajyNo,1,1,192.168.56.103,WindowsAgent1,001,wazuh-server,false,5, , , ,SessionEnv was unavailable to handle a notification event.,"[""windows"",""windows_application""]", , ,1, , , ,60775, ,windows_eventchannel, ,log,"Jun 27, 2026 @ 22:17:44.317",EventChannel,1782623864.6071,"Jun 27, 2026 @ 22:17:44.317", , , , , , , , , , , , , , , , , , , , , , , , , ,6000,Wlclntfy,0x80000000000000,{DBE9B383-7CF3-4331-91CC-A3CB16A3B538},4,Application,0,"""The winlogon notification subscriber <SessionEnv> was unavailable to handle a notification event.""",0,2026-06-10T04:47:33.0178916Z,6136,0,DESKTOP-EEL8CND,0,0,INFORMATION,Microsoft-Windows-Winlogon, , , , ,SessionEnv, , , ,D9060000, , , , , , , , , , , , , , , , , , , , , , , , , , , , , , , , , , , , , , , , , , , , , , , , , , , , , , , , , , , , , , , , , , , , , , , , , , , , , , , , , , , , , , , , , , , , , , , , , 
wazuh-alerts-4.x-2026.06.28,35apDJ8BLZf6xaoajyNo,1,1,192.168.56.103,WindowsAgent1,001,wazuh-server,false,9, , , ,Windows application error event.,"[""windows"",""windows_application"",""system_error""]", ,"[""IV_35.7.d""]",1, , , ,60602,"[""4.3""]",windows_eventchannel, ,log,"Jun 27, 2026 @ 22:17:44.374",EventChannel,1782623864.7583,"Jun 27, 2026 @ 22:17:44.374", , , , , , , , , , , , , , , , , , , , , , , , , ,87,CertEnroll,0x80000000000000,{54164045-7C50-4905-963F-E5BC1EEF0CCA},2,Application,0,"""SCEP Certificate enrollment for WORKGROUP\DESKTOP-EEL8CND$ via https://IFX-KeyId-32c6e576663fee80d64cdd7b18e5603863b3bc8a.microsoftaik.azure.net/templates/Aik/scep failed:

SubmitDone
Submit(Request): Bad Request
{""Message"":""Request subject public key information cannot be verified, rejecting request. TPM firmware needs update.""}
HTTP/1.1 400 Bad Request
Date: Tue, 09 Jun 2026 16:47:46 GMT
Content-Length: 118
Content-Type: application/json; charset=utf-8
X-Content-Type-Options: nosniff
Strict-Transport-Security: max-age=31536000;includeSubDomains
x-ms-request-id: c8fd741a-7632-4168-a2dc-0020d61dcb42

Method: POST(12563ms)
Stage: SubmitDone
Bad request (400). 0x80190190 (-2145844848 HTTP_E_STATUS_BAD_REQUEST)""",0,2026-06-10T04:47:41.2158912Z,6140,0,DESKTOP-EEL8CND,0,0,ERROR,Microsoft-Windows-CertificateServicesClient-CertEnroll, , , , , , , , , , , , , , , , , , , , , , , , , , , , , , , , , , , , , , ,"SubmitDone Submit(Request): Bad Request {\""Message\"":\""Request subject public key information cannot be verified, rejecting request. TPM firmware needs update.\""} HTTP/1.1 400 Bad Request Date: Tue, 09 Jun 2026 16:47:46 GMT Content-Length: 118 Content-Type: application/json; charset=utf-8 X-Content-Type-Options: nosniff Strict-Transport-Security: max-age=31536000;includeSubDomains x-ms-request-id: c8fd741a-7632-4168-a2dc-0020d61dcb42",POST(12563ms),SubmitDone,WORKGROUP\\DESKTOP-EEL8CND$,Bad request (400). 0x80190190 (-2145844848 HTTP_E_STATUS_BAD_REQUEST),https://IFX-KeyId-32c6e576663fee80d64cdd7b18e5603863b3bc8a.microsoftaik.azure.net/templates/Aik/scep, , , , , , , , , , , , , , , , , , , , , , , , , , , , , , , , , , , , , , , , , , , , , , , , , , , , , , , , , , , , , , 
wazuh-alerts-4.x-2026.06.28,45apDJ8BLZf6xaoajyNo,1,1,192.168.56.103,WindowsAgent1,001,wazuh-server,false,4, , , ,Summary event of the report's signatures.,"[""windows"",""windows_application""]", , ,3, , , ,60608, ,windows_eventchannel, ,log,"Jun 27, 2026 @ 22:17:44.658",EventChannel,1782623864.22977,"Jun 27, 2026 @ 22:17:44.658", , , , , , , , , , , , , , , , , , , , , , , , , ,1001, ,0x80000000000000, ,4,Application,0,"""Fault bucket AV_nvlddmkm!clientRefIter, type 0
Event Name: BlueScreen
Response: Not available
Cab Id: e9ae196a-2f0f-4eae-9a5f-1e47898ca3f1

Problem signature:
P1: 1000007e
P2: ffffffffc0000005
P3: fffff80785fbc8f7
P4: ffffa58be03d4ba8
P5: ffffa58be03d43e0
P6: 10_0_19045
P7: 0_0
P8: 256_1
P9: 
P10: 

Attached files:
\\?\C:\Windows\Minidump\060926-26734-01.dmp
\\?\C:\Windows\TEMP\WER-49734-0.sysdata.xml
\\?\C:\ProgramData\Microsoft\Windows\WER\Temp\WERFDF7.tmp.WERInternalMetadata.xml
\\?\C:\ProgramData\Microsoft\Windows\WER\Temp\WERFED3.tmp.xml
\\?\C:\ProgramData\Microsoft\Windows\WER\Temp\WERFFCC.tmp.csv
\\?\C:\ProgramData\Microsoft\Windows\WER\Temp\WERB.tmp.txt
\\?\C:\Windows\Temp\WER3D4E.tmp.WERDataCollectionStatus.txt

These files may be available here:
\\?\C:\ProgramData\Microsoft\Windows\WER\ReportQueue\Kernel_1000007e_56524b623ec88a7513f4bc9ac2fb71de95338f14_00000000_cab_b5cfbcfd-b4d1-4864-8a66-5fe71e4d688a

Analysis symbol: 
Rechecking for solution: 0
Report Id: d8ff075a-c91c-4d3d-89ea-e822886154a8
Report Status: 16484
Hashed bucket: 
Cab Guid: 0""",0,2026-06-10T04:49:05.9498981Z,6153,0,DESKTOP-EEL8CND,0,0,INFORMATION,Windows Error Reporting, , , , ,"AV_nvlddmkm!clientRefIter, 0, BlueScreen, Not available, e9ae196a-2f0f-4eae-9a5f-1e47898ca3f1, 1000007e, ffffffffc0000005, fffff80785fbc8f7, ffffa58be03d4ba8, ffffa58be03d43e0, 10_0_19045, 0_0, 256_1,   \\\\?\\C:\\Windows\\Minidump\\060926-26734-01.dmp  \\\\?\\C:\\Windows\\TEMP\\WER-49734-0.sysdata.xml  \\\\?\\C:\\ProgramData\\Microsoft\\Windows\\WER\\Temp\\WERFDF7.tmp.WERInternalMetadata.xml  \\\\?\\C:\\ProgramData\\Microsoft\\Windows\\WER\\Temp\\WERFED3.tmp.xml  \\\\?\\C:\\ProgramData\\Microsoft\\Windows\\WER\\Temp\\WERFFCC.tmp.csv  \\\\?\\C:\\ProgramData\\Microsoft\\Windows\\WER\\Temp\\WERB.tmp.txt  \\\\?\\C:\\Windows\\Temp\\WER3D4E.tmp.WERDataCollectionStatus.txt, \\\\?\\C:\\ProgramData\\Microsoft\\Windows\\WER\\ReportQueue\\Kernel_1000007e_56524b623ec88a7513f4bc9ac2fb71de95338f14_00000000_cab_b5cfbcfd-b4d1-4864-8a66-5fe71e4d688a, 0, d8ff075a-c91c-4d3d-89ea-e822886154a8, 16484, 0", , , , , , , , , , , , , , , , , , , , , , , , , , , , , , , , , , , , , , , , , , , , , , , , , , , , , , , , , , , , , , , , , , , , , , , , , , , , , , , , , , , , , , , , , , , , , , , , , , , , , 
wazuh-alerts-4.x-2026.06.28,5ZapDJ8BLZf6xaoajyNp,1,1,192.168.56.103,WindowsAgent1,001,wazuh-server,false,3, , , ,Software protection service scheduled successfully.,"[""windows"",""windows_application""]", , ,2, , , ,60642, ,windows_eventchannel, ,log,"Jun 27, 2026 @ 22:17:44.824",EventChannel,1782623864.30338,"Jun 27, 2026 @ 22:17:44.824", , , , , , , , , , , , , , , , , , , , , , , , , ,16384,Software Protection Platform Service,0x80000000000000,{E23B33B0-C8C9-472C-A5F9-F2BDFEA0F156},4,Application,0,"""Successfully scheduled Software Protection service for re-start at 2126-05-17T04:49:40Z. Reason: RulesEngine.""",0,2026-06-10T04:49:41.0054376Z,6161,0,DESKTOP-EEL8CND,0,0,INFORMATION,Microsoft-Windows-Security-SPP, , , , ,"2126-05-17T04:49:40Z, RulesEngine", , , , , , , , , , , , , , , , , , , , , , , , , , , , , , , , , , , , , , , , , , , , , , , , , , , , , , , , , , , , , , , , , , , , , , , , , , , , , , , , , , , , , , , , , , , , , , , , , , , , , 
wazuh-alerts-4.x-2026.06.28,5papDJ8BLZf6xaoajyNp,1,1,192.168.56.103,WindowsAgent1,001,wazuh-server,false,5, , , ,Windows System error event,"[""windows"",""windows_system"",""system_error""]", ,"[""IV_35.7.d""]",2, , , ,61102,"[""4.3""]",windows_eventchannel, ,log,"Jun 27, 2026 @ 22:17:44.825",EventChannel,1782623864.31929,"Jun 27, 2026 @ 22:17:44.825", , , , , , , , , , , , , , , , , , , , , , , ,Intel® SGX AESM,%%2147500037,7023,Service Control Manager,0x8080000000000000,{555908d1-a6d7-4695-8e1e-26931d2012f4},2,System,0,"""The Intel® SGX AESM service terminated with the following error: 
Unspecified error""",0,2026-06-10T04:49:15.0034897Z,10482,7468,DESKTOP-EEL8CND,0,928,ERROR,Service Control Manager, , , , , , , , ,4100450053004D0053006500720076006900630065000000, , , , , , , , , , , , , , , , , , , , , , , , , , , , , , , , , , , , , , , , , , , , , , , , , , , , , , , , , , , , , , , , , , , , , , , , , , , , , , , , , , , , , , , , , , , , , , , , , 
wazuh-alerts-4.x-2026.06.28,55apDJ8BLZf6xaoajyNp,1,1,192.168.56.103,WindowsAgent1,001,wazuh-server,false,4, , , ,Summary event of the report's signatures.,"[""windows"",""windows_application""]", , ,4, , , ,60608, ,windows_eventchannel, ,log,"Jun 27, 2026 @ 22:17:44.828",EventChannel,1782623864.33594,"Jun 27, 2026 @ 22:17:44.828", , , , , , , , , , , , , , , , , , , , , , , , , ,1001, ,0x80000000000000, ,4,Application,0,"""Fault bucket , type 0
Event Name: BlueScreen
Response: Not available
Cab Id: 0

Problem signature:
P1: 1000007e
P2: ffffffffc0000005
P3: fffff80785fbc8f7
P4: ffffa58be03d4ba8
P5: ffffa58be03d43e0
P6: 10_0_19045
P7: 0_0
P8: 256_1
P9: 
P10: 

Attached files:
\\?\C:\Windows\Minidump\060926-26734-01.dmp
\\?\C:\Windows\TEMP\WER-49734-0.sysdata.xml
\\?\C:\ProgramData\Microsoft\Windows\WER\Temp\WERFDF7.tmp.WERInternalMetadata.xml
\\?\C:\ProgramData\Microsoft\Windows\WER\Temp\WERFED3.tmp.xml
\\?\C:\ProgramData\Microsoft\Windows\WER\Temp\WERFFCC.tmp.csv
\\?\C:\ProgramData\Microsoft\Windows\WER\Temp\WERB.tmp.txt
\\?\C:\Windows\Temp\WER3D4E.tmp.WERDataCollectionStatus.txt

These files may be available here:
\\?\C:\ProgramData\Microsoft\Windows\WER\ReportQueue\Kernel_1000007e_56524b623ec88a7513f4bc9ac2fb71de95338f14_00000000_cab_b5cfbcfd-b4d1-4864-8a66-5fe71e4d688a

Analysis symbol: 
Rechecking for solution: 0
Report Id: d8ff075a-c91c-4d3d-89ea-e822886154a8
Report Status: 16484
Hashed bucket: 
Cab Guid: 0""",0,2026-06-10T04:50:08.6530326Z,6162,0,DESKTOP-EEL8CND,0,0,INFORMATION,Windows Error Reporting, , , , ,"0, BlueScreen, Not available, 0, 1000007e, ffffffffc0000005, fffff80785fbc8f7, ffffa58be03d4ba8, ffffa58be03d43e0, 10_0_19045, 0_0, 256_1,   \\\\?\\C:\\Windows\\Minidump\\060926-26734-01.dmp  \\\\?\\C:\\Windows\\TEMP\\WER-49734-0.sysdata.xml  \\\\?\\C:\\ProgramData\\Microsoft\\Windows\\WER\\Temp\\WERFDF7.tmp.WERInternalMetadata.xml  \\\\?\\C:\\ProgramData\\Microsoft\\Windows\\WER\\Temp\\WERFED3.tmp.xml  \\\\?\\C:\\ProgramData\\Microsoft\\Windows\\WER\\Temp\\WERFFCC.tmp.csv  \\\\?\\C:\\ProgramData\\Microsoft\\Windows\\WER\\Temp\\WERB.tmp.txt  \\\\?\\C:\\Windows\\Temp\\WER3D4E.tmp.WERDataCollectionStatus.txt, \\\\?\\C:\\ProgramData\\Microsoft\\Windows\\WER\\ReportQueue\\Kernel_1000007e_56524b623ec88a7513f4bc9ac2fb71de95338f14_00000000_cab_b5cfbcfd-b4d1-4864-8a66-5fe71e4d688a, 0, d8ff075a-c91c-4d3d-89ea-e822886154a8, 16484, 0", , , , , , , , , , , , , , , , , , , , , , , , , , , , , , , , , , , , , , , , , , , , , , , , , , , , , , , , , , , , , , , , , , , , , , , , , , , , , , , , , , , , , , , , , , , , , , , , , , , , , 
wazuh-alerts-4.x-2026.06.28,6ZapDJ8BLZf6xaoajyNp,1,1,192.168.56.103,WindowsAgent1,001,wazuh-server,false,5, , , ,Windows System error event,"[""windows"",""windows_system"",""system_error""]", ,"[""IV_35.7.d""]",3, , , ,61102,"[""4.3""]",windows_eventchannel, ,log,"Jun 27, 2026 @ 22:17:44.832",EventChannel,1782623864.40586,"Jun 27, 2026 @ 22:17:44.832", , , , , , , , , , , , , , , , , , , , , , , ,Intel® SGX AESM,%%2147500037,7023,Service Control Manager,0x8080000000000000,{555908d1-a6d7-4695-8e1e-26931d2012f4},2,System,0,"""The Intel® SGX AESM service terminated with the following error: 
Unspecified error""",0,2026-06-10T04:49:20.1562808Z,10484,8668,DESKTOP-EEL8CND,0,928,ERROR,Service Control Manager, , , , , , , , ,4100450053004D0053006500720076006900630065000000, , , , , , , , , , , , , , , , , , , , , , , , , , , , , , , , , , , , , , , , , , , , , , , , , , , , , , , , , , , , , , , , , , , , , , , , , , , , , , , , , , , , , , , , , , , , , , , , , 
wazuh-alerts-4.x-2026.06.28,6papDJ8BLZf6xaoajyNp,1,1,192.168.56.103,WindowsAgent1,001,wazuh-server,false,5, , , ,Intel® SGX AESM terminated unexpectedly,"[""windows"",""windows_system""]", , ,2, , , ,61107, ,windows_eventchannel, ,log,"Jun 27, 2026 @ 22:17:44.833",EventChannel,1782623864.42251,"Jun 27, 2026 @ 22:17:44.833", , , , , , , , , , , , , , , , , , , , ,Restart the service,15000,1,Intel® SGX AESM,2,7031,Service Control Manager,0x8080000000000000,{555908d1-a6d7-4695-8e1e-26931d2012f4},2,System,0,"""The Intel® SGX AESM service terminated unexpectedly.  It has done this 2 time(s).  The following corrective action will be taken in 15000 milliseconds: Restart the service.""",0,2026-06-10T04:49:20.1562808Z,10485,5604,DESKTOP-EEL8CND,0,928,ERROR,Service Control Manager, , , , , , , , ,4100450053004D0053006500720076006900630065000000, , , , , , , , , , , , , , , , , , , , , , , , , , , , , , , , , , , , , , , , , , , , , , , , , , , , , , , , , , , , , , , , , , , , , , , , , , , , , , , , , , , , , , , , , , , , , , , , , 
wazuh-alerts-4.x-2026.06.28,65apDJ8BLZf6xaoajyNp,1,1,192.168.56.103,WindowsAgent1,001,wazuh-server,false,5, , , ,Windows System error event,"[""windows"",""windows_system"",""system_error""]", ,"[""IV_35.7.d""]",4, , , ,61102,"[""4.3""]",windows_eventchannel, ,log,"Jun 27, 2026 @ 22:17:44.839",EventChannel,1782623864.44199,"Jun 27, 2026 @ 22:17:44.839", , , , , , , , , , , , , , , , , , , , , , , ,Intel® SGX AESM,%%2147500037,7023,Service Control Manager,0x8080000000000000,{555908d1-a6d7-4695-8e1e-26931d2012f4},2,System,0,"""The Intel® SGX AESM service terminated with the following error: 
Unspecified error""",0,2026-06-10T04:49:35.3686795Z,10486,8600,DESKTOP-EEL8CND,0,928,ERROR,Service Control Manager, , , , , , , , ,4100450053004D0053006500720076006900630065000000, , , , , , , , , , , , , , , , , , , , , , , , , , , , , , , , , , , , , , , , , , , , , , , , , , , , , , , , , , , , , , , , , , , , , , , , , , , , , , , , , , , , , , , , , , , , , , , , , 
wazuh-alerts-4.x-2026.06.28,7papDJ8BLZf6xaoajyNp,1,1,192.168.56.103,WindowsAgent1,001,wazuh-server,false,3, , , ,The database engine is initiating recovery steps.,"[""windows"",""windows_application""]", , ,1, , , ,60807, ,windows_eventchannel, ,log,"Jun 27, 2026 @ 22:17:44.897",EventChannel,1782623864.48892,"Jun 27, 2026 @ 22:17:44.897", , , , , , , , , , , , , , , , , , , , , , , , , ,300, ,0x80000000000000, ,4,Application,0,"""Video.UI (2308,R,98) {C13BF7D9-30E4-4243-8F21-1C15932442C8}: The database engine is initiating recovery steps.""",0,2026-06-10T04:53:57.2935057Z,6167,0,DESKTOP-EEL8CND,3,0,INFORMATION,ESENT, , , , ,"Video.UI, 2308,R,98, {C13BF7D9-30E4-4243-8F21-1C15932442C8}:", , , , , , , , , , , , , , , , , , , , , , , , , , , , , , , , , , , , , , , , , , , , , , , , , , , , , , , , , , , , , , , , , , , , , , , , , , , , , , , , , , , , , , , , , , , , , , , , , , , , , 
wazuh-alerts-4.x-2026.06.28,'-papDJ8BLZf6xaoajyNq,1,1,192.168.56.103,WindowsAgent1,001,wazuh-server,false,5, , , ,Windows System error event,"[""windows"",""windows_system"",""system_error""]", ,"[""IV_35.7.d""]",9, , , ,61102,"[""4.3""]",windows_eventchannel, ,log,"Jun 27, 2026 @ 22:17:44.976",EventChannel,1782623864.83057,"Jun 27, 2026 @ 22:17:44.976", , , , , , , , , , , , , , , , , , , , , , , , , ,36871, ,0x8000000000000000,{1f678132-5938-4686-9fdc-c8ff68f15c85},2,System,0,"""A fatal error occurred while creating a TLS client credential. The internal error state is 10013.""",0,2026-06-10T05:17:27.7167832Z,10497,1008,DESKTOP-EEL8CND,0,968,ERROR,Schannel, , ,10013,client, , , , , , , , , , , , , , , , , , , , , , , , , , , , , , , , , , , , , , , , , , , , , , , , , , , , , , , , , , , , , , , , , , , , , , , , , , , , , , , , , , , , , , , , , , , , , , , , , , , , , , 
wazuh-alerts-4.x-2026.06.28,'-5apDJ8BLZf6xaoajyNq,1,1,192.168.56.103,WindowsAgent1,001,wazuh-server,false,5, , , ,Windows System error event,"[""windows"",""windows_system"",""system_error""]", ,"[""IV_35.7.d""]",10, , , ,61102,"[""4.3""]",windows_eventchannel, ,log,"Jun 27, 2026 @ 22:17:44.982",EventChannel,1782623864.84459,"Jun 27, 2026 @ 22:17:44.982", , , , , , , , , , , , , , , , , , , , , , , , , ,36871, ,0x8000000000000000,{1f678132-5938-4686-9fdc-c8ff68f15c85},2,System,0,"""A fatal error occurred while creating a TLS client credential. The internal error state is 10013.""",0,2026-06-10T05:17:27.7174557Z,10498,1008,DESKTOP-EEL8CND,0,968,ERROR,Schannel, , ,10013,client, , , , , , , , , , , , , , , , , , , , , , , , , , , , , , , , , , , , , , , , , , , , , , , , , , , , , , , , , , , , , , , , , , , , , , , , , , , , , , , , , , , , , , , , , , , , , , , , , , , , , , 
wazuh-alerts-4.x-2026.06.28,_papDJ8BLZf6xaoajyNq,1,1,192.168.56.103,WindowsAgent1,001,wazuh-server,false,5, , , ,Windows System error event,"[""windows"",""windows_system"",""system_error""]", ,"[""IV_35.7.d""]",13, , , ,61102,"[""4.3""]",windows_eventchannel, ,log,"Jun 27, 2026 @ 22:17:45.007",EventChannel,1782623865.88669,"Jun 27, 2026 @ 22:17:45.007", , , , , , , , , , , , , , , , , , , , , , , , , ,36871, ,0x8000000000000000,{1f678132-5938-4686-9fdc-c8ff68f15c85},2,System,0,"""A fatal error occurred while creating a TLS client credential. The internal error state is 10013.""",0,2026-06-10T05:17:27.8646442Z,10501,2384,DESKTOP-EEL8CND,0,968,ERROR,Schannel, , ,10013,client, , , , , , , , , , , , , , , , , , , , , , , , , , , , , , , , , , , , , , , , , , , , , , , , , , , , , , , , , , , , , , , , , , , , , , , , , , , , , , , , , , , , , , , , , , , , , , , , , , , , , , 
wazuh-alerts-4.x-2026.06.28,AJapDJ8BLZf6xaoajyRs,1,1,192.168.56.103,WindowsAgent1,001,wazuh-server,false,3, , , ,Software protection service scheduled successfully.,"[""windows"",""windows_application""]", , ,4, , , ,60642, ,windows_eventchannel, ,log,"Jun 27, 2026 @ 22:17:45.015",EventChannel,1782623865.91473,"Jun 27, 2026 @ 22:17:45.015", , , , , , , , , , , , , , , , , , , , , , , , , ,16384,Software Protection Platform Service,0x80000000000000,{E23B33B0-C8C9-472C-A5F9-F2BDFEA0F156},4,Application,0,"""Successfully scheduled Software Protection service for re-start at 2126-05-17T22:37:53Z. Reason: RulesEngine.""",0,2026-06-10T22:37:53.7506414Z,6194,0,DESKTOP-EEL8CND,0,0,INFORMATION,Microsoft-Windows-Security-SPP, , , , ,"2126-05-17T22:37:53Z, RulesEngine", , , , , , , , , , , , , , , , , , , , , , , , , , , , , , , , , , , , , , , , , , , , , , , , , , , , , , , , , , , , , , , , , , , , , , , , , , , , , , , , , , , , , , , , , , , , , , , , , , , , , 
wazuh-alerts-4.x-2026.06.28,f5apDJ8BLZf6xaoa7yX1,1,1,192.168.56.104,WindowsAgent1,001,wazuh-server,false,3,"[""10.2.5""]","[""164.312.b""]","[""CC6.8"",""CC7.2"",""CC7.3""]",Windows Workstation Logon Success,"[""windows"",""windows_security"",""authentication_success""]","[""AU.14"",""AC.9""]","[""IV_32.2""]",4,"[""Valid Accounts""]","[""T1078""]","[""Defense Evasion"",""Persistence"",""Privilege Escalation"",""Initial Access""]",60118,"[""7.1"",""7.2""]",windows_eventchannel, ,log,"Jun 27, 2026 @ 22:18:10.008",EventChannel,1782623890.992984,"Jun 27, 2026 @ 22:18:10.008", , , , , , , , , , , , , , , , , , , , , , , , , ,4624, ,0x8020000000000000,{54849625-5478-4994-a5ba-3e3b0328c30d},0,Security,0,"""An account was successfully logged on.

Subject:
	Security ID:		S-1-5-18
	Account Name:		DESKTOP-EEL8CND$
	Account Domain:		WORKGROUP
	Logon ID:		0x3E7

Logon Information:
	Logon Type:		2
	Restricted Admin Mode:	-
	Virtual Account:		No
	Elevated Token:		No

Impersonation Level:		Impersonation

New Logon:
	Security ID:		S-1-5-21-788187308-2363564387-3173935200-1001
	Account Name:		Arcz
	Account Domain:		DESKTOP-EEL8CND
	Logon ID:		0x1A155641
	Linked Logon ID:		0x1A15558D
	Network Account Name:	-
	Network Account Domain:	-
	Logon GUID:		{00000000-0000-0000-0000-000000000000}

Process Information:
	Process ID:		0x8b0
	Process Name:		C:\Windows\System32\svchost.exe

Network Information:
	Workstation Name:	DESKTOP-EEL8CND
	Source Network Address:	127.0.0.1
	Source Port:		0

Detailed Authentication Information:
	Logon Process:		User32 
	Authentication Package:	Negotiate
	Transited Services:	-
	Package Name (NTLM only):	-
	Key Length:		0

This event is generated when a logon session is created. It is generated on the computer that was accessed.

The subject fields indicate the account on the local system which requested the logon. This is most commonly a service such as the Server service, or a local process such as Winlogon.exe or Services.exe.

The logon type field indicates the kind of logon that occurred. The most common types are 2 (interactive) and 3 (network).

The New Logon fields indicate the account for whom the new logon was created, i.e. the account that was logged on.

The network fields indicate where a remote logon request originated. Workstation name is not always available and may be left blank in some cases.

The impersonation level field indicates the extent to which a process in the logon session can impersonate.

The authentication information fields provide detailed information about this specific logon request.
	- Logon GUID is a unique identifier that can be used to correlate this event with a KDC event.
	- Transited services indicate which intermediate services have participated in this logon request.
	- Package name indicates which sub-protocol was used among the NTLM protocols.
	- Key length indicates the length of the generated session key. This will be 0 if no session key was requested.""",2,2026-06-24T05:19:05.4668633Z,276910,12820,DESKTOP-EEL8CND,12544,968,AUDIT_SUCCESS,Microsoft-Windows-Security-Auditing, , , , , , , , , , , , ,0x3e7,WORKGROUP,0x1a15558d,%%1833,127.0.0.1,Negotiate,DESKTOP-EEL8CND,0x1a155641,User32,{00000000-0000-0000-0000-000000000000},Arcz,0,%%1843,S-1-5-18,0x8b0,C:\\Windows\\System32\\svchost.exe,0,DESKTOP-EEL8CND,S-1-5-21-788187308-2363564387-3173935200-1001,%%1843,2,DESKTOP-EEL8CND$, , , , , , , , , , , , , , , , , , , , , , , , , , , , , , , , , , , , , , , , , , , , , , , , , , , , , , , , , , , , , , , , , , , , , , , , 
wazuh-alerts-4.x-2026.06.28,hJapDJ8BLZf6xaoa8yXb,1,1,192.168.56.104,WindowsAgent1,001,wazuh-server,false,3,"[""10.2.5""]","[""164.312.b""]","[""CC6.8"",""CC7.2"",""CC7.3""]",Windows Workstation Logon Success,"[""windows"",""windows_security"",""authentication_success""]","[""AU.14"",""AC.9""]","[""IV_32.2""]",6,"[""Valid Accounts""]","[""T1078""]","[""Defense Evasion"",""Persistence"",""Privilege Escalation"",""Initial Access""]",60118,"[""7.1"",""7.2""]",windows_eventchannel, ,log,"Jun 27, 2026 @ 22:18:10.681",EventChannel,1782623890.1016316,"Jun 27, 2026 @ 22:18:10.681", , , , , , , , , , , , , , , , , , , , , , , , , ,4624, ,0x8020000000000000,{54849625-5478-4994-a5ba-3e3b0328c30d},0,Security,0,"""An account was successfully logged on.

Subject:
	Security ID:		S-1-5-18
	Account Name:		DESKTOP-EEL8CND$
	Account Domain:		WORKGROUP
	Logon ID:		0x3E7

Logon Information:
	Logon Type:		2
	Restricted Admin Mode:	-
	Virtual Account:		No
	Elevated Token:		No

Impersonation Level:		Impersonation

New Logon:
	Security ID:		S-1-5-21-788187308-2363564387-3173935200-1001
	Account Name:		Arcz
	Account Domain:		DESKTOP-EEL8CND
	Logon ID:		0x1A263B5A
	Linked Logon ID:		0x1A263A98
	Network Account Name:	-
	Network Account Domain:	-
	Logon GUID:		{00000000-0000-0000-0000-000000000000}

Process Information:
	Process ID:		0x8b0
	Process Name:		C:\Windows\System32\svchost.exe

Network Information:
	Workstation Name:	DESKTOP-EEL8CND
	Source Network Address:	127.0.0.1
	Source Port:		0

Detailed Authentication Information:
	Logon Process:		User32 
	Authentication Package:	Negotiate
	Transited Services:	-
	Package Name (NTLM only):	-
	Key Length:		0

This event is generated when a logon session is created. It is generated on the computer that was accessed.

The subject fields indicate the account on the local system which requested the logon. This is most commonly a service such as the Server service, or a local process such as Winlogon.exe or Services.exe.

The logon type field indicates the kind of logon that occurred. The most common types are 2 (interactive) and 3 (network).

The New Logon fields indicate the account for whom the new logon was created, i.e. the account that was logged on.

The network fields indicate where a remote logon request originated. Workstation name is not always available and may be left blank in some cases.

The impersonation level field indicates the extent to which a process in the logon session can impersonate.

The authentication information fields provide detailed information about this specific logon request.
	- Logon GUID is a unique identifier that can be used to correlate this event with a KDC event.
	- Transited services indicate which intermediate services have participated in this logon request.
	- Package name indicates which sub-protocol was used among the NTLM protocols.
	- Key length indicates the length of the generated session key. This will be 0 if no session key was requested.""",2,2026-06-24T07:36:59.8149945Z,277167,2384,DESKTOP-EEL8CND,12544,968,AUDIT_SUCCESS,Microsoft-Windows-Security-Auditing, , , , , , , , , , , , ,0x3e7,WORKGROUP,0x1a263a98,%%1833,127.0.0.1,Negotiate,DESKTOP-EEL8CND,0x1a263b5a,User32,{00000000-0000-0000-0000-000000000000},Arcz,0,%%1843,S-1-5-18,0x8b0,C:\\Windows\\System32\\svchost.exe,0,DESKTOP-EEL8CND,S-1-5-21-788187308-2363564387-3173935200-1001,%%1843,2,DESKTOP-EEL8CND$, , , , , , , , , , , , , , , , , , , , , , , , , , , , , , , , , , , , , , , , , , , , , , , , , , , , , , , , , , , , , , , , , , , , , , , , 
