wazuh-alerts-4.x-2026.06.28,hZapDJ8BLZf6xaoa8yXb,1,1,192.168.56.104,WindowsAgent1,001,wazuh-server,false,3, , , ,Special privileges assigned to new logon.,"[""windows"","" WEF""]", , ,3,"[""Domain Policy Modification""]","[""T1484""]","[""Defense Evasion"",""Privilege Escalation""]",67028, ,windows_eventchannel, ,log,"Jun 27, 2026 @ 22:18:10.683",EventChannel,1782623890.1024066,"Jun 27, 2026 @ 22:18:10.683", , , , , , , , , , , , , , , , , , , , , , , , , ,4672, ,0x8020000000000000,{54849625-5478-4994-a5ba-3e3b0328c30d},0,Security,0,"""Special privileges assigned to new logon.

Subject:
	Security ID:		S-1-5-21-788187308-2363564387-3173935200-1001
	Account Name:		Arcz
	Account Domain:		DESKTOP-EEL8CND
	Logon ID:		0x1A263A98

Privileges:		SeSecurityPrivilege
			SeTakeOwnershipPrivilege
			SeLoadDriverPrivilege
			SeBackupPrivilege
			SeRestorePrivilege
			SeDebugPrivilege
			SeSystemEnvironmentPrivilege
			SeImpersonatePrivilege
			SeDelegateSessionUserImpersonatePrivilege""",0,2026-06-24T07:36:59.8150027Z,277168,2384,DESKTOP-EEL8CND,12548,968,AUDIT_SUCCESS,Microsoft-Windows-Security-Auditing, , , , , , , , , , , , ,0x1a263a98,DESKTOP-EEL8CND, , , , , , , , , , , ,S-1-5-21-788187308-2363564387-3173935200-1001, , , , , , , ,Arcz,SeSecurityPrivilege     SeTakeOwnershipPrivilege     SeLoadDriverPrivilege     SeBackupPrivilege     SeRestorePrivilege     SeDebugPrivilege     SeSystemEnvironmentPrivilege     SeImpersonatePrivilege     SeDelegateSessionUserImpersonatePrivilege, , , , , , , , , , , , , , , , , , , , , , , , , , , , , , , , , , , , , , , , , , , , , , , , , , , , , , , , , , , , , , , , , , , , , , , 
wazuh-alerts-4.x-2026.06.28,h5apDJ8BLZf6xaoa8yXb,1,1,192.168.56.104,WindowsAgent1,001,wazuh-server,false,3, , , ,Non service account logged off.,"[""windows"","" WEF""]", , ,6, , , ,67023, ,windows_eventchannel, ,log,"Jun 27, 2026 @ 22:18:10.688",EventChannel,1782623890.1029505,"Jun 27, 2026 @ 22:18:10.688", , , , , , , , , , , , , , , , , , , , , , , , , ,4634, ,0x8020000000000000,{54849625-5478-4994-a5ba-3e3b0328c30d},0,Security,0,"""An account was logged off.

Subject:
	Security ID:		S-1-5-21-788187308-2363564387-3173935200-1001
	Account Name:		Arcz
	Account Domain:		DESKTOP-EEL8CND
	Logon ID:		0x1A263A98

Logon Type:			2

This event is generated when a logon session is destroyed. It may be positively correlated with a logon event using the Logon ID value. Logon IDs are only unique between reboots on the same computer.""",0,2026-06-24T07:36:59.8259208Z,277170,2384,DESKTOP-EEL8CND,12545,968,AUDIT_SUCCESS,Microsoft-Windows-Security-Auditing, , , , , , , , , , , , , , , , , , , ,0x1a263a98, , ,Arcz, , , , , , ,DESKTOP-EEL8CND,S-1-5-21-788187308-2363564387-3173935200-1001, ,2, , , , , , , , , , , , , , , , , , , , , , , , , , , , , , , , , , , , , , , , , , , , , , , , , , , , , , , , , , , , , , , , , , , , , , , , , 
wazuh-alerts-4.x-2026.06.28,iZaqDJ8BLZf6xaoaLiWM,1,1,192.168.56.104,WindowsAgent1,001,wazuh-server,false,3,"[""10.2.5""]","[""164.312.b""]","[""CC6.8"",""CC7.2"",""CC7.3""]",Windows Workstation Logon Success,"[""windows"",""windows_security"",""authentication_success""]","[""AU.14"",""AC.9""]","[""IV_32.2""]",8,"[""Valid Accounts""]","[""T1078""]","[""Defense Evasion"",""Persistence"",""Privilege Escalation"",""Initial Access""]",60118,"[""7.1"",""7.2""]",windows_eventchannel, ,log,"Jun 27, 2026 @ 22:18:18.825",EventChannel,1782623898.1039647,"Jun 27, 2026 @ 22:18:18.825", , , , , , , , , , , , , , , , , , , , , , , , , ,4624, ,0x8020000000000000,{54849625-5478-4994-a5ba-3e3b0328c30d},0,Security,0,"""An account was successfully logged on.

Subject:
	Security ID:		S-1-5-18
	Account Name:		DESKTOP-EEL8CND$
	Account Domain:		WORKGROUP
	Logon ID:		0x3E7

Logon Information:
	Logon Type:		2
	Restricted Admin Mode:	-
	Virtual Account:		No
	Elevated Token:		No

Impersonation Level:		Impersonation

New Logon:
	Security ID:		S-1-5-21-788187308-2363564387-3173935200-1001
	Account Name:		Arcz
	Account Domain:		DESKTOP-EEL8CND
	Logon ID:		0x1AAF3ED0
	Linked Logon ID:		0x1AAF3E89
	Network Account Name:	-
	Network Account Domain:	-
	Logon GUID:		{00000000-0000-0000-0000-000000000000}

Process Information:
	Process ID:		0x8b0
	Process Name:		C:\Windows\System32\svchost.exe

Network Information:
	Workstation Name:	DESKTOP-EEL8CND
	Source Network Address:	127.0.0.1
	Source Port:		0

Detailed Authentication Information:
	Logon Process:		User32 
	Authentication Package:	Negotiate
	Transited Services:	-
	Package Name (NTLM only):	-
	Key Length:		0

This event is generated when a logon session is created. It is generated on the computer that was accessed.

The subject fields indicate the account on the local system which requested the logon. This is most commonly a service such as the Server service, or a local process such as Winlogon.exe or Services.exe.

The logon type field indicates the kind of logon that occurred. The most common types are 2 (interactive) and 3 (network).

The New Logon fields indicate the account for whom the new logon was created, i.e. the account that was logged on.

The network fields indicate where a remote logon request originated. Workstation name is not always available and may be left blank in some cases.

The impersonation level field indicates the extent to which a process in the logon session can impersonate.

The authentication information fields provide detailed information about this specific logon request.
	- Logon GUID is a unique identifier that can be used to correlate this event with a KDC event.
	- Transited services indicate which intermediate services have participated in this logon request.
	- Package name indicates which sub-protocol was used among the NTLM protocols.
	- Key length indicates the length of the generated session key. This will be 0 if no session key was requested.""",2,2026-06-24T21:36:53.8665829Z,279820,21824,DESKTOP-EEL8CND,12544,968,AUDIT_SUCCESS,Microsoft-Windows-Security-Auditing, , , , , , , , , , , , ,0x3e7,WORKGROUP,0x1aaf3e89,%%1833,127.0.0.1,Negotiate,DESKTOP-EEL8CND,0x1aaf3ed0,User32,{00000000-0000-0000-0000-000000000000},Arcz,0,%%1843,S-1-5-18,0x8b0,C:\\Windows\\System32\\svchost.exe,0,DESKTOP-EEL8CND,S-1-5-21-788187308-2363564387-3173935200-1001,%%1843,2,DESKTOP-EEL8CND$, , , , , , , , , , , , , , , , , , , , , , , , , , , , , , , , , , , , , , , , , , , , , , , , , , , , , , , , , , , , , , , , , , , , , , , , 
wazuh-alerts-4.x-2026.06.28,jJaqDJ8BLZf6xaoaLiWM,1,1,192.168.56.104,WindowsAgent1,001,wazuh-server,false,3, , , ,Non service account logged off.,"[""windows"","" WEF""]", , ,8, , , ,67023, ,windows_eventchannel, ,log,"Jun 27, 2026 @ 22:18:18.832",EventChannel,1782623898.1052842,"Jun 27, 2026 @ 22:18:18.832", , , , , , , , , , , , , , , , , , , , , , , , , ,4634, ,0x8020000000000000,{54849625-5478-4994-a5ba-3e3b0328c30d},0,Security,0,"""An account was logged off.

Subject:
	Security ID:		S-1-5-21-788187308-2363564387-3173935200-1001
	Account Name:		Arcz
	Account Domain:		DESKTOP-EEL8CND
	Logon ID:		0x1AAF3E89

Logon Type:			2

This event is generated when a logon session is destroyed. It may be positively correlated with a logon event using the Logon ID value. Logon IDs are only unique between reboots on the same computer.""",0,2026-06-24T21:36:53.8699032Z,279823,21824,DESKTOP-EEL8CND,12545,968,AUDIT_SUCCESS,Microsoft-Windows-Security-Auditing, , , , , , , , , , , , , , , , , , , ,0x1aaf3e89, , ,Arcz, , , , , , ,DESKTOP-EEL8CND,S-1-5-21-788187308-2363564387-3173935200-1001, ,2, , , , , , , , , , , , , , , , , , , , , , , , , , , , , , , , , , , , , , , , , , , , , , , , , , , , , , , , , , , , , , , , , , , , , , , , , 
wazuh-alerts-4.x-2026.06.28,kJaqDJ8BLZf6xaoaLiWM,1,1,192.168.56.104,WindowsAgent1,001,wazuh-server,false,3,"[""10.2.5""]","[""164.312.b""]","[""CC6.8"",""CC7.2"",""CC7.3""]",Windows Workstation Logon Success,"[""windows"",""windows_security"",""authentication_success""]","[""AU.14"",""AC.9""]","[""IV_32.2""]",9,"[""Valid Accounts""]","[""T1078""]","[""Defense Evasion"",""Persistence"",""Privilege Escalation"",""Initial Access""]",60118,"[""7.1"",""7.2""]",windows_eventchannel, ,log,"Jun 27, 2026 @ 22:18:25.908",EventChannel,1782623905.1073172,"Jun 27, 2026 @ 22:18:25.908", , , , , , , , , , , , , , , , , , , , , , , , , ,4624, ,0x8020000000000000,{54849625-5478-4994-a5ba-3e3b0328c30d},0,Security,0,"""An account was successfully logged on.

Subject:
	Security ID:		S-1-5-18
	Account Name:		DESKTOP-EEL8CND$
	Account Domain:		WORKGROUP
	Logon ID:		0x3E7

Logon Information:
	Logon Type:		2
	Restricted Admin Mode:	-
	Virtual Account:		No
	Elevated Token:		Yes

Impersonation Level:		Impersonation

New Logon:
	Security ID:		S-1-5-21-788187308-2363564387-3173935200-1001
	Account Name:		Arcz
	Account Domain:		DESKTOP-EEL8CND
	Logon ID:		0x1B59A6A0
	Linked Logon ID:		0x1B59A6DE
	Network Account Name:	-
	Network Account Domain:	-
	Logon GUID:		{00000000-0000-0000-0000-000000000000}

Process Information:
	Process ID:		0x8b0
	Process Name:		C:\Windows\System32\svchost.exe

Network Information:
	Workstation Name:	DESKTOP-EEL8CND
	Source Network Address:	127.0.0.1
	Source Port:		0

Detailed Authentication Information:
	Logon Process:		User32 
	Authentication Package:	Negotiate
	Transited Services:	-
	Package Name (NTLM only):	-
	Key Length:		0

This event is generated when a logon session is created. It is generated on the computer that was accessed.

The subject fields indicate the account on the local system which requested the logon. This is most commonly a service such as the Server service, or a local process such as Winlogon.exe or Services.exe.

The logon type field indicates the kind of logon that occurred. The most common types are 2 (interactive) and 3 (network).

The New Logon fields indicate the account for whom the new logon was created, i.e. the account that was logged on.

The network fields indicate where a remote logon request originated. Workstation name is not always available and may be left blank in some cases.

The impersonation level field indicates the extent to which a process in the logon session can impersonate.

The authentication information fields provide detailed information about this specific logon request.
	- Logon GUID is a unique identifier that can be used to correlate this event with a KDC event.
	- Transited services indicate which intermediate services have participated in this logon request.
	- Package name indicates which sub-protocol was used among the NTLM protocols.
	- Key length indicates the length of the generated session key. This will be 0 if no session key was requested.""",2,2026-06-24T23:37:37.3431133Z,281794,18032,DESKTOP-EEL8CND,12544,968,AUDIT_SUCCESS,Microsoft-Windows-Security-Auditing, , , , , , , , , , , , ,0x3e7,WORKGROUP,0x1b59a6de,%%1833,127.0.0.1,Negotiate,DESKTOP-EEL8CND,0x1b59a6a0,User32,{00000000-0000-0000-0000-000000000000},Arcz,0,%%1842,S-1-5-18,0x8b0,C:\\Windows\\System32\\svchost.exe,0,DESKTOP-EEL8CND,S-1-5-21-788187308-2363564387-3173935200-1001,%%1843,2,DESKTOP-EEL8CND$, , , , , , , , , , , , , , , , , , , , , , , , , , , , , , , , , , , , , , , , , , , , , , , , , , , , , , , , , , , , , , , , , , , , , , , , 
wazuh-alerts-4.x-2026.06.28,k5aqDJ8BLZf6xaoaLiWM,1,1,192.168.56.104,WindowsAgent1,001,wazuh-server,false,3, , , ,Non service account logged off.,"[""windows"","" WEF""]", , ,9, , , ,67023, ,windows_eventchannel, ,log,"Jun 27, 2026 @ 22:18:25.917",EventChannel,1782623905.1091731,"Jun 27, 2026 @ 22:18:25.917", , , , , , , , , , , , , , , , , , , , , , , , , ,4634, ,0x8020000000000000,{54849625-5478-4994-a5ba-3e3b0328c30d},0,Security,0,"""An account was logged off.

Subject:
	Security ID:		S-1-5-21-788187308-2363564387-3173935200-1001
	Account Name:		Arcz
	Account Domain:		DESKTOP-EEL8CND
	Logon ID:		0x1B59A6DE

Logon Type:			2

This event is generated when a logon session is destroyed. It may be positively correlated with a logon event using the Logon ID value. Logon IDs are only unique between reboots on the same computer.""",0,2026-06-24T23:37:37.3736663Z,281797,14556,DESKTOP-EEL8CND,12545,968,AUDIT_SUCCESS,Microsoft-Windows-Security-Auditing, , , , , , , , , , , , , , , , , , , ,0x1b59a6de, , ,Arcz, , , , , , ,DESKTOP-EEL8CND,S-1-5-21-788187308-2363564387-3173935200-1001, ,2, , , , , , , , , , , , , , , , , , , , , , , , , , , , , , , , , , , , , , , , , , , , , , , , , , , , , , , , , , , , , , , , , , , , , , , , , 
wazuh-alerts-4.x-2026.06.28,uZaqDJ8BLZf6xaoaqyWD,1,1,192.168.56.104,WindowsAgent1,001,wazuh-server,false,3,"[""10.2.5""]","[""164.312.b""]","[""CC6.8"",""CC7.2"",""CC7.3""]",Windows Workstation Logon Success,"[""windows"",""windows_security"",""authentication_success""]","[""AU.14"",""AC.9""]","[""IV_32.2""]",23,"[""Valid Accounts""]","[""T1078""]","[""Defense Evasion"",""Persistence"",""Privilege Escalation"",""Initial Access""]",60118,"[""7.1"",""7.2""]",windows_eventchannel, ,log,"Jun 27, 2026 @ 22:18:56.594",EventChannel,1782623936.1291764,"Jun 27, 2026 @ 22:18:56.594", , , , , , , , , , , , , , , , , , , , , , , , , ,4624, ,0x8020000000000000,{54849625-5478-4994-a5ba-3e3b0328c30d},0,Security,0,"""An account was successfully logged on.

Subject:
	Security ID:		S-1-5-18
	Account Name:		DESKTOP-EEL8CND$
	Account Domain:		WORKGROUP
	Logon ID:		0x3E7

Logon Information:
	Logon Type:		2
	Restricted Admin Mode:	-
	Virtual Account:		No
	Elevated Token:		Yes

Impersonation Level:		Impersonation

New Logon:
	Security ID:		S-1-5-21-788187308-2363564387-3173935200-1001
	Account Name:		Arcz
	Account Domain:		DESKTOP-EEL8CND
	Logon ID:		0x1EF1859C
	Linked Logon ID:		0x1EF1861A
	Network Account Name:	-
	Network Account Domain:	-
	Logon GUID:		{00000000-0000-0000-0000-000000000000}

Process Information:
	Process ID:		0x8b0
	Process Name:		C:\Windows\System32\svchost.exe

Network Information:
	Workstation Name:	DESKTOP-EEL8CND
	Source Network Address:	127.0.0.1
	Source Port:		0

Detailed Authentication Information:
	Logon Process:		User32 
	Authentication Package:	Negotiate
	Transited Services:	-
	Package Name (NTLM only):	-
	Key Length:		0

This event is generated when a logon session is created. It is generated on the computer that was accessed.

The subject fields indicate the account on the local system which requested the logon. This is most commonly a service such as the Server service, or a local process such as Winlogon.exe or Services.exe.

The logon type field indicates the kind of logon that occurred. The most common types are 2 (interactive) and 3 (network).

The New Logon fields indicate the account for whom the new logon was created, i.e. the account that was logged on.

The network fields indicate where a remote logon request originated. Workstation name is not always available and may be left blank in some cases.

The impersonation level field indicates the extent to which a process in the logon session can impersonate.

The authentication information fields provide detailed information about this specific logon request.
	- Logon GUID is a unique identifier that can be used to correlate this event with a KDC event.
	- Transited services indicate which intermediate services have participated in this logon request.
	- Package name indicates which sub-protocol was used among the NTLM protocols.
	- Key length indicates the length of the generated session key. This will be 0 if no session key was requested.""",2,2026-06-26T01:13:23.8996948Z,290863,18364,DESKTOP-EEL8CND,12544,968,AUDIT_SUCCESS,Microsoft-Windows-Security-Auditing, , , , , , , , , , , , ,0x3e7,WORKGROUP,0x1ef1861a,%%1833,127.0.0.1,Negotiate,DESKTOP-EEL8CND,0x1ef1859c,User32,{00000000-0000-0000-0000-000000000000},Arcz,0,%%1842,S-1-5-18,0x8b0,C:\\Windows\\System32\\svchost.exe,0,DESKTOP-EEL8CND,S-1-5-21-788187308-2363564387-3173935200-1001,%%1843,2,DESKTOP-EEL8CND$, , , , , , , , , , , , , , , , , , , , , , , , , , , , , , , , , , , , , , , , , , , , , , , , , , , , , , , , , , , , , , , , , , , , , , , , 
wazuh-alerts-4.x-2026.06.28,upaqDJ8BLZf6xaoaqyWD,1,1,192.168.56.104,WindowsAgent1,001,wazuh-server,false,3,"[""10.2.5""]","[""164.312.b""]","[""CC6.8"",""CC7.2"",""CC7.3""]",Windows Workstation Logon Success,"[""windows"",""windows_security"",""authentication_success""]","[""AU.14"",""AC.9""]","[""IV_32.2""]",24,"[""Valid Accounts""]","[""T1078""]","[""Defense Evasion"",""Persistence"",""Privilege Escalation"",""Initial Access""]",60118,"[""7.1"",""7.2""]",windows_eventchannel, ,log,"Jun 27, 2026 @ 22:18:56.598",EventChannel,1782623936.1299518,"Jun 27, 2026 @ 22:18:56.598", , , , , , , , , , , , , , , , , , , , , , , , , ,4624, ,0x8020000000000000,{54849625-5478-4994-a5ba-3e3b0328c30d},0,Security,0,"""An account was successfully logged on.

Subject:
	Security ID:		S-1-5-18
	Account Name:		DESKTOP-EEL8CND$
	Account Domain:		WORKGROUP
	Logon ID:		0x3E7

Logon Information:
	Logon Type:		2
	Restricted Admin Mode:	-
	Virtual Account:		No
	Elevated Token:		No

Impersonation Level:		Impersonation

New Logon:
	Security ID:		S-1-5-21-788187308-2363564387-3173935200-1001
	Account Name:		Arcz
	Account Domain:		DESKTOP-EEL8CND
	Logon ID:		0x1EF1861A
	Linked Logon ID:		0x1EF1859C
	Network Account Name:	-
	Network Account Domain:	-
	Logon GUID:		{00000000-0000-0000-0000-000000000000}

Process Information:
	Process ID:		0x8b0
	Process Name:		C:\Windows\System32\svchost.exe

Network Information:
	Workstation Name:	DESKTOP-EEL8CND
	Source Network Address:	127.0.0.1
	Source Port:		0

Detailed Authentication Information:
	Logon Process:		User32 
	Authentication Package:	Negotiate
	Transited Services:	-
	Package Name (NTLM only):	-
	Key Length:		0

This event is generated when a logon session is created. It is generated on the computer that was accessed.

The subject fields indicate the account on the local system which requested the logon. This is most commonly a service such as the Server service, or a local process such as Winlogon.exe or Services.exe.

The logon type field indicates the kind of logon that occurred. The most common types are 2 (interactive) and 3 (network).

The New Logon fields indicate the account for whom the new logon was created, i.e. the account that was logged on.

The network fields indicate where a remote logon request originated. Workstation name is not always available and may be left blank in some cases.

The impersonation level field indicates the extent to which a process in the logon session can impersonate.

The authentication information fields provide detailed information about this specific logon request.
	- Logon GUID is a unique identifier that can be used to correlate this event with a KDC event.
	- Transited services indicate which intermediate services have participated in this logon request.
	- Package name indicates which sub-protocol was used among the NTLM protocols.
	- Key length indicates the length of the generated session key. This will be 0 if no session key was requested.""",2,2026-06-26T01:13:23.8997231Z,290864,18364,DESKTOP-EEL8CND,12544,968,AUDIT_SUCCESS,Microsoft-Windows-Security-Auditing, , , , , , , , , , , , ,0x3e7,WORKGROUP,0x1ef1859c,%%1833,127.0.0.1,Negotiate,DESKTOP-EEL8CND,0x1ef1861a,User32,{00000000-0000-0000-0000-000000000000},Arcz,0,%%1843,S-1-5-18,0x8b0,C:\\Windows\\System32\\svchost.exe,0,DESKTOP-EEL8CND,S-1-5-21-788187308-2363564387-3173935200-1001,%%1843,2,DESKTOP-EEL8CND$, , , , , , , , , , , , , , , , , , , , , , , , , , , , , , , , , , , , , , , , , , , , , , , , , , , , , , , , , , , , , , , , , , , , , , , , 
wazuh-alerts-4.x-2026.06.28,vZaqDJ8BLZf6xaoaqyWE,1,1,192.168.56.104,WindowsAgent1,001,wazuh-server,false,3, , , ,Non service account logged off.,"[""windows"","" WEF""]", , ,24, , , ,67023, ,windows_eventchannel, ,log,"Jun 27, 2026 @ 22:18:56.621",EventChannel,1782623936.1312713,"Jun 27, 2026 @ 22:18:56.621", , , , , , , , , , , , , , , , , , , , , , , , , ,4634, ,0x8020000000000000,{54849625-5478-4994-a5ba-3e3b0328c30d},0,Security,0,"""An account was logged off.

Subject:
	Security ID:		S-1-5-21-788187308-2363564387-3173935200-1001
	Account Name:		Arcz
	Account Domain:		DESKTOP-EEL8CND
	Logon ID:		0x1EF1859C

Logon Type:			2

This event is generated when a logon session is destroyed. It may be positively correlated with a logon event using the Logon ID value. Logon IDs are only unique between reboots on the same computer.""",0,2026-06-26T01:13:23.9030997Z,290867,18364,DESKTOP-EEL8CND,12545,968,AUDIT_SUCCESS,Microsoft-Windows-Security-Auditing, , , , , , , , , , , , , , , , , , , ,0x1ef1859c, , ,Arcz, , , , , , ,DESKTOP-EEL8CND,S-1-5-21-788187308-2363564387-3173935200-1001, ,2, , , , , , , , , , , , , , , , , , , , , , , , , , , , , , , , , , , , , , , , , , , , , , , , , , , , , , , , , , , , , , , , , , , , , , , , , 
wazuh-alerts-4.x-2026.06.28,l5aqDJ8BLZf6xaoaSSXh,1,1,192.168.56.104,WindowsAgent1,001,wazuh-server,false,3, , , ,Special privileges assigned to new logon.,"[""windows"","" WEF""]", , ,6,"[""Domain Policy Modification""]","[""T1484""]","[""Defense Evasion"",""Privilege Escalation""]",67028, ,windows_eventchannel, ,log,"Jun 27, 2026 @ 22:18:32.186",EventChannel,1782623912.1112017,"Jun 27, 2026 @ 22:18:32.186", , , , , , , , , , , , , , , , , , , , , , , , , ,4672, ,0x8020000000000000,{54849625-5478-4994-a5ba-3e3b0328c30d},0,Security,0,"""Special privileges assigned to new logon.

Subject:
	Security ID:		S-1-5-21-788187308-2363564387-3173935200-1001
	Account Name:		Arcz
	Account Domain:		DESKTOP-EEL8CND
	Logon ID:		0x1C40ECA5

Privileges:		SeSecurityPrivilege
			SeTakeOwnershipPrivilege
			SeLoadDriverPrivilege
			SeBackupPrivilege
			SeRestorePrivilege
			SeDebugPrivilege
			SeSystemEnvironmentPrivilege
			SeImpersonatePrivilege
			SeDelegateSessionUserImpersonatePrivilege""",0,2026-06-25T02:10:09.6470080Z,283772,21284,DESKTOP-EEL8CND,12548,968,AUDIT_SUCCESS,Microsoft-Windows-Security-Auditing, , , , , , , , , , , , ,0x1c40eca5,DESKTOP-EEL8CND, , , , , , , , , , , ,S-1-5-21-788187308-2363564387-3173935200-1001, , , , , , , ,Arcz,SeSecurityPrivilege     SeTakeOwnershipPrivilege     SeLoadDriverPrivilege     SeBackupPrivilege     SeRestorePrivilege     SeDebugPrivilege     SeSystemEnvironmentPrivilege     SeImpersonatePrivilege     SeDelegateSessionUserImpersonatePrivilege, , , , , , , , , , , , , , , , , , , , , , , , , , , , , , , , , , , , , , , , , , , , , , , , , , , , , , , , , , , , , , , , , , , , , , , 
wazuh-alerts-4.x-2026.06.28,mpaqDJ8BLZf6xaoaSSXh,1,1,192.168.56.104,WindowsAgent1,001,wazuh-server,false,3,"[""10.2.5""]","[""164.312.b""]","[""CC6.8"",""CC7.2"",""CC7.3""]",Windows Workstation Logon Success,"[""windows"",""windows_security"",""authentication_success""]","[""AU.14"",""AC.9""]","[""IV_32.2""]",13,"[""Valid Accounts""]","[""T1078""]","[""Defense Evasion"",""Persistence"",""Privilege Escalation"",""Initial Access""]",60118,"[""7.1"",""7.2""]",windows_eventchannel, ,log,"Jun 27, 2026 @ 22:18:32.915",EventChannel,1782623912.1119850,"Jun 27, 2026 @ 22:18:32.915", , , , , , , , , , , , , , , , , , , , , , , , , ,4624, ,0x8020000000000000,{54849625-5478-4994-a5ba-3e3b0328c30d},0,Security,0,"""An account was successfully logged on.

Subject:
	Security ID:		S-1-5-18
	Account Name:		DESKTOP-EEL8CND$
	Account Domain:		WORKGROUP
	Logon ID:		0x3E7

Logon Information:
	Logon Type:		2
	Restricted Admin Mode:	-
	Virtual Account:		No
	Elevated Token:		Yes

Impersonation Level:		Impersonation

New Logon:
	Security ID:		S-1-5-21-788187308-2363564387-3173935200-1001
	Account Name:		Arcz
	Account Domain:		DESKTOP-EEL8CND
	Logon ID:		0x1C87F939
	Linked Logon ID:		0x1C87F963
	Network Account Name:	-
	Network Account Domain:	-
	Logon GUID:		{00000000-0000-0000-0000-000000000000}

Process Information:
	Process ID:		0x8b0
	Process Name:		C:\Windows\System32\svchost.exe

Network Information:
	Workstation Name:	DESKTOP-EEL8CND
	Source Network Address:	127.0.0.1
	Source Port:		0

Detailed Authentication Information:
	Logon Process:		User32 
	Authentication Package:	Negotiate
	Transited Services:	-
	Package Name (NTLM only):	-
	Key Length:		0

This event is generated when a logon session is created. It is generated on the computer that was accessed.

The subject fields indicate the account on the local system which requested the logon. This is most commonly a service such as the Server service, or a local process such as Winlogon.exe or Services.exe.

The logon type field indicates the kind of logon that occurred. The most common types are 2 (interactive) and 3 (network).

The New Logon fields indicate the account for whom the new logon was created, i.e. the account that was logged on.

The network fields indicate where a remote logon request originated. Workstation name is not always available and may be left blank in some cases.

The impersonation level field indicates the extent to which a process in the logon session can impersonate.

The authentication information fields provide detailed information about this specific logon request.
	- Logon GUID is a unique identifier that can be used to correlate this event with a KDC event.
	- Transited services indicate which intermediate services have participated in this logon request.
	- Package name indicates which sub-protocol was used among the NTLM protocols.
	- Key length indicates the length of the generated session key. This will be 0 if no session key was requested.""",2,2026-06-25T02:42:43.8280960Z,284001,9916,DESKTOP-EEL8CND,12544,968,AUDIT_SUCCESS,Microsoft-Windows-Security-Auditing, , , , , , , , , , , , ,0x3e7,WORKGROUP,0x1c87f963,%%1833,127.0.0.1,Negotiate,DESKTOP-EEL8CND,0x1c87f939,User32,{00000000-0000-0000-0000-000000000000},Arcz,0,%%1842,S-1-5-18,0x8b0,C:\\Windows\\System32\\svchost.exe,0,DESKTOP-EEL8CND,S-1-5-21-788187308-2363564387-3173935200-1001,%%1843,2,DESKTOP-EEL8CND$, , , , , , , , , , , , , , , , , , , , , , , , , , , , , , , , , , , , , , , , , , , , , , , , , , , , , , , , , , , , , , , , , , , , , , , , 
wazuh-alerts-4.x-2026.06.28,nJaqDJ8BLZf6xaoaSSXh,1,1,192.168.56.104,WindowsAgent1,001,wazuh-server,false,3, , , ,Special privileges assigned to new logon.,"[""windows"","" WEF""]", , ,7,"[""Domain Policy Modification""]","[""T1484""]","[""Defense Evasion"",""Privilege Escalation""]",67028, ,windows_eventchannel, ,log,"Jun 27, 2026 @ 22:18:32.921",EventChannel,1782623912.1135352,"Jun 27, 2026 @ 22:18:32.921", , , , , , , , , , , , , , , , , , , , , , , , , ,4672, ,0x8020000000000000,{54849625-5478-4994-a5ba-3e3b0328c30d},0,Security,0,"""Special privileges assigned to new logon.

Subject:
	Security ID:		S-1-5-21-788187308-2363564387-3173935200-1001
	Account Name:		Arcz
	Account Domain:		DESKTOP-EEL8CND
	Logon ID:		0x1C87F939

Privileges:		SeSecurityPrivilege
			SeTakeOwnershipPrivilege
			SeLoadDriverPrivilege
			SeBackupPrivilege
			SeRestorePrivilege
			SeDebugPrivilege
			SeSystemEnvironmentPrivilege
			SeImpersonatePrivilege
			SeDelegateSessionUserImpersonatePrivilege""",0,2026-06-25T02:42:43.8281194Z,284003,9916,DESKTOP-EEL8CND,12548,968,AUDIT_SUCCESS,Microsoft-Windows-Security-Auditing, , , , , , , , , , , , ,0x1c87f939,DESKTOP-EEL8CND, , , , , , , , , , , ,S-1-5-21-788187308-2363564387-3173935200-1001, , , , , , , ,Arcz,SeSecurityPrivilege     SeTakeOwnershipPrivilege     SeLoadDriverPrivilege     SeBackupPrivilege     SeRestorePrivilege     SeDebugPrivilege     SeSystemEnvironmentPrivilege     SeImpersonatePrivilege     SeDelegateSessionUserImpersonatePrivilege, , , , , , , , , , , , , , , , , , , , , , , , , , , , , , , , , , , , , , , , , , , , , , , , , , , , , , , , , , , , , , , , , , , , , , , 
wazuh-alerts-4.x-2026.06.28,nZaqDJ8BLZf6xaoaSSXh,1,1,192.168.56.104,WindowsAgent1,001,wazuh-server,false,3, , , ,Non service account logged off.,"[""windows"","" WEF""]", , ,13, , , ,67023, ,windows_eventchannel, ,log,"Jun 27, 2026 @ 22:18:32.925",EventChannel,1782623912.1138403,"Jun 27, 2026 @ 22:18:32.925", , , , , , , , , , , , , , , , , , , , , , , , , ,4634, ,0x8020000000000000,{54849625-5478-4994-a5ba-3e3b0328c30d},0,Security,0,"""An account was logged off.

Subject:
	Security ID:		S-1-5-21-788187308-2363564387-3173935200-1001
	Account Name:		Arcz
	Account Domain:		DESKTOP-EEL8CND
	Logon ID:		0x1C87F963

Logon Type:			2

This event is generated when a logon session is destroyed. It may be positively correlated with a logon event using the Logon ID value. Logon IDs are only unique between reboots on the same computer.""",0,2026-06-25T02:42:43.8288834Z,284004,10048,DESKTOP-EEL8CND,12545,968,AUDIT_SUCCESS,Microsoft-Windows-Security-Auditing, , , , , , , , , , , , , , , , , , , ,0x1c87f963, , ,Arcz, , , , , , ,DESKTOP-EEL8CND,S-1-5-21-788187308-2363564387-3173935200-1001, ,2, , , , , , , , , , , , , , , , , , , , , , , , , , , , , , , , , , , , , , , , , , , , , , , , , , , , , , , , , , , , , , , , , , , , , , , , , 
wazuh-alerts-4.x-2026.06.28,npaqDJ8BLZf6xaoaSSXh,1,1,192.168.56.104,WindowsAgent1,001,wazuh-server,false,3, , , ,Non service account logged off.,"[""windows"","" WEF""]", , ,14, , , ,67023, ,windows_eventchannel, ,log,"Jun 27, 2026 @ 22:18:32.925",EventChannel,1782623912.1140793,"Jun 27, 2026 @ 22:18:32.925", , , , , , , , , , , , , , , , , , , , , , , , , ,4634, ,0x8020000000000000,{54849625-5478-4994-a5ba-3e3b0328c30d},0,Security,0,"""An account was logged off.

Subject:
	Security ID:		S-1-5-21-788187308-2363564387-3173935200-1001
	Account Name:		Arcz
	Account Domain:		DESKTOP-EEL8CND
	Logon ID:		0x1C87F939

Logon Type:			2

This event is generated when a logon session is destroyed. It may be positively correlated with a logon event using the Logon ID value. Logon IDs are only unique between reboots on the same computer.""",0,2026-06-25T02:42:43.8289360Z,284005,10048,DESKTOP-EEL8CND,12545,968,AUDIT_SUCCESS,Microsoft-Windows-Security-Auditing, , , , , , , , , , , , , , , , , , , ,0x1c87f939, , ,Arcz, , , , , , ,DESKTOP-EEL8CND,S-1-5-21-788187308-2363564387-3173935200-1001, ,2, , , , , , , , , , , , , , , , , , , , , , , , , , , , , , , , , , , , , , , , , , , , , , , , , , , , , , , , , , , , , , , , , , , , , , , , , 
wazuh-alerts-4.x-2026.06.28,t5aqDJ8BLZf6xaoakCVB,1,1,192.168.56.104,WindowsAgent1,001,wazuh-server,false,10,"[""10.2.4"",""10.2.5"",""11.4""]","[""164.312.b""]","[""CC6.1"",""CC6.8"",""CC7.2"",""CC7.3""]",Multiple Windows Logon Failures,"[""windows"",""windows_security"",""authentication_failures""]","[""AU.14"",""AC.7"",""SI.4""]","[""IV_35.7.d"",""IV_32.2""]",1,"[""Brute Force""]","[""T1110""]","[""Credential Access""]",60204, ,windows_eventchannel, ,log,"Jun 27, 2026 @ 22:18:47.735",EventChannel,1782623927.1260454,"Jun 27, 2026 @ 22:18:47.735", , , , , , , , , , , , , , , , , , , , , , , , , ,4625, ,0x8010000000000000,{54849625-5478-4994-a5ba-3e3b0328c30d},0,Security,0,"""An account failed to log on.

Subject:
	Security ID:		S-1-0-0
	Account Name:		-
	Account Domain:		-
	Logon ID:		0x0

Logon Type:			3

Account For Which Logon Failed:
	Security ID:		S-1-0-0
	Account Name:		guest
	Account Domain:		

Failure Information:
	Failure Reason:		Account currently disabled.
	Status:			0xC000006E
	Sub Status:		0xC0000072

Process Information:
	Caller Process ID:	0x0
	Caller Process Name:	-

Network Information:
	Workstation Name:	-
	Source Network Address:	192.168.1.10
	Source Port:		60031

Detailed Authentication Information:
	Logon Process:		NtLmSsp 
	Authentication Package:	NTLM
	Transited Services:	-
	Package Name (NTLM only):	-
	Key Length:		0

This event is generated when a logon request fails. It is generated on the computer where access was attempted.

The Subject fields indicate the account on the local system which requested the logon. This is most commonly a service such as the Server service, or a local process such as Winlogon.exe or Services.exe.

The Logon Type field indicates the kind of logon that was requested. The most common types are 2 (interactive) and 3 (network).

The Process Information fields indicate which account and process on the system requested the logon.

The Network Information fields indicate where a remote logon request originated. Workstation name is not always available and may be left blank in some cases.

The authentication information fields provide detailed information about this specific logon request.
	- Transited services indicate which intermediate services have participated in this logon request.
	- Package name indicates which sub-protocol was used among the NTLM protocols.
	- Key length indicates the length of the generated session key. This will be 0 if no session key was requested.""",0,2026-06-25T23:40:53.2163831Z,288036,2384,DESKTOP-EEL8CND,12544,968,AUDIT_FAILURE,Microsoft-Windows-Security-Auditing, , , , , , , , , ,"{""win"":{""system"":{""providerName"":""Microsoft-Windows-Security-Auditing"",""providerGuid"":""{54849625-5478-4994-a5ba-3e3b0328c30d}"",""eventID"":""4625"",""version"":""0"",""level"":""0"",""task"":""12544"",""opcode"":""0"",""keywords"":""0x8010000000000000"",""systemTime"":""2026-06-25T23:40:51.7528601Z"",""eventRecordID"":""288035"",""processID"":""968"",""threadID"":""2384"",""channel"":""Security"",""computer"":""DESKTOP-EEL8CND"",""severityValue"":""AUDIT_FAILURE"",""message"":""\""An account failed to log on.\r\n\r\nSubject:\r\n\tSecurity ID:\t\tS-1-0-0\r\n\tAccount Name:\t\t-\r\n\tAccount Domain:\t\t-\r\n\tLogon ID:\t\t0x0\r\n\r\nLogon Type:\t\t\t3\r\n\r\nAccount For Which Logon Failed:\r\n\tSecurity ID:\t\tS-1-0-0\r\n\tAccount Name:\t\tguest\r\n\tAccount Domain:\t\t\r\n\r\nFailure Information:\r\n\tFailure Reason:\t\tAccount currently disabled.\r\n\tStatus:\t\t\t0xC000006E\r\n\tSub Status:\t\t0xC0000072\r\n\r\nProcess Information:\r\n\tCaller Process ID:\t0x0\r\n\tCaller Process Name:\t-\r\n\r\nNetwork Information:\r\n\tWorkstation Name:\t-\r\n\tSource Network Address:\t192.168.1.10\r\n\tSource Port:\t\t60028\r\n\r\nDetailed Authentication Information:\r\n\tLogon Process:\t\tNtLmSsp \r\n\tAuthentication Package:\tNTLM\r\n\tTransited Services:\t-\r\n\tPackage Name (NTLM only):\t-\r\n\tKey Length:\t\t0\r\n\r\nThis event is generated when a logon request fails. It is generated on the computer where access was attempted.\r\n\r\nThe Subject fields indicate the account on the local system which requested the logon. This is most commonly a service such as the Server service, or a local process such as Winlogon.exe or Services.exe.\r\n\r\nThe Logon Type field indicates the kind of logon that was requested. The most common types are 2 (interactive) and 3 (network).\r\n\r\nThe Process Information fields indicate which account and process on the system requested the logon.\r\n\r\nThe Network Information fields indicate where a remote logon request originated. Workstation name is not always available and may be left blank in some cases.\r\n\r\nThe authentication information fields provide detailed information about this specific logon request.\r\n\t- Transited services indicate which intermediate services have participated in this logon request.\r\n\t- Package name indicates which sub-protocol was used among the NTLM protocols.\r\n\t- Key length indicates the length of the generated session key. This will be 0 if no session key was requested.\""""},""eventdata"":{""subjectUserSid"":""S-1-0-0"",""subjectLogonId"":""0x0"",""targetUserSid"":""S-1-0-0"",""targetUserName"":""guest"",""status"":""0xc000006e"",""failureReason"":""%%2310"",""subStatus"":""0xc0000072"",""logonType"":""3"",""logonProcessName"":""NtLmSsp"",""authenticationPackageName"":""NTLM"",""keyLength"":""0"",""processId"":""0x0"",""ipAddress"":""192.168.1.10"",""ipPort"":""60028""}}}
{""win"":{""system"":{""providerName"":""Microsoft-Windows-Security-Auditing"",""providerGuid"":""{54849625-5478-4994-a5ba-3e3b0328c30d}"",""eventID"":""4625"",""version"":""0"",""level"":""0"",""task"":""12544"",""opcode"":""0"",""keywords"":""0x8010000000000000"",""systemTime"":""2026-06-25T22:59:13.6689185Z"",""eventRecordID"":""286921"",""processID"":""968"",""threadID"":""21064"",""channel"":""Security"",""computer"":""DESKTOP-EEL8CND"",""severityValue"":""AUDIT_FAILURE"",""message"":""\""An account failed to log on.\r\n\r\nSubject:\r\n\tSecurity ID:\t\tS-1-0-0\r\n\tAccount Name:\t\t-\r\n\tAccount Domain:\t\t-\r\n\tLogon ID:\t\t0x0\r\n\r\nLogon Type:\t\t\t3\r\n\r\nAccount For Which Logon Failed:\r\n\tSecurity ID:\t\tS-1-0-0\r\n\tAccount Name:\t\tguest\r\n\tAccount Domain:\t\t\r\n\r\nFailure Information:\r\n\tFailure Reason:\t\tAccount currently disabled.\r\n\tStatus:\t\t\t0xC000006E\r\n\tSub Status:\t\t0xC0000072\r\n\r\nProcess Information:\r\n\tCaller Process ID:\t0x0\r\n\tCaller Process Name:\t-\r\n\r\nNetwork Information:\r\n\tWorkstation Name:\t-\r\n\tSource Network Address:\t192.168.1.10\r\n\tSource Port:\t\t62461\r\n\r\nDetailed Authentication Information:\r\n\tLogon Process:\t\tNtLmSsp \r\n\tAuthentication Package:\tNTLM\r\n\tTransited Services:\t-\r\n\tPackage Name (NTLM only):\t-\r\n\tKey Length:\t\t0\r\n\r\nThis event is generated when a logon request fails. It is generated on the computer where access was attempted.\r\n\r\nThe Subject fields indicate the account on the local system which requested the logon. This is most commonly a service such as the Server service, or a local process such as Winlogon.exe or Services.exe.\r\n\r\nThe Logon Type field indicates the kind of logon that was requested. The most common types are 2 (interactive) and 3 (network).\r\n\r\nThe Process Information fields indicate which account and process on the system requested the logon.\r\n\r\nThe Network Information fields indicate where a remote logon request originated. Workstation name is not always available and may be left blank in some cases.\r\n\r\nThe authentication information fields provide detailed information about this specific logon request.\r\n\t- Transited services indicate which intermediate services have participated in this logon request.\r\n\t- Package name indicates which sub-protocol was used among the NTLM protocols.\r\n\t- Key length indicates the length of the generated session key. This will be 0 if no session key was requested.\""""},""eventdata"":{""subjectUserSid"":""S-1-0-0"",""subjectLogonId"":""0x0"",""targetUserSid"":""S-1-0-0"",""targetUserName"":""guest"",""status"":""0xc000006e"",""failureReason"":""%%2310"",""subStatus"":""0xc0000072"",""logonType"":""3"",""logonProcessName"":""NtLmSsp"",""authenticationPackageName"":""NTLM"",""keyLength"":""0"",""processId"":""0x0"",""ipAddress"":""192.168.1.10"",""ipPort"":""62461""}}}
{""win"":{""system"":{""providerName"":""Microsoft-Windows-Security-Auditing"",""providerGuid"":""{54849625-5478-4994-a5ba-3e3b0328c30d}"",""eventID"":""4625"",""version"":""0"",""level"":""0"",""task"":""12544"",""opcode"":""0"",""keywords"":""0x8010000000000000"",""systemTime"":""2026-06-25T22:59:13.6706256Z"",""eventRecordID"":""286922"",""processID"":""968"",""threadID"":""2384"",""channel"":""Security"",""computer"":""DESKTOP-EEL8CND"",""severityValue"":""AUDIT_FAILURE"",""message"":""\""An account failed to log on.\r\n\r\nSubject:\r\n\tSecurity ID:\t\tS-1-0-0\r\n\tAccount Name:\t\t-\r\n\tAccount Domain:\t\t-\r\n\tLogon ID:\t\t0x0\r\n\r\nLogon Type:\t\t\t3\r\n\r\nAccount For Which Logon Failed:\r\n\tSecurity ID:\t\tS-1-0-0\r\n\tAccount Name:\t\t\r\n\tAccount Domain:\t\t\r\n\r\nFailure Information:\r\n\tFailure Reason:\t\tUnknown user name or bad password.\r\n\tStatus:\t\t\t0xC000006D\r\n\tSub Status:\t\t0xC0000064\r\n\r\nProcess Information:\r\n\tCaller Process ID:\t0x0\r\n\tCaller Process Name:\t-\r\n\r\nNetwork Information:\r\n\tWorkstation Name:\t-\r\n\tSource Network Address:\t192.168.1.10\r\n\tSource Port:\t\t62461\r\n\r\nDetailed Authentication Information:\r\n\tLogon Process:\t\tNtLmSsp \r\n\tAuthentication Package:\tNTLM\r\n\tTransited Services:\t-\r\n\tPackage Name (NTLM only):\t-\r\n\tKey Length:\t\t0\r\n\r\nThis event is generated when a logon request fails. It is generated on the computer where access was attempted.\r\n\r\nThe Subject fields indicate the account on the local system which requested the logon. This is most commonly a service such as the Server service, or a local process such as Winlogon.exe or Services.exe.\r\n\r\nThe Logon Type field indicates the kind of logon that was requested. The most common types are 2 (interactive) and 3 (network).\r\n\r\nThe Process Information fields indicate which account and process on the system requested the logon.\r\n\r\nThe Network Information fields indicate where a remote logon request originated. Workstation name is not always available and may be left blank in some cases.\r\n\r\nThe authentication information fields provide detailed information about this specific logon request.\r\n\t- Transited services indicate which intermediate services have participated in this logon request.\r\n\t- Package name indicates which sub-protocol was used among the NTLM protocols.\r\n\t- Key length indicates the length of the generated session key. This will be 0 if no session key was requested.\""""},""eventdata"":{""subjectUserSid"":""S-1-0-0"",""subjectLogonId"":""0x0"",""targetUserSid"":""S-1-0-0"",""status"":""0xc000006d"",""failureReason"":""%%2313"",""subStatus"":""0xc0000064"",""logonType"":""3"",""logonProcessName"":""NtLmSsp"",""authenticationPackageName"":""NTLM"",""keyLength"":""0"",""processId"":""0x0"",""ipAddress"":""192.168.1.10"",""ipPort"":""62461""}}}
{""win"":{""system"":{""providerName"":""Microsoft-Windows-Security-Auditing"",""providerGuid"":""{54849625-5478-4994-a5ba-3e3b0328c30d}"",""eventID"":""4625"",""version"":""0"",""level"":""0"",""task"":""12544"",""opcode"":""0"",""keywords"":""0x8010000000000000"",""systemTime"":""2026-06-25T22:59:12.3997770Z"",""eventRecordID"":""286920"",""processID"":""968"",""threadID"":""21064"",""channel"":""Security"",""computer"":""DESKTOP-EEL8CND"",""severityValue"":""AUDIT_FAILURE"",""message"":""\""An account failed to log on.\r\n\r\nSubject:\r\n\tSecurity ID:\t\tS-1-0-0\r\n\tAccount Name:\t\t-\r\n\tAccount Domain:\t\t-\r\n\tLogon ID:\t\t0x0\r\n\r\nLogon Type:\t\t\t3\r\n\r\nAccount For Which Logon Failed:\r\n\tSecurity ID:\t\tS-1-0-0\r\n\tAccount Name:\t\tguest\r\n\tAccount Domain:\t\t\r\n\r\nFailure Information:\r\n\tFailure Reason:\t\tAccount currently disabled.\r\n\tStatus:\t\t\t0xC000006E\r\n\tSub Status:\t\t0xC0000072\r\n\r\nProcess Information:\r\n\tCaller Process ID:\t0x0\r\n\tCaller Process Name:\t-\r\n\r\nNetwork Information:\r\n\tWorkstation Name:\t-\r\n\tSource Network Address:\t192.168.1.10\r\n\tSource Port:\t\t62458\r\n\r\nDetailed Authentication Information:\r\n\tLogon Process:\t\tNtLmSsp \r\n\tAuthentication Package:\tNTLM\r\n\tTransited Services:\t-\r\n\tPackage Name (NTLM only):\t-\r\n\tKey Length:\t\t0\r\n\r\nThis event is generated when a logon request fails. It is generated on the computer where access was attempted.\r\n\r\nThe Subject fields indicate the account on the local system which requested the logon. This is most commonly a service such as the Server service, or a local process such as Winlogon.exe or Services.exe.\r\n\r\nThe Logon Type field indicates the kind of logon that was requested. The most common types are 2 (interactive) and 3 (network).\r\n\r\nThe Process Information fields indicate which account and process on the system requested the logon.\r\n\r\nThe Network Information fields indicate where a remote logon request originated. Workstation name is not always available and may be left blank in some cases.\r\n\r\nThe authentication information fields provide detailed information about this specific logon request.\r\n\t- Transited services indicate which intermediate services have participated in this logon request.\r\n\t- Package name indicates which sub-protocol was used among the NTLM protocols.\r\n\t- Key length indicates the length of the generated session key. This will be 0 if no session key was requested.\""""},""eventdata"":{""subjectUserSid"":""S-1-0-0"",""subjectLogonId"":""0x0"",""targetUserSid"":""S-1-0-0"",""targetUserName"":""guest"",""status"":""0xc000006e"",""failureReason"":""%%2310"",""subStatus"":""0xc0000072"",""logonType"":""3"",""logonProcessName"":""NtLmSsp"",""authenticationPackageName"":""NTLM"",""keyLength"":""0"",""processId"":""0x0"",""ipAddress"":""192.168.1.10"",""ipPort"":""62458""}}}
{""win"":{""system"":{""providerName"":""Microsoft-Windows-Security-Auditing"",""providerGuid"":""{54849625-5478-4994-a5ba-3e3b0328c30d}"",""eventID"":""4625"",""version"":""0"",""level"":""0"",""task"":""12544"",""opcode"":""0"",""keywords"":""0x8010000000000000"",""systemTime"":""2026-06-24T22:26:26.2829511Z"",""eventRecordID"":""281594"",""processID"":""968"",""threadID"":""19564"",""channel"":""Security"",""computer"":""DESKTOP-EEL8CND"",""severityValue"":""AUDIT_FAILURE"",""message"":""\""An account failed to log on.\r\n\r\nSubject:\r\n\tSecurity ID:\t\tS-1-0-0\r\n\tAccount Name:\t\t-\r\n\tAccount Domain:\t\t-\r\n\tLogon ID:\t\t0x0\r\n\r\nLogon Type:\t\t\t3\r\n\r\nAccount For Which Logon Failed:\r\n\tSecurity ID:\t\tS-1-0-0\r\n\tAccount Name:\t\t\r\n\tAccount Domain:\t\t\r\n\r\nFailure Information:\r\n\tFailure Reason:\t\tUnknown user name or bad password.\r\n\tStatus:\t\t\t0xC000006D\r\n\tSub Status:\t\t0xC0000064\r\n\r\nProcess Information:\r\n\tCaller Process ID:\t0x0\r\n\tCaller Process Name:\t-\r\n\r\nNetwork Information:\r\n\tWorkstation Name:\t-\r\n\tSource Network Address:\t192.168.1.10\r\n\tSource Port:\t\t59904\r\n\r\nDetailed Authentication Information:\r\n\tLogon Process:\t\tNtLmSsp \r\n\tAuthentication Package:\tNTLM\r\n\tTransited Services:\t-\r\n\tPackage Name (NTLM only):\t-\r\n\tKey Length:\t\t0\r\n\r\nThis event is generated when a logon request fails. It is generated on the computer where access was attempted.\r\n\r\nThe Subject fields indicate the account on the local system which requested the logon. This is most commonly a service such as the Server service, or a local process such as Winlogon.exe or Services.exe.\r\n\r\nThe Logon Type field indicates the kind of logon that was requested. The most common types are 2 (interactive) and 3 (network).\r\n\r\nThe Process Information fields indicate which account and process on the system requested the logon.\r\n\r\nThe Network Information fields indicate where a remote logon request originated. Workstation name is not always available and may be left blank in some cases.\r\n\r\nThe authentication information fields provide detailed information about this specific logon request.\r\n\t- Transited services indicate which intermediate services have participated in this logon request.\r\n\t- Package name indicates which sub-protocol was used among the NTLM protocols.\r\n\t- Key length indicates the length of the generated session key. This will be 0 if no session key was requested.\""""},""eventdata"":{""subjectUserSid"":""S-1-0-0"",""subjectLogonId"":""0x0"",""targetUserSid"":""S-1-0-0"",""status"":""0xc000006d"",""failureReason"":""%%2313"",""subStatus"":""0xc0000064"",""logonType"":""3"",""logonProcessName"":""NtLmSsp"",""authenticationPackageName"":""NTLM"",""keyLength"":""0"",""processId"":""0x0"",""ipAddress"":""192.168.1.10"",""ipPort"":""59904""}}}
