wazuh-alerts-4.x-2026.06.28,q5aqDJ8BLZf6xaoaaSUk,1,1,192.168.56.104,WindowsAgent1,001,wazuh-server,false,3,"[""10.2.5""]","[""164.312.b""]","[""CC6.8"",""CC7.2"",""CC7.3""]",Windows Workstation Logon Success,"[""windows"",""windows_security"",""authentication_success""]","[""AU.14"",""AC.9""]","[""IV_32.2""]",20,"[""Valid Accounts""]","[""T1078""]","[""Defense Evasion"",""Persistence"",""Privilege Escalation"",""Initial Access""]",60118,"[""7.1"",""7.2""]",windows_eventchannel, ,log,"Jun 27, 2026 @ 22:18:41.912",EventChannel,1782623921.1200654,"Jun 27, 2026 @ 22:18:41.912", , , , , , , , , , , , , , , , , , , , , , , , , ,4624, ,0x8020000000000000,{54849625-5478-4994-a5ba-3e3b0328c30d},0,Security,0,"""An account was successfully logged on.

Subject:
	Security ID:		S-1-5-18
	Account Name:		DESKTOP-EEL8CND$
	Account Domain:		WORKGROUP
	Logon ID:		0x3E7

Logon Information:
	Logon Type:		2
	Restricted Admin Mode:	-
	Virtual Account:		No
	Elevated Token:		No

Impersonation Level:		Impersonation

New Logon:
	Security ID:		S-1-5-21-788187308-2363564387-3173935200-1001
	Account Name:		Arcz
	Account Domain:		DESKTOP-EEL8CND
	Logon ID:		0x1D321A29
	Linked Logon ID:		0x1D321A00
	Network Account Name:	-
	Network Account Domain:	-
	Logon GUID:		{00000000-0000-0000-0000-000000000000}

Process Information:
	Process ID:		0x8b0
	Process Name:		C:\Windows\System32\svchost.exe

Network Information:
	Workstation Name:	DESKTOP-EEL8CND
	Source Network Address:	127.0.0.1
	Source Port:		0

Detailed Authentication Information:
	Logon Process:		User32 
	Authentication Package:	Negotiate
	Transited Services:	-
	Package Name (NTLM only):	-
	Key Length:		0

This event is generated when a logon session is created. It is generated on the computer that was accessed.

The subject fields indicate the account on the local system which requested the logon. This is most commonly a service such as the Server service, or a local process such as Winlogon.exe or Services.exe.

The logon type field indicates the kind of logon that occurred. The most common types are 2 (interactive) and 3 (network).

The New Logon fields indicate the account for whom the new logon was created, i.e. the account that was logged on.

The network fields indicate where a remote logon request originated. Workstation name is not always available and may be left blank in some cases.

The impersonation level field indicates the extent to which a process in the logon session can impersonate.

The authentication information fields provide detailed information about this specific logon request.
	- Logon GUID is a unique identifier that can be used to correlate this event with a KDC event.
	- Transited services indicate which intermediate services have participated in this logon request.
	- Package name indicates which sub-protocol was used among the NTLM protocols.
	- Key length indicates the length of the generated session key. This will be 0 if no session key was requested.""",2,2026-06-25T21:53:08.6174271Z,286562,14676,DESKTOP-EEL8CND,12544,968,AUDIT_SUCCESS,Microsoft-Windows-Security-Auditing, , , , , , , , , , , , ,0x3e7,WORKGROUP,0x1d321a00,%%1833,127.0.0.1,Negotiate,DESKTOP-EEL8CND,0x1d321a29,User32,{00000000-0000-0000-0000-000000000000},Arcz,0,%%1843,S-1-5-18,0x8b0,C:\\Windows\\System32\\svchost.exe,0,DESKTOP-EEL8CND,S-1-5-21-788187308-2363564387-3173935200-1001,%%1843,2,DESKTOP-EEL8CND$, , , , , , , , , , , , , , , , , , , , , , , , , , , , , , , , , , , , , , , , , , , , , , , , , , , , , , , , , , , , , , , , , , , , , , , , 
wazuh-alerts-4.x-2026.06.28,rpaqDJ8BLZf6xaoacCXp,1,1,192.168.56.104,WindowsAgent1,001,wazuh-server,false,3,"[""10.2.5""]","[""164.312.b""]","[""CC6.8"",""CC7.2"",""CC7.3""]",Windows Workstation Logon Success,"[""windows"",""windows_security"",""authentication_success""]","[""AU.14"",""AC.9""]","[""IV_32.2""]",21,"[""Valid Accounts""]","[""T1078""]","[""Defense Evasion"",""Persistence"",""Privilege Escalation"",""Initial Access""]",60118,"[""7.1"",""7.2""]",windows_eventchannel, ,log,"Jun 27, 2026 @ 22:18:43.321",EventChannel,1782623923.1213184,"Jun 27, 2026 @ 22:18:43.321", , , , , , , , , , , , , , , , , , , , , , , , , ,4624, ,0x8020000000000000,{54849625-5478-4994-a5ba-3e3b0328c30d},0,Security,0,"""An account was successfully logged on.

Subject:
	Security ID:		S-1-5-18
	Account Name:		DESKTOP-EEL8CND$
	Account Domain:		WORKGROUP
	Logon ID:		0x3E7

Logon Information:
	Logon Type:		2
	Restricted Admin Mode:	-
	Virtual Account:		No
	Elevated Token:		Yes

Impersonation Level:		Impersonation

New Logon:
	Security ID:		S-1-5-21-788187308-2363564387-3173935200-1001
	Account Name:		Arcz
	Account Domain:		DESKTOP-EEL8CND
	Logon ID:		0x1D7057F7
	Linked Logon ID:		0x1D7058FA
	Network Account Name:	-
	Network Account Domain:	-
	Logon GUID:		{00000000-0000-0000-0000-000000000000}

Process Information:
	Process ID:		0x8b0
	Process Name:		C:\Windows\System32\svchost.exe

Network Information:
	Workstation Name:	DESKTOP-EEL8CND
	Source Network Address:	127.0.0.1
	Source Port:		0

Detailed Authentication Information:
	Logon Process:		User32 
	Authentication Package:	Negotiate
	Transited Services:	-
	Package Name (NTLM only):	-
	Key Length:		0

This event is generated when a logon session is created. It is generated on the computer that was accessed.

The subject fields indicate the account on the local system which requested the logon. This is most commonly a service such as the Server service, or a local process such as Winlogon.exe or Services.exe.

The logon type field indicates the kind of logon that occurred. The most common types are 2 (interactive) and 3 (network).

The New Logon fields indicate the account for whom the new logon was created, i.e. the account that was logged on.

The network fields indicate where a remote logon request originated. Workstation name is not always available and may be left blank in some cases.

The impersonation level field indicates the extent to which a process in the logon session can impersonate.

The authentication information fields provide detailed information about this specific logon request.
	- Logon GUID is a unique identifier that can be used to correlate this event with a KDC event.
	- Transited services indicate which intermediate services have participated in this logon request.
	- Package name indicates which sub-protocol was used among the NTLM protocols.
	- Key length indicates the length of the generated session key. This will be 0 if no session key was requested.""",2,2026-06-25T22:54:14.5198399Z,286884,21064,DESKTOP-EEL8CND,12544,968,AUDIT_SUCCESS,Microsoft-Windows-Security-Auditing, , , , , , , , , , , , ,0x3e7,WORKGROUP,0x1d7058fa,%%1833,127.0.0.1,Negotiate,DESKTOP-EEL8CND,0x1d7057f7,User32,{00000000-0000-0000-0000-000000000000},Arcz,0,%%1842,S-1-5-18,0x8b0,C:\\Windows\\System32\\svchost.exe,0,DESKTOP-EEL8CND,S-1-5-21-788187308-2363564387-3173935200-1001,%%1843,2,DESKTOP-EEL8CND$, , , , , , , , , , , , , , , , , , , , , , , , , , , , , , , , , , , , , , , , , , , , , , , , , , , , , , , , , , , , , , , , , , , , , , , , 
wazuh-alerts-4.x-2026.06.28,sJaqDJ8BLZf6xaoacCXp,1,1,192.168.56.104,WindowsAgent1,001,wazuh-server,false,3, , , ,Special privileges assigned to new logon.,"[""windows"","" WEF""]", , ,11,"[""Domain Policy Modification""]","[""T1484""]","[""Defense Evasion"",""Privilege Escalation""]",67028, ,windows_eventchannel, ,log,"Jun 27, 2026 @ 22:18:43.332",EventChannel,1782623923.1228690,"Jun 27, 2026 @ 22:18:43.332", , , , , , , , , , , , , , , , , , , , , , , , , ,4672, ,0x8020000000000000,{54849625-5478-4994-a5ba-3e3b0328c30d},0,Security,0,"""Special privileges assigned to new logon.

Subject:
	Security ID:		S-1-5-21-788187308-2363564387-3173935200-1001
	Account Name:		Arcz
	Account Domain:		DESKTOP-EEL8CND
	Logon ID:		0x1D7057F7

Privileges:		SeSecurityPrivilege
			SeTakeOwnershipPrivilege
			SeLoadDriverPrivilege
			SeBackupPrivilege
			SeRestorePrivilege
			SeDebugPrivilege
			SeSystemEnvironmentPrivilege
			SeImpersonatePrivilege
			SeDelegateSessionUserImpersonatePrivilege""",0,2026-06-25T22:54:14.5198788Z,286886,21064,DESKTOP-EEL8CND,12548,968,AUDIT_SUCCESS,Microsoft-Windows-Security-Auditing, , , , , , , , , , , , ,0x1d7057f7,DESKTOP-EEL8CND, , , , , , , , , , , ,S-1-5-21-788187308-2363564387-3173935200-1001, , , , , , , ,Arcz,SeSecurityPrivilege     SeTakeOwnershipPrivilege     SeLoadDriverPrivilege     SeBackupPrivilege     SeRestorePrivilege     SeDebugPrivilege     SeSystemEnvironmentPrivilege     SeImpersonatePrivilege     SeDelegateSessionUserImpersonatePrivilege, , , , , , , , , , , , , , , , , , , , , , , , , , , , , , , , , , , , , , , , , , , , , , , , , , , , , , , , , , , , , , , , , , , , , , , 
wazuh-alerts-4.x-2026.06.28,sZaqDJ8BLZf6xaoacCXp,1,1,192.168.56.104,WindowsAgent1,001,wazuh-server,false,3, , , ,Non service account logged off.,"[""windows"","" WEF""]", , ,21, , , ,67023, ,windows_eventchannel, ,log,"Jun 27, 2026 @ 22:18:43.334",EventChannel,1782623923.1231743,"Jun 27, 2026 @ 22:18:43.334", , , , , , , , , , , , , , , , , , , , , , , , , ,4634, ,0x8020000000000000,{54849625-5478-4994-a5ba-3e3b0328c30d},0,Security,0,"""An account was logged off.

Subject:
	Security ID:		S-1-5-21-788187308-2363564387-3173935200-1001
	Account Name:		Arcz
	Account Domain:		DESKTOP-EEL8CND
	Logon ID:		0x1D7057F7

Logon Type:			2

This event is generated when a logon session is destroyed. It may be positively correlated with a logon event using the Logon ID value. Logon IDs are only unique between reboots on the same computer.""",0,2026-06-25T22:54:14.5339668Z,286888,2384,DESKTOP-EEL8CND,12545,968,AUDIT_SUCCESS,Microsoft-Windows-Security-Auditing, , , , , , , , , , , , , , , , , , , ,0x1d7057f7, , ,Arcz, , , , , , ,DESKTOP-EEL8CND,S-1-5-21-788187308-2363564387-3173935200-1001, ,2, , , , , , , , , , , , , , , , , , , , , , , , , , , , , , , , , , , , , , , , , , , , , , , , , , , , , , , , , , , , , , , , , , , , , , , , , 
wazuh-alerts-4.x-2026.06.28,iJaqDJ8BLZf6xaoaLiWM,1,1,192.168.56.104,WindowsAgent1,001,wazuh-server,false,3,"[""10.2.5""]","[""164.312.b""]","[""CC6.8"",""CC7.2"",""CC7.3""]",Windows Workstation Logon Success,"[""windows"",""windows_security"",""authentication_success""]","[""AU.14"",""AC.9""]","[""IV_32.2""]",7,"[""Valid Accounts""]","[""T1078""]","[""Defense Evasion"",""Persistence"",""Privilege Escalation"",""Initial Access""]",60118,"[""7.1"",""7.2""]",windows_eventchannel, ,log,"Jun 27, 2026 @ 22:18:18.823",EventChannel,1782623898.1031893,"Jun 27, 2026 @ 22:18:18.823", , , , , , , , , , , , , , , , , , , , , , , , , ,4624, ,0x8020000000000000,{54849625-5478-4994-a5ba-3e3b0328c30d},0,Security,0,"""An account was successfully logged on.

Subject:
	Security ID:		S-1-5-18
	Account Name:		DESKTOP-EEL8CND$
	Account Domain:		WORKGROUP
	Logon ID:		0x3E7

Logon Information:
	Logon Type:		2
	Restricted Admin Mode:	-
	Virtual Account:		No
	Elevated Token:		Yes

Impersonation Level:		Impersonation

New Logon:
	Security ID:		S-1-5-21-788187308-2363564387-3173935200-1001
	Account Name:		Arcz
	Account Domain:		DESKTOP-EEL8CND
	Logon ID:		0x1AAF3E89
	Linked Logon ID:		0x1AAF3ED0
	Network Account Name:	-
	Network Account Domain:	-
	Logon GUID:		{00000000-0000-0000-0000-000000000000}

Process Information:
	Process ID:		0x8b0
	Process Name:		C:\Windows\System32\svchost.exe

Network Information:
	Workstation Name:	DESKTOP-EEL8CND
	Source Network Address:	127.0.0.1
	Source Port:		0

Detailed Authentication Information:
	Logon Process:		User32 
	Authentication Package:	Negotiate
	Transited Services:	-
	Package Name (NTLM only):	-
	Key Length:		0

This event is generated when a logon session is created. It is generated on the computer that was accessed.

The subject fields indicate the account on the local system which requested the logon. This is most commonly a service such as the Server service, or a local process such as Winlogon.exe or Services.exe.

The logon type field indicates the kind of logon that occurred. The most common types are 2 (interactive) and 3 (network).

The New Logon fields indicate the account for whom the new logon was created, i.e. the account that was logged on.

The network fields indicate where a remote logon request originated. Workstation name is not always available and may be left blank in some cases.

The impersonation level field indicates the extent to which a process in the logon session can impersonate.

The authentication information fields provide detailed information about this specific logon request.
	- Logon GUID is a unique identifier that can be used to correlate this event with a KDC event.
	- Transited services indicate which intermediate services have participated in this logon request.
	- Package name indicates which sub-protocol was used among the NTLM protocols.
	- Key length indicates the length of the generated session key. This will be 0 if no session key was requested.""",2,2026-06-24T21:36:53.8665364Z,279819,21824,DESKTOP-EEL8CND,12544,968,AUDIT_SUCCESS,Microsoft-Windows-Security-Auditing, , , , , , , , , , , , ,0x3e7,WORKGROUP,0x1aaf3ed0,%%1833,127.0.0.1,Negotiate,DESKTOP-EEL8CND,0x1aaf3e89,User32,{00000000-0000-0000-0000-000000000000},Arcz,0,%%1842,S-1-5-18,0x8b0,C:\\Windows\\System32\\svchost.exe,0,DESKTOP-EEL8CND,S-1-5-21-788187308-2363564387-3173935200-1001,%%1843,2,DESKTOP-EEL8CND$, , , , , , , , , , , , , , , , , , , , , , , , , , , , , , , , , , , , , , , , , , , , , , , , , , , , , , , , , , , , , , , , , , , , , , , , 
wazuh-alerts-4.x-2026.06.28,i5aqDJ8BLZf6xaoaLiWM,1,1,192.168.56.104,WindowsAgent1,001,wazuh-server,false,3, , , ,Non service account logged off.,"[""windows"","" WEF""]", , ,7, , , ,67023, ,windows_eventchannel, ,log,"Jun 27, 2026 @ 22:18:18.832",EventChannel,1782623898.1050452,"Jun 27, 2026 @ 22:18:18.832", , , , , , , , , , , , , , , , , , , , , , , , , ,4634, ,0x8020000000000000,{54849625-5478-4994-a5ba-3e3b0328c30d},0,Security,0,"""An account was logged off.

Subject:
	Security ID:		S-1-5-21-788187308-2363564387-3173935200-1001
	Account Name:		Arcz
	Account Domain:		DESKTOP-EEL8CND
	Logon ID:		0x1AAF3ED0

Logon Type:			2

This event is generated when a logon session is destroyed. It may be positively correlated with a logon event using the Logon ID value. Logon IDs are only unique between reboots on the same computer.""",0,2026-06-24T21:36:53.8687493Z,279822,21824,DESKTOP-EEL8CND,12545,968,AUDIT_SUCCESS,Microsoft-Windows-Security-Auditing, , , , , , , , , , , , , , , , , , , ,0x1aaf3ed0, , ,Arcz, , , , , , ,DESKTOP-EEL8CND,S-1-5-21-788187308-2363564387-3173935200-1001, ,2, , , , , , , , , , , , , , , , , , , , , , , , , , , , , , , , , , , , , , , , , , , , , , , , , , , , , , , , , , , , , , , , , , , , , , , , , 
wazuh-alerts-4.x-2026.06.28,jpaqDJ8BLZf6xaoaLiWM,1,1,192.168.56.104,WindowsAgent1,001,wazuh-server,false,5,"[""10.2.4"",""10.2.5""]","[""164.312.b""]","[""CC6.1"",""CC6.8"",""CC7.2"",""CC7.3""]",Logon Failure - Unknown user or bad password,"[""windows"",""windows_security"",""authentication_failed""]","[""AU.14"",""AC.7""]","[""IV_35.7.d"",""IV_32.2""]",5,"[""Account Access Removal""]","[""T1531""]","[""Impact""]",60122,"[""7.1""]",windows_eventchannel, ,log,"Jun 27, 2026 @ 22:18:25.187",EventChannel,1782623905.1061231,"Jun 27, 2026 @ 22:18:25.187", , , , , , , , , , , , , , , , , , , , , , , , , ,4625, ,0x8010000000000000,{54849625-5478-4994-a5ba-3e3b0328c30d},0,Security,0,"""An account failed to log on.

Subject:
	Security ID:		S-1-0-0
	Account Name:		-
	Account Domain:		-
	Logon ID:		0x0

Logon Type:			3

Account For Which Logon Failed:
	Security ID:		S-1-0-0
	Account Name:		guest
	Account Domain:		

Failure Information:
	Failure Reason:		Account currently disabled.
	Status:			0xC000006E
	Sub Status:		0xC0000072

Process Information:
	Caller Process ID:	0x0
	Caller Process Name:	-

Network Information:
	Workstation Name:	-
	Source Network Address:	192.168.1.10
	Source Port:		59904

Detailed Authentication Information:
	Logon Process:		NtLmSsp 
	Authentication Package:	NTLM
	Transited Services:	-
	Package Name (NTLM only):	-
	Key Length:		0

This event is generated when a logon request fails. It is generated on the computer where access was attempted.

The Subject fields indicate the account on the local system which requested the logon. This is most commonly a service such as the Server service, or a local process such as Winlogon.exe or Services.exe.

The Logon Type field indicates the kind of logon that was requested. The most common types are 2 (interactive) and 3 (network).

The Process Information fields indicate which account and process on the system requested the logon.

The Network Information fields indicate where a remote logon request originated. Workstation name is not always available and may be left blank in some cases.

The authentication information fields provide detailed information about this specific logon request.
	- Transited services indicate which intermediate services have participated in this logon request.
	- Package name indicates which sub-protocol was used among the NTLM protocols.
	- Key length indicates the length of the generated session key. This will be 0 if no session key was requested.""",0,2026-06-24T22:26:26.2817843Z,281593,19564,DESKTOP-EEL8CND,12544,968,AUDIT_FAILURE,Microsoft-Windows-Security-Auditing, , , , , , , , , , , , ,0x0, , , ,192.168.1.10,NTLM, , ,NtLmSsp, ,guest,0, ,S-1-0-0,0x0, ,59904, ,S-1-0-0, ,3, , ,0xc0000072,%%2310,0xc000006e, , , , , , , , , , , , , , , , , , , , , , , , , , , , , , , , , , , , , , , , , , , , , , , , , , , , , , , , , , , , , , , , , , , , 
wazuh-alerts-4.x-2026.06.28,kZaqDJ8BLZf6xaoaLiWM,1,1,192.168.56.104,WindowsAgent1,001,wazuh-server,false,3,"[""10.2.5""]","[""164.312.b""]","[""CC6.8"",""CC7.2"",""CC7.3""]",Windows Workstation Logon Success,"[""windows"",""windows_security"",""authentication_success""]","[""AU.14"",""AC.9""]","[""IV_32.2""]",10,"[""Valid Accounts""]","[""T1078""]","[""Defense Evasion"",""Persistence"",""Privilege Escalation"",""Initial Access""]",60118,"[""7.1"",""7.2""]",windows_eventchannel, ,log,"Jun 27, 2026 @ 22:18:25.910",EventChannel,1782623905.1080926,"Jun 27, 2026 @ 22:18:25.910", , , , , , , , , , , , , , , , , , , , , , , , , ,4624, ,0x8020000000000000,{54849625-5478-4994-a5ba-3e3b0328c30d},0,Security,0,"""An account was successfully logged on.

Subject:
	Security ID:		S-1-5-18
	Account Name:		DESKTOP-EEL8CND$
	Account Domain:		WORKGROUP
	Logon ID:		0x3E7

Logon Information:
	Logon Type:		2
	Restricted Admin Mode:	-
	Virtual Account:		No
	Elevated Token:		No

Impersonation Level:		Impersonation

New Logon:
	Security ID:		S-1-5-21-788187308-2363564387-3173935200-1001
	Account Name:		Arcz
	Account Domain:		DESKTOP-EEL8CND
	Logon ID:		0x1B59A6DE
	Linked Logon ID:		0x1B59A6A0
	Network Account Name:	-
	Network Account Domain:	-
	Logon GUID:		{00000000-0000-0000-0000-000000000000}

Process Information:
	Process ID:		0x8b0
	Process Name:		C:\Windows\System32\svchost.exe

Network Information:
	Workstation Name:	DESKTOP-EEL8CND
	Source Network Address:	127.0.0.1
	Source Port:		0

Detailed Authentication Information:
	Logon Process:		User32 
	Authentication Package:	Negotiate
	Transited Services:	-
	Package Name (NTLM only):	-
	Key Length:		0

This event is generated when a logon session is created. It is generated on the computer that was accessed.

The subject fields indicate the account on the local system which requested the logon. This is most commonly a service such as the Server service, or a local process such as Winlogon.exe or Services.exe.

The logon type field indicates the kind of logon that occurred. The most common types are 2 (interactive) and 3 (network).

The New Logon fields indicate the account for whom the new logon was created, i.e. the account that was logged on.

The network fields indicate where a remote logon request originated. Workstation name is not always available and may be left blank in some cases.

The impersonation level field indicates the extent to which a process in the logon session can impersonate.

The authentication information fields provide detailed information about this specific logon request.
	- Logon GUID is a unique identifier that can be used to correlate this event with a KDC event.
	- Transited services indicate which intermediate services have participated in this logon request.
	- Package name indicates which sub-protocol was used among the NTLM protocols.
	- Key length indicates the length of the generated session key. This will be 0 if no session key was requested.""",2,2026-06-24T23:37:37.3431627Z,281795,18032,DESKTOP-EEL8CND,12544,968,AUDIT_SUCCESS,Microsoft-Windows-Security-Auditing, , , , , , , , , , , , ,0x3e7,WORKGROUP,0x1b59a6a0,%%1833,127.0.0.1,Negotiate,DESKTOP-EEL8CND,0x1b59a6de,User32,{00000000-0000-0000-0000-000000000000},Arcz,0,%%1843,S-1-5-18,0x8b0,C:\\Windows\\System32\\svchost.exe,0,DESKTOP-EEL8CND,S-1-5-21-788187308-2363564387-3173935200-1001,%%1843,2,DESKTOP-EEL8CND$, , , , , , , , , , , , , , , , , , , , , , , , , , , , , , , , , , , , , , , , , , , , , , , , , , , , , , , , , , , , , , , , , , , , , , , , 
wazuh-alerts-4.x-2026.06.28,kpaqDJ8BLZf6xaoaLiWM,1,1,192.168.56.104,WindowsAgent1,001,wazuh-server,false,3, , , ,Special privileges assigned to new logon.,"[""windows"","" WEF""]", , ,5,"[""Domain Policy Modification""]","[""T1484""]","[""Defense Evasion"",""Privilege Escalation""]",67028, ,windows_eventchannel, ,log,"Jun 27, 2026 @ 22:18:25.913",EventChannel,1782623905.1088678,"Jun 27, 2026 @ 22:18:25.913", , , , , , , , , , , , , , , , , , , , , , , , , ,4672, ,0x8020000000000000,{54849625-5478-4994-a5ba-3e3b0328c30d},0,Security,0,"""Special privileges assigned to new logon.

Subject:
	Security ID:		S-1-5-21-788187308-2363564387-3173935200-1001
	Account Name:		Arcz
	Account Domain:		DESKTOP-EEL8CND
	Logon ID:		0x1B59A6A0

Privileges:		SeSecurityPrivilege
			SeTakeOwnershipPrivilege
			SeLoadDriverPrivilege
			SeBackupPrivilege
			SeRestorePrivilege
			SeDebugPrivilege
			SeSystemEnvironmentPrivilege
			SeImpersonatePrivilege
			SeDelegateSessionUserImpersonatePrivilege""",0,2026-06-24T23:37:37.3431747Z,281796,18032,DESKTOP-EEL8CND,12548,968,AUDIT_SUCCESS,Microsoft-Windows-Security-Auditing, , , , , , , , , , , , ,0x1b59a6a0,DESKTOP-EEL8CND, , , , , , , , , , , ,S-1-5-21-788187308-2363564387-3173935200-1001, , , , , , , ,Arcz,SeSecurityPrivilege     SeTakeOwnershipPrivilege     SeLoadDriverPrivilege     SeBackupPrivilege     SeRestorePrivilege     SeDebugPrivilege     SeSystemEnvironmentPrivilege     SeImpersonatePrivilege     SeDelegateSessionUserImpersonatePrivilege, , , , , , , , , , , , , , , , , , , , , , , , , , , , , , , , , , , , , , , , , , , , , , , , , , , , , , , , , , , , , , , , , , , , , , , 
wazuh-alerts-4.x-2026.06.28,wpaqDJ8BLZf6xaoatyVD,1,1,192.168.56.104,WindowsAgent1,001,wazuh-server,false,3, , , ,Non service account logged off.,"[""windows"","" WEF""]", , ,25, , , ,67023, ,windows_eventchannel, ,log,"Jun 27, 2026 @ 22:19:01.226",EventChannel,1782623941.1340287,"Jun 27, 2026 @ 22:19:01.226", , , , , , , , , , , , , , , , , , , , , , , , , ,4634, ,0x8020000000000000,{54849625-5478-4994-a5ba-3e3b0328c30d},0,Security,0,"""An account was logged off.

Subject:
	Security ID:		S-1-5-21-788187308-2363564387-3173935200-1001
	Account Name:		Arcz
	Account Domain:		DESKTOP-EEL8CND
	Logon ID:		0x1FA55FEE

Logon Type:			2

This event is generated when a logon session is destroyed. It may be positively correlated with a logon event using the Logon ID value. Logon IDs are only unique between reboots on the same computer.""",0,2026-06-26T02:16:18.7248904Z,292432,21156,DESKTOP-EEL8CND,12545,968,AUDIT_SUCCESS,Microsoft-Windows-Security-Auditing, , , , , , , , , , , , , , , , , , , ,0x1fa55fee, , ,Arcz, , , , , , ,DESKTOP-EEL8CND,S-1-5-21-788187308-2363564387-3173935200-1001, ,2, , , , , , , , , , , , , , , , , , , , , , , , , , , , , , , , , , , , , , , , , , , , , , , , , , , , , , , , , , , , , , , , , , , , , , , , , 
wazuh-alerts-4.x-2026.06.28,xpaqDJ8BLZf6xaoavyUY,1,1,192.168.56.104,WindowsAgent1,001,wazuh-server,false,3,"[""10.2.5""]","[""164.312.b""]","[""CC6.8"",""CC7.2"",""CC7.3""]",Windows Workstation Logon Success,"[""windows"",""windows_security"",""authentication_success""]","[""AU.14"",""AC.9""]","[""IV_32.2""]",28,"[""Valid Accounts""]","[""T1078""]","[""Defense Evasion"",""Persistence"",""Privilege Escalation"",""Initial Access""]",60118,"[""7.1"",""7.2""]",windows_eventchannel, ,log,"Jun 27, 2026 @ 22:19:02.436",EventChannel,1782623942.1359450,"Jun 27, 2026 @ 22:19:02.436", , , , , , , , , , , , , , , , , , , , , , , , , ,4624, ,0x8020000000000000,{54849625-5478-4994-a5ba-3e3b0328c30d},0,Security,0,"""An account was successfully logged on.

Subject:
	Security ID:		S-1-5-18
	Account Name:		DESKTOP-EEL8CND$
	Account Domain:		WORKGROUP
	Logon ID:		0x3E7

Logon Information:
	Logon Type:		2
	Restricted Admin Mode:	-
	Virtual Account:		No
	Elevated Token:		No

Impersonation Level:		Impersonation

New Logon:
	Security ID:		S-1-5-21-788187308-2363564387-3173935200-1001
	Account Name:		Arcz
	Account Domain:		DESKTOP-EEL8CND
	Logon ID:		0x1FD53033
	Linked Logon ID:		0x1FD5300D
	Network Account Name:	-
	Network Account Domain:	-
	Logon GUID:		{00000000-0000-0000-0000-000000000000}

Process Information:
	Process ID:		0x8b0
	Process Name:		C:\Windows\System32\svchost.exe

Network Information:
	Workstation Name:	DESKTOP-EEL8CND
	Source Network Address:	127.0.0.1
	Source Port:		0

Detailed Authentication Information:
	Logon Process:		User32 
	Authentication Package:	Negotiate
	Transited Services:	-
	Package Name (NTLM only):	-
	Key Length:		0

This event is generated when a logon session is created. It is generated on the computer that was accessed.

The subject fields indicate the account on the local system which requested the logon. This is most commonly a service such as the Server service, or a local process such as Winlogon.exe or Services.exe.

The logon type field indicates the kind of logon that occurred. The most common types are 2 (interactive) and 3 (network).

The New Logon fields indicate the account for whom the new logon was created, i.e. the account that was logged on.

The network fields indicate where a remote logon request originated. Workstation name is not always available and may be left blank in some cases.

The impersonation level field indicates the extent to which a process in the logon session can impersonate.

The authentication information fields provide detailed information about this specific logon request.
	- Logon GUID is a unique identifier that can be used to correlate this event with a KDC event.
	- Transited services indicate which intermediate services have participated in this logon request.
	- Package name indicates which sub-protocol was used among the NTLM protocols.
	- Key length indicates the length of the generated session key. This will be 0 if no session key was requested.""",2,2026-06-26T02:44:30.1290148Z,292832,19472,DESKTOP-EEL8CND,12544,968,AUDIT_SUCCESS,Microsoft-Windows-Security-Auditing, , , , , , , , , , , , ,0x3e7,WORKGROUP,0x1fd5300d,%%1833,127.0.0.1,Negotiate,DESKTOP-EEL8CND,0x1fd53033,User32,{00000000-0000-0000-0000-000000000000},Arcz,0,%%1843,S-1-5-18,0x8b0,C:\\Windows\\System32\\svchost.exe,0,DESKTOP-EEL8CND,S-1-5-21-788187308-2363564387-3173935200-1001,%%1843,2,DESKTOP-EEL8CND$, , , , , , , , , , , , , , , , , , , , , , , , , , , , , , , , , , , , , , , , , , , , , , , , , , , , , , , , , , , , , , , , , , , , , , , , 
wazuh-alerts-4.x-2026.06.28,yZaqDJ8BLZf6xaoavyUY,1,1,192.168.56.104,WindowsAgent1,001,wazuh-server,false,3, , , ,Non service account logged off.,"[""windows"","" WEF""]", , ,28, , , ,67023, ,windows_eventchannel, ,log,"Jun 27, 2026 @ 22:19:02.445",EventChannel,1782623942.1372643,"Jun 27, 2026 @ 22:19:02.445", , , , , , , , , , , , , , , , , , , , , , , , , ,4634, ,0x8020000000000000,{54849625-5478-4994-a5ba-3e3b0328c30d},0,Security,0,"""An account was logged off.

Subject:
	Security ID:		S-1-5-21-788187308-2363564387-3173935200-1001
	Account Name:		Arcz
	Account Domain:		DESKTOP-EEL8CND
	Logon ID:		0x1FD53033

Logon Type:			2

This event is generated when a logon session is destroyed. It may be positively correlated with a logon event using the Logon ID value. Logon IDs are only unique between reboots on the same computer.""",0,2026-06-26T02:44:30.1298219Z,292834,17928,DESKTOP-EEL8CND,12545,968,AUDIT_SUCCESS,Microsoft-Windows-Security-Auditing, , , , , , , , , , , , , , , , , , , ,0x1fd53033, , ,Arcz, , , , , , ,DESKTOP-EEL8CND,S-1-5-21-788187308-2363564387-3173935200-1001, ,2, , , , , , , , , , , , , , , , , , , , , , , , , , , , , , , , , , , , , , , , , , , , , , , , , , , , , , , , , , , , , , , , , , , , , , , , , 
wazuh-alerts-4.x-2026.06.28,ypaqDJ8BLZf6xaoavyUY,1,1,192.168.56.104,WindowsAgent1,001,wazuh-server,false,3,"[""10.2.5""]","[""164.312.b""]","[""CC6.8"",""CC7.2"",""CC7.3""]",Windows Workstation Logon Success,"[""windows"",""windows_security"",""authentication_success""]","[""AU.14"",""AC.9""]","[""IV_32.2""]",29,"[""Valid Accounts""]","[""T1078""]","[""Defense Evasion"",""Persistence"",""Privilege Escalation"",""Initial Access""]",60118,"[""7.1"",""7.2""]",windows_eventchannel, ,log,"Jun 27, 2026 @ 22:19:03.061",EventChannel,1782623943.1375033,"Jun 27, 2026 @ 22:19:03.061", , , , , , , , , , , , , , , , , , , , , , , , , ,4624, ,0x8020000000000000,{54849625-5478-4994-a5ba-3e3b0328c30d},0,Security,0,"""An account was successfully logged on.

Subject:
	Security ID:		S-1-5-18
	Account Name:		DESKTOP-EEL8CND$
	Account Domain:		WORKGROUP
	Logon ID:		0x3E7

Logon Information:
	Logon Type:		2
	Restricted Admin Mode:	-
	Virtual Account:		No
	Elevated Token:		Yes

Impersonation Level:		Impersonation

New Logon:
	Security ID:		S-1-5-21-788187308-2363564387-3173935200-1001
	Account Name:		Arcz
	Account Domain:		DESKTOP-EEL8CND
	Logon ID:		0x1FE88CE1
	Linked Logon ID:		0x1FE88D0E
	Network Account Name:	-
	Network Account Domain:	-
	Logon GUID:		{00000000-0000-0000-0000-000000000000}

Process Information:
	Process ID:		0x8b0
	Process Name:		C:\Windows\System32\svchost.exe

Network Information:
	Workstation Name:	DESKTOP-EEL8CND
	Source Network Address:	127.0.0.1
	Source Port:		0

Detailed Authentication Information:
	Logon Process:		User32 
	Authentication Package:	Negotiate
	Transited Services:	-
	Package Name (NTLM only):	-
	Key Length:		0

This event is generated when a logon session is created. It is generated on the computer that was accessed.

The subject fields indicate the account on the local system which requested the logon. This is most commonly a service such as the Server service, or a local process such as Winlogon.exe or Services.exe.

The logon type field indicates the kind of logon that occurred. The most common types are 2 (interactive) and 3 (network).

The New Logon fields indicate the account for whom the new logon was created, i.e. the account that was logged on.

The network fields indicate where a remote logon request originated. Workstation name is not always available and may be left blank in some cases.

The impersonation level field indicates the extent to which a process in the logon session can impersonate.

The authentication information fields provide detailed information about this specific logon request.
	- Logon GUID is a unique identifier that can be used to correlate this event with a KDC event.
	- Transited services indicate which intermediate services have participated in this logon request.
	- Package name indicates which sub-protocol was used among the NTLM protocols.
	- Key length indicates the length of the generated session key. This will be 0 if no session key was requested.""",2,2026-06-26T03:01:34.4986458Z,293039,15276,DESKTOP-EEL8CND,12544,968,AUDIT_SUCCESS,Microsoft-Windows-Security-Auditing, , , , , , , , , , , , ,0x3e7,WORKGROUP,0x1fe88d0e,%%1833,127.0.0.1,Negotiate,DESKTOP-EEL8CND,0x1fe88ce1,User32,{00000000-0000-0000-0000-000000000000},Arcz,0,%%1842,S-1-5-18,0x8b0,C:\\Windows\\System32\\svchost.exe,0,DESKTOP-EEL8CND,S-1-5-21-788187308-2363564387-3173935200-1001,%%1843,2,DESKTOP-EEL8CND$, , , , , , , , , , , , , , , , , , , , , , , , , , , , , , , , , , , , , , , , , , , , , , , , , , , , , , , , , , , , , , , , , , , , , , , , 
wazuh-alerts-4.x-2026.06.28,zZaqDJ8BLZf6xaoavyUY,1,1,192.168.56.104,WindowsAgent1,001,wazuh-server,false,3, , , ,Non service account logged off.,"[""windows"","" WEF""]", , ,29, , , ,67023, ,windows_eventchannel, ,log,"Jun 27, 2026 @ 22:19:03.072",EventChannel,1782623943.1393592,"Jun 27, 2026 @ 22:19:03.072", , , , , , , , , , , , , , , , , , , , , , , , , ,4634, ,0x8020000000000000,{54849625-5478-4994-a5ba-3e3b0328c30d},0,Security,0,"""An account was logged off.

Subject:
	Security ID:		S-1-5-21-788187308-2363564387-3173935200-1001
	Account Name:		Arcz
	Account Domain:		DESKTOP-EEL8CND
	Logon ID:		0x1FE88D0E

Logon Type:			2

This event is generated when a logon session is destroyed. It may be positively correlated with a logon event using the Logon ID value. Logon IDs are only unique between reboots on the same computer.""",0,2026-06-26T03:01:34.4996724Z,293042,2384,DESKTOP-EEL8CND,12545,968,AUDIT_SUCCESS,Microsoft-Windows-Security-Auditing, , , , , , , , , , , , , , , , , , , ,0x1fe88d0e, , ,Arcz, , , , , , ,DESKTOP-EEL8CND,S-1-5-21-788187308-2363564387-3173935200-1001, ,2, , , , , , , , , , , , , , , , , , , , , , , , , , , , , , , , , , , , , , , , , , , , , , , , , , , , , , , , , , , , , , , , , , , , , , , , , 
wazuh-alerts-4.x-2026.06.28,zpaqDJ8BLZf6xaoavyUY,1,1,192.168.56.104,WindowsAgent1,001,wazuh-server,false,3, , , ,Non service account logged off.,"[""windows"","" WEF""]", , ,30, , , ,67023, ,windows_eventchannel, ,log,"Jun 27, 2026 @ 22:19:03.072",EventChannel,1782623943.1395980,"Jun 27, 2026 @ 22:19:03.072", , , , , , , , , , , , , , , , , , , , , , , , , ,4634, ,0x8020000000000000,{54849625-5478-4994-a5ba-3e3b0328c30d},0,Security,0,"""An account was logged off.

Subject:
	Security ID:		S-1-5-21-788187308-2363564387-3173935200-1001
	Account Name:		Arcz
	Account Domain:		DESKTOP-EEL8CND
	Logon ID:		0x1FE88CE1

Logon Type:			2

This event is generated when a logon session is destroyed. It may be positively correlated with a logon event using the Logon ID value. Logon IDs are only unique between reboots on the same computer.""",0,2026-06-26T03:01:34.4997194Z,293043,4336,DESKTOP-EEL8CND,12545,968,AUDIT_SUCCESS,Microsoft-Windows-Security-Auditing, , , , , , , , , , , , , , , , , , , ,0x1fe88ce1, , ,Arcz, , , , , , ,DESKTOP-EEL8CND,S-1-5-21-788187308-2363564387-3173935200-1001, ,2, , , , , , , , , , , , , , , , , , , , , , , , , , , , , , , , , , , , , , , , , , , , , , , , , , , , , , , , , , , , , , , , , , , , , , , , , 
wazuh-alerts-4.x-2026.06.28,0JaqDJ8BLZf6xaoawiX5,1,1,192.168.56.104,WindowsAgent1,001,wazuh-server,false,3, , , ,Special privileges assigned to new logon.,"[""windows"","" WEF""]", , ,16,"[""Domain Policy Modification""]","[""T1484""]","[""Defense Evasion"",""Privilege Escalation""]",67028, ,windows_eventchannel, ,log,"Jun 27, 2026 @ 22:19:04.085",EventChannel,1782623944.1406122,"Jun 27, 2026 @ 22:19:04.085", , , , , , , , , , , , , , , , , , , , , , , , , ,4672, ,0x8020000000000000,{54849625-5478-4994-a5ba-3e3b0328c30d},0,Security,0,"""Special privileges assigned to new logon.

Subject:
	Security ID:		S-1-5-21-788187308-2363564387-3173935200-1001
	Account Name:		Arcz
	Account Domain:		DESKTOP-EEL8CND
	Logon ID:		0x200359B2

Privileges:		SeSecurityPrivilege
			SeTakeOwnershipPrivilege
			SeLoadDriverPrivilege
			SeBackupPrivilege
			SeRestorePrivilege
			SeDebugPrivilege
			SeSystemEnvironmentPrivilege
			SeImpersonatePrivilege
			SeDelegateSessionUserImpersonatePrivilege""",0,2026-06-26T04:31:22.6417830Z,293381,21772,DESKTOP-EEL8CND,12548,968,AUDIT_SUCCESS,Microsoft-Windows-Security-Auditing, , , , , , , , , , , , ,0x200359b2,DESKTOP-EEL8CND, , , , , , , , , , , ,S-1-5-21-788187308-2363564387-3173935200-1001, , , , , , , ,Arcz,SeSecurityPrivilege     SeTakeOwnershipPrivilege     SeLoadDriverPrivilege     SeBackupPrivilege     SeRestorePrivilege     SeDebugPrivilege     SeSystemEnvironmentPrivilege     SeImpersonatePrivilege     SeDelegateSessionUserImpersonatePrivilege, , , , , , , , , , , , , , , , , , , , , , , , , , , , , , , , , , , , , , , , , , , , , , , , , , , , , , , , , , , , , , , , , , , , , , , 
wazuh-alerts-4.x-2026.06.28,0ZaqDJ8BLZf6xaoawiX5,1,1,192.168.56.104,WindowsAgent1,001,wazuh-server,false,3,"[""10.2.5""]","[""164.312.b""]","[""CC6.8"",""CC7.2"",""CC7.3""]",Windows Workstation Logon Success,"[""windows"",""windows_security"",""authentication_success""]","[""AU.14"",""AC.9""]","[""IV_32.2""]",32,"[""Valid Accounts""]","[""T1078""]","[""Defense Evasion"",""Persistence"",""Privilege Escalation"",""Initial Access""]",60118,"[""7.1"",""7.2""]",windows_eventchannel, ,log,"Jun 27, 2026 @ 22:19:04.084",EventChannel,1782623944.1409175,"Jun 27, 2026 @ 22:19:04.084", , , , , , , , , , , , , , , , , , , , , , , , , ,4624, ,0x8020000000000000,{54849625-5478-4994-a5ba-3e3b0328c30d},0,Security,0,"""An account was successfully logged on.

Subject:
	Security ID:		S-1-5-18
	Account Name:		DESKTOP-EEL8CND$
	Account Domain:		WORKGROUP
	Logon ID:		0x3E7

Logon Information:
	Logon Type:		2
	Restricted Admin Mode:	-
	Virtual Account:		No
	Elevated Token:		No

Impersonation Level:		Impersonation

New Logon:
	Security ID:		S-1-5-21-788187308-2363564387-3173935200-1001
	Account Name:		Arcz
	Account Domain:		DESKTOP-EEL8CND
	Logon ID:		0x20035C94
	Linked Logon ID:		0x200359B2
	Network Account Name:	-
	Network Account Domain:	-
	Logon GUID:		{00000000-0000-0000-0000-000000000000}

Process Information:
	Process ID:		0x8b0
	Process Name:		C:\Windows\System32\svchost.exe

Network Information:
	Workstation Name:	DESKTOP-EEL8CND
	Source Network Address:	127.0.0.1
	Source Port:		0

Detailed Authentication Information:
	Logon Process:		User32 
	Authentication Package:	Negotiate
	Transited Services:	-
	Package Name (NTLM only):	-
	Key Length:		0

This event is generated when a logon session is created. It is generated on the computer that was accessed.

The subject fields indicate the account on the local system which requested the logon. This is most commonly a service such as the Server service, or a local process such as Winlogon.exe or Services.exe.

The logon type field indicates the kind of logon that occurred. The most common types are 2 (interactive) and 3 (network).

The New Logon fields indicate the account for whom the new logon was created, i.e. the account that was logged on.

The network fields indicate where a remote logon request originated. Workstation name is not always available and may be left blank in some cases.

The impersonation level field indicates the extent to which a process in the logon session can impersonate.

The authentication information fields provide detailed information about this specific logon request.
	- Logon GUID is a unique identifier that can be used to correlate this event with a KDC event.
	- Transited services indicate which intermediate services have participated in this logon request.
	- Package name indicates which sub-protocol was used among the NTLM protocols.
	- Key length indicates the length of the generated session key. This will be 0 if no session key was requested.""",2,2026-06-26T04:31:22.6417754Z,293380,21772,DESKTOP-EEL8CND,12544,968,AUDIT_SUCCESS,Microsoft-Windows-Security-Auditing, , , , , , , , , , , , ,0x3e7,WORKGROUP,0x200359b2,%%1833,127.0.0.1,Negotiate,DESKTOP-EEL8CND,0x20035c94,User32,{00000000-0000-0000-0000-000000000000},Arcz,0,%%1843,S-1-5-18,0x8b0,C:\\Windows\\System32\\svchost.exe,0,DESKTOP-EEL8CND,S-1-5-21-788187308-2363564387-3173935200-1001,%%1843,2,DESKTOP-EEL8CND$, , , , , , , , , , , , , , , , , , , , , , , , , , , , , , , , , , , , , , , , , , , , , , , , , , , , , , , , , , , , , , , , , , , , , , , , 
