wazuh-alerts-4.x-2026.06.28,QZapDJ8BLZf6xaoaxSWG,1,1,192.168.56.104,WindowsAgent1,001,wazuh-server,false,5, , , ,Name resolution for the name config.nos.avast.com. timed out,"[""windows"",""windows_system""]", , ,70, , , ,61109, ,windows_eventchannel, ,log,"Jun 27, 2026 @ 22:17:57.697",EventChannel,1782623877.828793,"Jun 27, 2026 @ 22:17:57.697", , , , , , , , , , , , , , , , , , , , , , , , , ,1014, ,0x4000000010000000,{1c95126e-7eea-49a9-a3fe-a378b03ddb4d},3,System,0,"""Name resolution for the name config.nos.avast.com. timed out after none of the configured DNS servers responded.""",0,2026-06-18T03:29:59.9042716Z,11746,9356,DESKTOP-EEL8CND,1014,3084,WARNING,Microsoft-Windows-DNS-Client, , , , , ,128,1700000000000000FE8000000000000000000000000000010B00000000000000000000000000000000000000000000000000000000000000000000000000000000000000000000000000000000000000000000000000000000000000000000000000000000000000000000000000000000000000000000000000000000000000,config.nos.avast.com., , , , , , , , , , , , , , , , , , , , , , , , , , , , , , , , , , , , , , , , , , , , , , , , , , , , , , , , , , , , , , , , , , , , , , , , , , , , , , , , , , , , , , , , , , , , , , , , , , 
wazuh-alerts-4.x-2026.06.28,SZapDJ8BLZf6xaoaxSWH,1,1,192.168.56.104,WindowsAgent1,001,wazuh-server,false,5, , , ,Name resolution for the name config.nos.avast.com. timed out,"[""windows"",""windows_system""]", , ,73, , , ,61109, ,windows_eventchannel, ,log,"Jun 27, 2026 @ 22:17:58.204",EventChannel,1782623878.858339,"Jun 27, 2026 @ 22:17:58.204", , , , , , , , , , , , , , , , , , , , , , , , , ,1014, ,0x4000000010000000,{1c95126e-7eea-49a9-a3fe-a378b03ddb4d},3,System,0,"""Name resolution for the name config.nos.avast.com. timed out after none of the configured DNS servers responded.""",0,2026-06-20T06:15:42.5243253Z,11848,3540,DESKTOP-EEL8CND,1014,3084,WARNING,Microsoft-Windows-DNS-Client, , , , , ,128,0000000000000000000000000000000000000000000000000000000000000000000000000000000000000000000000000000000000000000000000000000000000000000000000000000000000000000000000000000000000000000000000000000000000000000000000000000000000000000000000000000000000000000,config.nos.avast.com., , , , , , , , , , , , , , , , , , , , , , , , , , , , , , , , , , , , , , , , , , , , , , , , , , , , , , , , , , , , , , , , , , , , , , , , , , , , , , , , , , , , , , , , , , , , , , , , , , 
wazuh-alerts-4.x-2026.06.28,SpapDJ8BLZf6xaoaxSWH,1,1,192.168.56.104,WindowsAgent1,001,wazuh-server,false,5, , , ,Windows System error event,"[""windows"",""windows_system"",""system_error""]", ,"[""IV_35.7.d""]",102, , , ,61102,"[""4.3""]",windows_eventchannel, ,log,"Jun 27, 2026 @ 22:17:58.208",EventChannel,1782623878.860409,"Jun 27, 2026 @ 22:17:58.208", , , , , , , , , , , , , , , , , , , , , , , ,Mozilla Maintenance Service,%%1,7023,Service Control Manager,0x8080000000000000,{555908d1-a6d7-4695-8e1e-26931d2012f4},2,System,0,"""The Mozilla Maintenance Service service terminated with the following error: 
Incorrect function.""",0,2026-06-20T06:17:31.0681402Z,11850,11856,DESKTOP-EEL8CND,0,928,ERROR,Service Control Manager, , , , , , , , ,4D006F007A0069006C006C0061004D00610069006E00740065006E0061006E00630065000000, , , , , , , , , , , , , , , , , , , , , , , , , , , , , , , , , , , , , , , , , , , , , , , , , , , , , , , , , , , , , , , , , , , , , , , , , , , , , , , , , , , , , , , , , , , , , , , , , 
wazuh-alerts-4.x-2026.06.28,TpapDJ8BLZf6xaoaxSWH,1,1,192.168.56.104,WindowsAgent1,001,wazuh-server,false,5, , , ,Name resolution for the name config.nos.avast.com. timed out,"[""windows"",""windows_system""]", , ,75, , , ,61109, ,windows_eventchannel, ,log,"Jun 27, 2026 @ 22:17:58.402",EventChannel,1782623878.867905,"Jun 27, 2026 @ 22:17:58.402", , , , , , , , , , , , , , , , , , , , , , , , , ,1014, ,0x4000000010000000,{1c95126e-7eea-49a9-a3fe-a378b03ddb4d},3,System,0,"""Name resolution for the name config.nos.avast.com. timed out after none of the configured DNS servers responded.""",0,2026-06-20T08:29:25.0404256Z,11894,22192,DESKTOP-EEL8CND,1014,3084,WARNING,Microsoft-Windows-DNS-Client, , , , , ,128,1700000000000000FE8000000000000000000000000000010B00000000000000000000000000000000000000000000000000000000000000000000000000000000000000000000000000000000000000000000000000000000000000000000000000000000000000000000000000000000000000000000000000000000000000,config.nos.avast.com., , , , , , , , , , , , , , , , , , , , , , , , , , , , , , , , , , , , , , , , , , , , , , , , , , , , , , , , , , , , , , , , , , , , , , , , , , , , , , , , , , , , , , , , , , , , , , , , , , 
wazuh-alerts-4.x-2026.06.28,WpapDJ8BLZf6xaoayCX_,1,1,192.168.56.104,WindowsAgent1,001,wazuh-server,false,5, , , ,Name resolution for the name config.nos.avast.com. timed out,"[""windows"",""windows_system""]", , ,86, , , ,61109, ,windows_eventchannel, ,log,"Jun 27, 2026 @ 22:17:59.673",EventChannel,1782623879.892439,"Jun 27, 2026 @ 22:17:59.673", , , , , , , , , , , , , , , , , , , , , , , , , ,1014, ,0x4000000010000000,{1c95126e-7eea-49a9-a3fe-a378b03ddb4d},3,System,0,"""Name resolution for the name config.nos.avast.com. timed out after none of the configured DNS servers responded.""",0,2026-06-23T23:11:32.7931136Z,12162,4904,DESKTOP-EEL8CND,1014,3084,WARNING,Microsoft-Windows-DNS-Client, , , , , ,128,1700000000000000FE8000000000000000000000000000010B00000000000000000000000000000000000000000000000000000000000000000000000000000000000000000000000000000000000000000000000000000000000000000000000000000000000000000000000000000000000000000000000000000000000000,config.nos.avast.com., , , , , , , , , , , , , , , , , , , , , , , , , , , , , , , , , , , , , , , , , , , , , , , , , , , , , , , , , , , , , , , , , , , , , , , , , , , , , , , , , , , , , , , , , , , , , , , , , , 
wazuh-alerts-4.x-2026.06.28,W5apDJ8BLZf6xaoayCX_,1,1,192.168.56.104,WindowsAgent1,001,wazuh-server,false,5, , , ,Name resolution for the name config.nos.avast.com. timed out,"[""windows"",""windows_system""]", , ,87, , , ,61109, ,windows_eventchannel, ,log,"Jun 27, 2026 @ 22:17:59.856",EventChannel,1782623879.894509,"Jun 27, 2026 @ 22:17:59.856", , , , , , , , , , , , , , , , , , , , , , , , , ,1014, ,0x4000000010000000,{1c95126e-7eea-49a9-a3fe-a378b03ddb4d},3,System,0,"""Name resolution for the name config.nos.avast.com. timed out after none of the configured DNS servers responded.""",0,2026-06-24T03:07:19.0405964Z,12202,10976,DESKTOP-EEL8CND,1014,3084,WARNING,Microsoft-Windows-DNS-Client, , , , , ,128,1700000000000000FE8000000000000000000000000000010B00000000000000000000000000000000000000000000000000000000000000000000000000000000000000000000000000000000000000000000000000000000000000000000000000000000000000000000000000000000000000000000000000000000000000,config.nos.avast.com., , , , , , , , , , , , , , , , , , , , , , , , , , , , , , , , , , , , , , , , , , , , , , , , , , , , , , , , , , , , , , , , , , , , , , , , , , , , , , , , , , , , , , , , , , , , , , , , , , 
wazuh-alerts-4.x-2026.06.28,XpapDJ8BLZf6xaoayCX_,1,1,192.168.56.104,WindowsAgent1,001,wazuh-server,false,5, , , ,Name resolution for the name config.nos.avast.com. timed out,"[""windows"",""windows_system""]", , ,90, , , ,61109, ,windows_eventchannel, ,log,"Jun 27, 2026 @ 22:18:00.015",EventChannel,1782623880.900723,"Jun 27, 2026 @ 22:18:00.015", , , , , , , , , , , , , , , , , , , , , , , , , ,1014, ,0x4000000010000000,{1c95126e-7eea-49a9-a3fe-a378b03ddb4d},3,System,0,"""Name resolution for the name config.nos.avast.com. timed out after none of the configured DNS servers responded.""",0,2026-06-24T21:37:13.2051008Z,12243,11248,DESKTOP-EEL8CND,1014,3084,WARNING,Microsoft-Windows-DNS-Client, , , , , ,128,1700000000000000FE8000000000000000000000000000010B00000000000000000000000000000000000000000000000000000000000000000000000000000000000000000000000000000000000000000000000000000000000000000000000000000000000000000000000000000000000000000000000000000000000000,config.nos.avast.com., , , , , , , , , , , , , , , , , , , , , , , , , , , , , , , , , , , , , , , , , , , , , , , , , , , , , , , , , , , , , , , , , , , , , , , , , , , , , , , , , , , , , , , , , , , , , , , , , , 
wazuh-alerts-4.x-2026.06.28,YpapDJ8BLZf6xaoayCX_,1,1,192.168.56.104,WindowsAgent1,001,wazuh-server,false,5, , , ,Windows System error event,"[""windows"",""windows_system"",""system_error""]", ,"[""IV_35.7.d""]",106, , , ,61102,"[""4.3""]",windows_eventchannel, ,log,"Jun 27, 2026 @ 22:18:00.212",EventChannel,1782623880.914526,"Jun 27, 2026 @ 22:18:00.212", , , , , , , , , , , , , , , , , , , , ,Unavailable,{ED215C26-C810-49CE-929E-31D7E83A82E9},Unavailable,"\""C:\\Program Files (x86)\\Microsoft\\Copilot\\Application\\mscopilot_proxy.exe\"" -Embedding",2147942852,10001,DCOM,0x8080000000000000,{1B562E86-B7AA-4131-BADC-B6F3A001407E},2,System,0,"""Unable to start a DCOM Server: {ED215C26-C810-49CE-929E-31D7E83A82E9} as Unavailable/Unavailable. The error:
""2147942852""
Happened while starting this command:
""C:\Program Files (x86)\Microsoft\Copilot\Application\mscopilot_proxy.exe"" -Embedding""",0,2026-06-25T00:32:45.2514404Z,12287,15072,DESKTOP-EEL8CND,0,760,ERROR,Microsoft-Windows-DistributedCOM, , , , , , , , , , , , , , , , , , , , , , , , , , , , , , , , , , , , , , , , , , , , , , , , , , , , , , , , , , , , , , , , , , , , , , , , , , , , , , , , , , , , , , , , , , , , , , , , , , , , , , , , , , 
wazuh-alerts-4.x-2026.06.28,aZapDJ8BLZf6xaoazCXf,1,1,192.168.56.104,WindowsAgent1,001,wazuh-server,false,5, , , ,Name resolution for the name geo.prod.do.dsp.mp.microsoft.com timed out,"[""windows"",""windows_system""]", , ,97, , , ,61109, ,windows_eventchannel, ,log,"Jun 27, 2026 @ 22:18:00.336",EventChannel,1782623880.929534,"Jun 27, 2026 @ 22:18:00.336", , , , , , , , , , , , , , , , , , , , , , , , , ,1014, ,0x4000000010000000,{1c95126e-7eea-49a9-a3fe-a378b03ddb4d},3,System,0,"""Name resolution for the name geo.prod.do.dsp.mp.microsoft.com timed out after none of the configured DNS servers responded.""",0,2026-06-25T01:24:13.6001014Z,12313,14648,DESKTOP-EEL8CND,1014,3084,WARNING,Microsoft-Windows-DNS-Client, , , , , ,128,02000000C0A80101000000000000000000000000000000000000000000000000000000000000000000000000000000000000000000000000000000000000000000000000000000000000000000000000000000000000000000000000000000000000000000000000000000000000000000000000000000000000000000000000,geo.prod.do.dsp.mp.microsoft.com, , , , , , , , , , , , , , , , , , , , , , , , , , , , , , , , , , , , , , , , , , , , , , , , , , , , , , , , , , , , , , , , , , , , , , , , , , , , , , , , , , , , , , , , , , , , , , , , , , 
wazuh-alerts-4.x-2026.06.28,bpapDJ8BLZf6xaoazCXf,1,1,192.168.56.104,WindowsAgent1,001,wazuh-server,false,5, , , ,Name resolution for the name config.nos.avast.com. timed out,"[""windows"",""windows_system""]", , ,102, , , ,61109, ,windows_eventchannel, ,log,"Jun 27, 2026 @ 22:18:01.011",EventChannel,1782623881.940016,"Jun 27, 2026 @ 22:18:01.011", , , , , , , , , , , , , , , , , , , , , , , , , ,1014, ,0x4000000010000000,{1c95126e-7eea-49a9-a3fe-a378b03ddb4d},3,System,0,"""Name resolution for the name config.nos.avast.com. timed out after none of the configured DNS servers responded.""",0,2026-06-25T20:52:23.2169585Z,12436,12160,DESKTOP-EEL8CND,1014,3084,WARNING,Microsoft-Windows-DNS-Client, , , , , ,128,1700000000000000FE8000000000000000000000000000010B00000000000000000000000000000000000000000000000000000000000000000000000000000000000000000000000000000000000000000000000000000000000000000000000000000000000000000000000000000000000000000000000000000000000000,config.nos.avast.com., , , , , , , , , , , , , , , , , , , , , , , , , , , , , , , , , , , , , , , , , , , , , , , , , , , , , , , , , , , , , , , , , , , , , , , , , , , , , , , , , , , , , , , , , , , , , , , , , , 
wazuh-alerts-4.x-2026.06.28,b5apDJ8BLZf6xaoazCXf,1,1,192.168.56.104,WindowsAgent1,001,wazuh-server,false,5, , , ,Name resolution for the name config.nos.avast.com. timed out,"[""windows"",""windows_system""]", , ,103, , , ,61109, ,windows_eventchannel, ,log,"Jun 27, 2026 @ 22:18:01.115",EventChannel,1782623881.942088,"Jun 27, 2026 @ 22:18:01.115", , , , , , , , , , , , , , , , , , , , , , , , , ,1014, ,0x4000000010000000,{1c95126e-7eea-49a9-a3fe-a378b03ddb4d},3,System,0,"""Name resolution for the name config.nos.avast.com. timed out after none of the configured DNS servers responded.""",0,2026-06-25T21:54:04.0103130Z,12459,12380,DESKTOP-EEL8CND,1014,3084,WARNING,Microsoft-Windows-DNS-Client, , , , , ,128,1700000000000000FE8000000000000000000000000000010B00000000000000000000000000000000000000000000000000000000000000000000000000000000000000000000000000000000000000000000000000000000000000000000000000000000000000000000000000000000000000000000000000000000000000,config.nos.avast.com., , , , , , , , , , , , , , , , , , , , , , , , , , , , , , , , , , , , , , , , , , , , , , , , , , , , , , , , , , , , , , , , , , , , , , , , , , , , , , , , , , , , , , , , , , , , , , , , , , 
wazuh-alerts-4.x-2026.06.28,cJapDJ8BLZf6xaoazCXf,1,1,192.168.56.104,WindowsAgent1,001,wazuh-server,false,5, , , ,Name resolution for the name config.nos.avast.com. timed out,"[""windows"",""windows_system""]", , ,104, , , ,61109, ,windows_eventchannel, ,log,"Jun 27, 2026 @ 22:18:01.148",EventChannel,1782623881.944160,"Jun 27, 2026 @ 22:18:01.148", , , , , , , , , , , , , , , , , , , , , , , , , ,1014, ,0x4000000010000000,{1c95126e-7eea-49a9-a3fe-a378b03ddb4d},3,System,0,"""Name resolution for the name config.nos.avast.com. timed out after none of the configured DNS servers responded.""",0,2026-06-25T22:55:36.4524715Z,12467,14600,DESKTOP-EEL8CND,1014,3084,WARNING,Microsoft-Windows-DNS-Client, , , , , ,128,1700000000000000FE8000000000000000000000000000010B00000000000000000000000000000000000000000000000000000000000000000000000000000000000000000000000000000000000000000000000000000000000000000000000000000000000000000000000000000000000000000000000000000000000000,config.nos.avast.com., , , , , , , , , , , , , , , , , , , , , , , , , , , , , , , , , , , , , , , , , , , , , , , , , , , , , , , , , , , , , , , , , , , , , , , , , , , , , , , , , , , , , , , , , , , , , , , , , , 
wazuh-alerts-4.x-2026.06.28,cpapDJ8BLZf6xaoazCXf,1,1,192.168.56.104,WindowsAgent1,001,wazuh-server,false,5, , , ,Windows System error event,"[""windows"",""windows_system"",""system_error""]", ,"[""IV_35.7.d""]",110, , , ,61102,"[""4.3""]",windows_eventchannel, ,log,"Jun 27, 2026 @ 22:18:01.212",EventChannel,1782623881.948477,"Jun 27, 2026 @ 22:18:01.212", , , , , , , , , , , , , , , , , , , , ,Unavailable,{ED215C26-C810-49CE-929E-31D7E83A82E9},Unavailable,"\""C:\\Program Files (x86)\\Microsoft\\Copilot\\Application\\mscopilot_proxy.exe\"" -Embedding",2147942852,10001,DCOM,0x8080000000000000,{1B562E86-B7AA-4131-BADC-B6F3A001407E},2,System,0,"""Unable to start a DCOM Server: {ED215C26-C810-49CE-929E-31D7E83A82E9} as Unavailable/Unavailable. The error:
""2147942852""
Happened while starting this command:
""C:\Program Files (x86)\Microsoft\Copilot\Application\mscopilot_proxy.exe"" -Embedding""",0,2026-06-26T00:38:49.2277160Z,12482,13768,DESKTOP-EEL8CND,0,760,ERROR,Microsoft-Windows-DistributedCOM, , , , , , , , , , , , , , , , , , , , , , , , , , , , , , , , , , , , , , , , , , , , , , , , , , , , , , , , , , , , , , , , , , , , , , , , , , , , , , , , , , , , , , , , , , , , , , , , , , , , , , , , , , 
wazuh-alerts-4.x-2026.06.28,dJapDJ8BLZf6xaoa0CXN,1,1,192.168.56.104,WindowsAgent1,001,wazuh-server,false,5, , , ,Name resolution for the name config.nos.avast.com. timed out,"[""windows"",""windows_system""]", , ,106, , , ,61109, ,windows_eventchannel, ,log,"Jun 27, 2026 @ 22:18:01.523",EventChannel,1782623881.952794,"Jun 27, 2026 @ 22:18:01.523", , , , , , , , , , , , , , , , , , , , , , , , , ,1014, ,0x4000000010000000,{1c95126e-7eea-49a9-a3fe-a378b03ddb4d},3,System,0,"""Name resolution for the name config.nos.avast.com. timed out after none of the configured DNS servers responded.""",0,2026-06-26T03:02:36.9250670Z,12552,11796,DESKTOP-EEL8CND,1014,3084,WARNING,Microsoft-Windows-DNS-Client, , , , , ,128,1700000000000000FE8000000000000000000000000000010B00000000000000000000000000000000000000000000000000000000000000000000000000000000000000000000000000000000000000000000000000000000000000000000000000000000000000000000000000000000000000000000000000000000000000,config.nos.avast.com., , , , , , , , , , , , , , , , , , , , , , , , , , , , , , , , , , , , , , , , , , , , , , , , , , , , , , , , , , , , , , , , , , , , , , , , , , , , , , , , , , , , , , , , , , , , , , , , , , 
wazuh-alerts-4.x-2026.06.28,eZapDJ8BLZf6xaoa0CXN,1,1,192.168.56.104,WindowsAgent1,001,wazuh-server,false,5, , , ,Name resolution for the name config.nos.avast.com. timed out,"[""windows"",""windows_system""]", , ,111, , , ,61109, ,windows_eventchannel, ,log,"Jun 27, 2026 @ 22:18:02.285",EventChannel,1782623882.963152,"Jun 27, 2026 @ 22:18:02.285", , , , , , , , , , , , , , , , , , , , , , , , , ,1014, ,0x4000000010000000,{1c95126e-7eea-49a9-a3fe-a378b03ddb4d},3,System,0,"""Name resolution for the name config.nos.avast.com. timed out after none of the configured DNS servers responded.""",0,2026-06-27T23:12:42.2268976Z,12722,4832,DESKTOP-EEL8CND,1014,3084,WARNING,Microsoft-Windows-DNS-Client, , , , , ,128,1700000000000000FE8000000000000000000000000000010B00000000000000000000000000000000000000000000000000000000000000000000000000000000000000000000000000000000000000000000000000000000000000000000000000000000000000000000000000000000000000000000000000000000000000,config.nos.avast.com., , , , , , , , , , , , , , , , , , , , , , , , , , , , , , , , , , , , , , , , , , , , , , , , , , , , , , , , , , , , , , , , , , , , , , , , , , , , , , , , , , , , , , , , , , , , , , , , , , 
wazuh-alerts-4.x-2026.06.28,e5apDJ8BLZf6xaoa1CWe,1,1,192.168.56.104,WindowsAgent1,001,wazuh-server,false,5,"[""10.2.4"",""10.2.5""]","[""164.312.b""]","[""CC6.1"",""CC6.8"",""CC7.2"",""CC7.3""]",Logon Failure - Unknown user or bad password,"[""windows"",""windows_security"",""authentication_failed""]","[""AU.14"",""AC.7""]","[""IV_35.7.d"",""IV_32.2""]",1,"[""Account Access Removal""]","[""T1531""]","[""Impact""]",60122,"[""7.1""]",windows_eventchannel, ,log,"Jun 27, 2026 @ 22:18:03.181",EventChannel,1782623883.967294,"Jun 27, 2026 @ 22:18:03.181", , , , , , , , , , , , , , , , , , , , , , , , , ,4625, ,0x8010000000000000,{54849625-5478-4994-a5ba-3e3b0328c30d},0,Security,0,"""An account failed to log on.

Subject:
	Security ID:		S-1-0-0
	Account Name:		-
	Account Domain:		-
	Logon ID:		0x0

Logon Type:			3

Account For Which Logon Failed:
	Security ID:		S-1-0-0
	Account Name:		guest
	Account Domain:		

Failure Information:
	Failure Reason:		Account currently disabled.
	Status:			0xC000006E
	Sub Status:		0xC0000072

Process Information:
	Caller Process ID:	0x0
	Caller Process Name:	-

Network Information:
	Workstation Name:	-
	Source Network Address:	192.168.1.12
	Source Port:		53679

Detailed Authentication Information:
	Logon Process:		NtLmSsp 
	Authentication Package:	NTLM
	Transited Services:	-
	Package Name (NTLM only):	-
	Key Length:		0

This event is generated when a logon request fails. It is generated on the computer where access was attempted.

The Subject fields indicate the account on the local system which requested the logon. This is most commonly a service such as the Server service, or a local process such as Winlogon.exe or Services.exe.

The Logon Type field indicates the kind of logon that was requested. The most common types are 2 (interactive) and 3 (network).

The Process Information fields indicate which account and process on the system requested the logon.

The Network Information fields indicate where a remote logon request originated. Workstation name is not always available and may be left blank in some cases.

The authentication information fields provide detailed information about this specific logon request.
	- Transited services indicate which intermediate services have participated in this logon request.
	- Package name indicates which sub-protocol was used among the NTLM protocols.
	- Key length indicates the length of the generated session key. This will be 0 if no session key was requested.""",0,2026-06-24T03:32:16.5732708Z,274521,23436,DESKTOP-EEL8CND,12544,968,AUDIT_FAILURE,Microsoft-Windows-Security-Auditing, , , , , , , , , , , , ,0x0, , , ,192.168.1.12,NTLM, , ,NtLmSsp, ,guest,0, ,S-1-0-0,0x0, ,53679, ,S-1-0-0, ,3, , ,0xc0000072,%%2310,0xc000006e, , , , , , , , , , , , , , , , , , , , , , , , , , , , , , , , , , , , , , , , , , , , , , , , , , , , , , , , , , , , , , , , , , , , 
wazuh-alerts-4.x-2026.06.28,fJapDJ8BLZf6xaoa1CWe,1,1,192.168.56.104,WindowsAgent1,001,wazuh-server,false,5,"[""10.2.4"",""10.2.5""]","[""164.312.b""]","[""CC6.1"",""CC6.8"",""CC7.2"",""CC7.3""]",Logon Failure - Unknown user or bad password,"[""windows"",""windows_security"",""authentication_failed""]","[""AU.14"",""AC.7""]","[""IV_35.7.d"",""IV_32.2""]",2,"[""Account Access Removal""]","[""T1531""]","[""Impact""]",60122,"[""7.1""]",windows_eventchannel, ,log,"Jun 27, 2026 @ 22:18:03.185",EventChannel,1782623883.973292,"Jun 27, 2026 @ 22:18:03.185", , , , , , , , , , , , , , , , , , , , , , , , , ,4625, ,0x8010000000000000,{54849625-5478-4994-a5ba-3e3b0328c30d},0,Security,0,"""An account failed to log on.

Subject:
	Security ID:		S-1-0-0
	Account Name:		-
	Account Domain:		-
	Logon ID:		0x0

Logon Type:			3

Account For Which Logon Failed:
	Security ID:		S-1-0-0
	Account Name:		guest
	Account Domain:		

Failure Information:
	Failure Reason:		Account currently disabled.
	Status:			0xC000006E
	Sub Status:		0xC0000072

Process Information:
	Caller Process ID:	0x0
	Caller Process Name:	-

Network Information:
	Workstation Name:	-
	Source Network Address:	192.168.1.12
	Source Port:		53686

Detailed Authentication Information:
	Logon Process:		NtLmSsp 
	Authentication Package:	NTLM
	Transited Services:	-
	Package Name (NTLM only):	-
	Key Length:		0

This event is generated when a logon request fails. It is generated on the computer where access was attempted.

The Subject fields indicate the account on the local system which requested the logon. This is most commonly a service such as the Server service, or a local process such as Winlogon.exe or Services.exe.

The Logon Type field indicates the kind of logon that was requested. The most common types are 2 (interactive) and 3 (network).

The Process Information fields indicate which account and process on the system requested the logon.

The Network Information fields indicate where a remote logon request originated. Workstation name is not always available and may be left blank in some cases.

The authentication information fields provide detailed information about this specific logon request.
	- Transited services indicate which intermediate services have participated in this logon request.
	- Package name indicates which sub-protocol was used among the NTLM protocols.
	- Key length indicates the length of the generated session key. This will be 0 if no session key was requested.""",0,2026-06-24T03:32:18.9499104Z,274522,23436,DESKTOP-EEL8CND,12544,968,AUDIT_FAILURE,Microsoft-Windows-Security-Auditing, , , , , , , , , , , , ,0x0, , , ,192.168.1.12,NTLM, , ,NtLmSsp, ,guest,0, ,S-1-0-0,0x0, ,53686, ,S-1-0-0, ,3, , ,0xc0000072,%%2310,0xc000006e, , , , , , , , , , , , , , , , , , , , , , , , , , , , , , , , , , , , , , , , , , , , , , , , , , , , , , , , , , , , , , , , , , , , 
wazuh-alerts-4.x-2026.06.28,1JaqDJ8BLZf6xaoa3iVr,1,1,192.168.56.104,WindowsAgent1,001,wazuh-server,false,3,"[""10.2.5""]","[""164.312.b""]","[""CC6.8"",""CC7.2"",""CC7.3""]",Windows Workstation Logon Success,"[""windows"",""windows_security"",""authentication_success""]","[""AU.14"",""AC.9""]","[""IV_32.2""]",33,"[""Valid Accounts""]","[""T1078""]","[""Defense Evasion"",""Persistence"",""Privilege Escalation"",""Initial Access""]",60118,"[""7.1"",""7.2""]",windows_eventchannel, ,log,"Jun 27, 2026 @ 22:19:09.746",EventChannel,1782623949.1421707,"Jun 27, 2026 @ 22:19:09.746", , , , , , , , , , , , , , , , , , , , , , , , , ,4624, ,0x8020000000000000,{54849625-5478-4994-a5ba-3e3b0328c30d},0,Security,0,"""An account was successfully logged on.

Subject:
	Security ID:		S-1-5-18
	Account Name:		DESKTOP-EEL8CND$
	Account Domain:		WORKGROUP
	Logon ID:		0x3E7

Logon Information:
	Logon Type:		2
	Restricted Admin Mode:	-
	Virtual Account:		No
	Elevated Token:		Yes

Impersonation Level:		Impersonation

New Logon:
	Security ID:		S-1-5-21-788187308-2363564387-3173935200-1001
	Account Name:		Arcz
	Account Domain:		DESKTOP-EEL8CND
	Logon ID:		0x2023F66D
	Linked Logon ID:		0x2023F77C
	Network Account Name:	-
	Network Account Domain:	-
	Logon GUID:		{00000000-0000-0000-0000-000000000000}

Process Information:
	Process ID:		0x8b0
	Process Name:		C:\Windows\System32\svchost.exe

Network Information:
	Workstation Name:	DESKTOP-EEL8CND
	Source Network Address:	127.0.0.1
	Source Port:		0

Detailed Authentication Information:
	Logon Process:		User32 
	Authentication Package:	Negotiate
	Transited Services:	-
	Package Name (NTLM only):	-
	Key Length:		0

This event is generated when a logon session is created. It is generated on the computer that was accessed.

The subject fields indicate the account on the local system which requested the logon. This is most commonly a service such as the Server service, or a local process such as Winlogon.exe or Services.exe.

The logon type field indicates the kind of logon that occurred. The most common types are 2 (interactive) and 3 (network).

The New Logon fields indicate the account for whom the new logon was created, i.e. the account that was logged on.

The network fields indicate where a remote logon request originated. Workstation name is not always available and may be left blank in some cases.

The impersonation level field indicates the extent to which a process in the logon session can impersonate.

The authentication information fields provide detailed information about this specific logon request.
	- Logon GUID is a unique identifier that can be used to correlate this event with a KDC event.
	- Transited services indicate which intermediate services have participated in this logon request.
	- Package name indicates which sub-protocol was used among the NTLM protocols.
	- Key length indicates the length of the generated session key. This will be 0 if no session key was requested.""",2,2026-06-27T01:46:12.9240790Z,294733,21320,DESKTOP-EEL8CND,12544,968,AUDIT_SUCCESS,Microsoft-Windows-Security-Auditing, , , , , , , , , , , , ,0x3e7,WORKGROUP,0x2023f77c,%%1833,127.0.0.1,Negotiate,DESKTOP-EEL8CND,0x2023f66d,User32,{00000000-0000-0000-0000-000000000000},Arcz,0,%%1842,S-1-5-18,0x8b0,C:\\Windows\\System32\\svchost.exe,0,DESKTOP-EEL8CND,S-1-5-21-788187308-2363564387-3173935200-1001,%%1843,2,DESKTOP-EEL8CND$, , , , , , , , , , , , , , , , , , , , , , , , , , , , , , , , , , , , , , , , , , , , , , , , , , , , , , , , , , , , , , , , , , , , , , , , 
wazuh-alerts-4.x-2026.06.28,2ZaqDJ8BLZf6xaoa3iVr,1,1,192.168.56.104,WindowsAgent1,001,wazuh-server,false,5,"[""10.2.4"",""10.2.5""]","[""164.312.b""]","[""CC6.1"",""CC6.8"",""CC7.2"",""CC7.3""]",Logon Failure - Unknown user or bad password,"[""windows"",""windows_security"",""authentication_failed""]","[""AU.14"",""AC.7""]","[""IV_35.7.d"",""IV_32.2""]",14,"[""Account Access Removal""]","[""T1531""]","[""Impact""]",60122,"[""7.1""]",windows_eventchannel, ,log,"Jun 27, 2026 @ 22:19:11.409",EventChannel,1782623951.1445044,"Jun 27, 2026 @ 22:19:11.409", , , , , , , , , , , , , , , , , , , , , , , , , ,4625, ,0x8010000000000000,{54849625-5478-4994-a5ba-3e3b0328c30d},0,Security,0,"""An account failed to log on.

Subject:
	Security ID:		S-1-0-0
	Account Name:		-
	Account Domain:		-
	Logon ID:		0x0

Logon Type:			3

Account For Which Logon Failed:
	Security ID:		S-1-0-0
	Account Name:		guest
	Account Domain:		

Failure Information:
	Failure Reason:		Account currently disabled.
	Status:			0xC000006E
	Sub Status:		0xC0000072

Process Information:
	Caller Process ID:	0x0
	Caller Process Name:	-

Network Information:
	Workstation Name:	-
	Source Network Address:	192.168.1.10
	Source Port:		60179

Detailed Authentication Information:
	Logon Process:		NtLmSsp 
	Authentication Package:	NTLM
	Transited Services:	-
	Package Name (NTLM only):	-
	Key Length:		0

This event is generated when a logon request fails. It is generated on the computer where access was attempted.

The Subject fields indicate the account on the local system which requested the logon. This is most commonly a service such as the Server service, or a local process such as Winlogon.exe or Services.exe.

The Logon Type field indicates the kind of logon that was requested. The most common types are 2 (interactive) and 3 (network).

The Process Information fields indicate which account and process on the system requested the logon.

The Network Information fields indicate where a remote logon request originated. Workstation name is not always available and may be left blank in some cases.

The authentication information fields provide detailed information about this specific logon request.
	- Transited services indicate which intermediate services have participated in this logon request.
	- Package name indicates which sub-protocol was used among the NTLM protocols.
	- Key length indicates the length of the generated session key. This will be 0 if no session key was requested.""",0,2026-06-27T01:46:23.6352197Z,295196,14096,DESKTOP-EEL8CND,12544,968,AUDIT_FAILURE,Microsoft-Windows-Security-Auditing, , , , , , , , , , , , ,0x0, , , ,192.168.1.10,NTLM, , ,NtLmSsp, ,guest,0, ,S-1-0-0,0x0, ,60179, ,S-1-0-0, ,3, , ,0xc0000072,%%2310,0xc000006e, , , , , , , , , , , , , , , , , , , , , , , , , , , , , , , , , , , , , , , , , , , , , , , , , , , , , , , , , , , , , , , , , , , , 
wazuh-alerts-4.x-2026.06.28,ipaqDJ8BLZf6xaoaLiWM,1,1,192.168.56.104,WindowsAgent1,001,wazuh-server,false,3, , , ,Special privileges assigned to new logon.,"[""windows"","" WEF""]", , ,4,"[""Domain Policy Modification""]","[""T1484""]","[""Defense Evasion"",""Privilege Escalation""]",67028, ,windows_eventchannel, ,log,"Jun 27, 2026 @ 22:18:18.827",EventChannel,1782623898.1047399,"Jun 27, 2026 @ 22:18:18.827", , , , , , , , , , , , , , , , , , , , , , , , , ,4672, ,0x8020000000000000,{54849625-5478-4994-a5ba-3e3b0328c30d},0,Security,0,"""Special privileges assigned to new logon.

Subject:
	Security ID:		S-1-5-21-788187308-2363564387-3173935200-1001
	Account Name:		Arcz
	Account Domain:		DESKTOP-EEL8CND
	Logon ID:		0x1AAF3E89

Privileges:		SeSecurityPrivilege
			SeTakeOwnershipPrivilege
			SeLoadDriverPrivilege
			SeBackupPrivilege
			SeRestorePrivilege
			SeDebugPrivilege
			SeSystemEnvironmentPrivilege
			SeImpersonatePrivilege
			SeDelegateSessionUserImpersonatePrivilege""",0,2026-06-24T21:36:53.8665917Z,279821,21824,DESKTOP-EEL8CND,12548,968,AUDIT_SUCCESS,Microsoft-Windows-Security-Auditing, , , , , , , , , , , , ,0x1aaf3e89,DESKTOP-EEL8CND, , , , , , , , , , , ,S-1-5-21-788187308-2363564387-3173935200-1001, , , , , , , ,Arcz,SeSecurityPrivilege     SeTakeOwnershipPrivilege     SeLoadDriverPrivilege     SeBackupPrivilege     SeRestorePrivilege     SeDebugPrivilege     SeSystemEnvironmentPrivilege     SeImpersonatePrivilege     SeDelegateSessionUserImpersonatePrivilege, , , , , , , , , , , , , , , , , , , , , , , , , , , , , , , , , , , , , , , , , , , , , , , , , , , , , , , , , , , , , , , , , , , , , , , 
wazuh-alerts-4.x-2026.06.28,jZaqDJ8BLZf6xaoaLiWM,1,1,192.168.56.104,WindowsAgent1,001,wazuh-server,false,5,"[""10.2.4"",""10.2.5""]","[""164.312.b""]","[""CC6.1"",""CC6.8"",""CC7.2"",""CC7.3""]",Logon Failure - Unknown user or bad password,"[""windows"",""windows_security"",""authentication_failed""]","[""AU.14"",""AC.7""]","[""IV_35.7.d"",""IV_32.2""]",4,"[""Account Access Removal""]","[""T1531""]","[""Impact""]",60122,"[""7.1""]",windows_eventchannel, ,log,"Jun 27, 2026 @ 22:18:25.187",EventChannel,1782623905.1055232,"Jun 27, 2026 @ 22:18:25.187", , , , , , , , , , , , , , , , , , , , , , , , , ,4625, ,0x8010000000000000,{54849625-5478-4994-a5ba-3e3b0328c30d},0,Security,0,"""An account failed to log on.

Subject:
	Security ID:		S-1-0-0
	Account Name:		-
	Account Domain:		-
	Logon ID:		0x0

Logon Type:			3

Account For Which Logon Failed:
	Security ID:		S-1-0-0
	Account Name:		guest
	Account Domain:		

Failure Information:
	Failure Reason:		Account currently disabled.
	Status:			0xC000006E
	Sub Status:		0xC0000072

Process Information:
	Caller Process ID:	0x0
	Caller Process Name:	-

Network Information:
	Workstation Name:	-
	Source Network Address:	192.168.1.10
	Source Port:		59901

Detailed Authentication Information:
	Logon Process:		NtLmSsp 
	Authentication Package:	NTLM
	Transited Services:	-
	Package Name (NTLM only):	-
	Key Length:		0

This event is generated when a logon request fails. It is generated on the computer where access was attempted.

The Subject fields indicate the account on the local system which requested the logon. This is most commonly a service such as the Server service, or a local process such as Winlogon.exe or Services.exe.

The Logon Type field indicates the kind of logon that was requested. The most common types are 2 (interactive) and 3 (network).

The Process Information fields indicate which account and process on the system requested the logon.

The Network Information fields indicate where a remote logon request originated. Workstation name is not always available and may be left blank in some cases.

The authentication information fields provide detailed information about this specific logon request.
	- Transited services indicate which intermediate services have participated in this logon request.
	- Package name indicates which sub-protocol was used among the NTLM protocols.
	- Key length indicates the length of the generated session key. This will be 0 if no session key was requested.""",0,2026-06-24T22:26:25.0636880Z,281592,19564,DESKTOP-EEL8CND,12544,968,AUDIT_FAILURE,Microsoft-Windows-Security-Auditing, , , , , , , , , , , , ,0x0, , , ,192.168.1.10,NTLM, , ,NtLmSsp, ,guest,0, ,S-1-0-0,0x0, ,59901, ,S-1-0-0, ,3, , ,0xc0000072,%%2310,0xc000006e, , , , , , , , , , , , , , , , , , , , , , , , , , , , , , , , , , , , , , , , , , , , , , , , , , , , , , , , , , , , , , , , , , , , 
wazuh-alerts-4.x-2026.06.28,j5aqDJ8BLZf6xaoaLiWM,1,1,192.168.56.104,WindowsAgent1,001,wazuh-server,false,5,"[""10.2.4"",""10.2.5""]","[""164.312.b""]","[""CC6.1"",""CC6.8"",""CC7.2"",""CC7.3""]",Logon Failure - Unknown user or bad password,"[""windows"",""windows_security"",""authentication_failed""]","[""AU.14"",""AC.7""]","[""IV_35.7.d"",""IV_32.2""]",6,"[""Account Access Removal""]","[""T1531""]","[""Impact""]",60122,"[""7.1""]",windows_eventchannel, ,log,"Jun 27, 2026 @ 22:18:25.193",EventChannel,1782623905.1067230,"Jun 27, 2026 @ 22:18:25.193", , , , , , , , , , , , , , , , , , , , , , , , , ,4625, ,0x8010000000000000,{54849625-5478-4994-a5ba-3e3b0328c30d},0,Security,0,"""An account failed to log on.

Subject:
	Security ID:		S-1-0-0
	Account Name:		-
	Account Domain:		-
	Logon ID:		0x0

Logon Type:			3

Account For Which Logon Failed:
	Security ID:		S-1-0-0
	Account Name:		
	Account Domain:		

Failure Information:
	Failure Reason:		Unknown user name or bad password.
	Status:			0xC000006D
	Sub Status:		0xC0000064

Process Information:
	Caller Process ID:	0x0
	Caller Process Name:	-

Network Information:
	Workstation Name:	-
	Source Network Address:	192.168.1.10
	Source Port:		59904

Detailed Authentication Information:
	Logon Process:		NtLmSsp 
	Authentication Package:	NTLM
	Transited Services:	-
	Package Name (NTLM only):	-
	Key Length:		0

This event is generated when a logon request fails. It is generated on the computer where access was attempted.

The Subject fields indicate the account on the local system which requested the logon. This is most commonly a service such as the Server service, or a local process such as Winlogon.exe or Services.exe.

The Logon Type field indicates the kind of logon that was requested. The most common types are 2 (interactive) and 3 (network).

The Process Information fields indicate which account and process on the system requested the logon.

The Network Information fields indicate where a remote logon request originated. Workstation name is not always available and may be left blank in some cases.

The authentication information fields provide detailed information about this specific logon request.
	- Transited services indicate which intermediate services have participated in this logon request.
	- Package name indicates which sub-protocol was used among the NTLM protocols.
	- Key length indicates the length of the generated session key. This will be 0 if no session key was requested.""",0,2026-06-24T22:26:26.2829511Z,281594,19564,DESKTOP-EEL8CND,12544,968,AUDIT_FAILURE,Microsoft-Windows-Security-Auditing, , , , , , , , , , , , ,0x0, , , ,192.168.1.10,NTLM, , ,NtLmSsp, , ,0, ,S-1-0-0,0x0, ,59904, ,S-1-0-0, ,3, , ,0xc0000064,%%2313,0xc000006d, , , , , , , , , , , , , , , , , , , , , , , , , , , , , , , , , , , , , , , , , , , , , , , , , , , , , , , , , , , , , , , , , , , , 
wazuh-alerts-4.x-2026.06.28,lJaqDJ8BLZf6xaoaLiWM,1,1,192.168.56.104,WindowsAgent1,001,wazuh-server,false,3, , , ,Non service account logged off.,"[""windows"","" WEF""]", , ,10, , , ,67023, ,windows_eventchannel, ,log,"Jun 27, 2026 @ 22:18:25.919",EventChannel,1782623905.1094121,"Jun 27, 2026 @ 22:18:25.919", , , , , , , , , , , , , , , , , , , , , , , , , ,4634, ,0x8020000000000000,{54849625-5478-4994-a5ba-3e3b0328c30d},0,Security,0,"""An account was logged off.

Subject:
	Security ID:		S-1-5-21-788187308-2363564387-3173935200-1001
	Account Name:		Arcz
	Account Domain:		DESKTOP-EEL8CND
	Logon ID:		0x1B59A6A0

Logon Type:			2

This event is generated when a logon session is destroyed. It may be positively correlated with a logon event using the Logon ID value. Logon IDs are only unique between reboots on the same computer.""",0,2026-06-24T23:37:37.3737511Z,281798,18032,DESKTOP-EEL8CND,12545,968,AUDIT_SUCCESS,Microsoft-Windows-Security-Auditing, , , , , , , , , , , , , , , , , , , ,0x1b59a6a0, , ,Arcz, , , , , , ,DESKTOP-EEL8CND,S-1-5-21-788187308-2363564387-3173935200-1001, ,2, , , , , , , , , , , , , , , , , , , , , , , , , , , , , , , , , , , , , , , , , , , , , , , , , , , , , , , , , , , , , , , , , , , , , , , , , 
wazuh-alerts-4.x-2026.06.28,fpapDJ8BLZf6xaoa7yX1,1,1,192.168.56.104,WindowsAgent1,001,wazuh-server,false,3,"[""10.2.5""]","[""164.312.b""]","[""CC6.8"",""CC7.2"",""CC7.3""]",Windows Workstation Logon Success,"[""windows"",""windows_security"",""authentication_success""]","[""AU.14"",""AC.9""]","[""IV_32.2""]",3,"[""Valid Accounts""]","[""T1078""]","[""Defense Evasion"",""Persistence"",""Privilege Escalation"",""Initial Access""]",60118,"[""7.1"",""7.2""]",windows_eventchannel, ,log,"Jun 27, 2026 @ 22:18:10.007",EventChannel,1782623890.985231,"Jun 27, 2026 @ 22:18:10.007", , , , , , , , , , , , , , , , , , , , , , , , , ,4624, ,0x8020000000000000,{54849625-5478-4994-a5ba-3e3b0328c30d},0,Security,0,"""An account was successfully logged on.

Subject:
	Security ID:		S-1-5-18
	Account Name:		DESKTOP-EEL8CND$
	Account Domain:		WORKGROUP
	Logon ID:		0x3E7

Logon Information:
	Logon Type:		2
	Restricted Admin Mode:	-
	Virtual Account:		No
	Elevated Token:		Yes

Impersonation Level:		Impersonation

New Logon:
	Security ID:		S-1-5-21-788187308-2363564387-3173935200-1001
	Account Name:		Arcz
	Account Domain:		DESKTOP-EEL8CND
	Logon ID:		0x1A15558D
	Linked Logon ID:		0x1A155641
	Network Account Name:	-
	Network Account Domain:	-
	Logon GUID:		{00000000-0000-0000-0000-000000000000}

Process Information:
	Process ID:		0x8b0
	Process Name:		C:\Windows\System32\svchost.exe

Network Information:
	Workstation Name:	DESKTOP-EEL8CND
	Source Network Address:	127.0.0.1
	Source Port:		0

Detailed Authentication Information:
	Logon Process:		User32 
	Authentication Package:	Negotiate
	Transited Services:	-
	Package Name (NTLM only):	-
	Key Length:		0

This event is generated when a logon session is created. It is generated on the computer that was accessed.

The subject fields indicate the account on the local system which requested the logon. This is most commonly a service such as the Server service, or a local process such as Winlogon.exe or Services.exe.

The logon type field indicates the kind of logon that occurred. The most common types are 2 (interactive) and 3 (network).

The New Logon fields indicate the account for whom the new logon was created, i.e. the account that was logged on.

The network fields indicate where a remote logon request originated. Workstation name is not always available and may be left blank in some cases.

The impersonation level field indicates the extent to which a process in the logon session can impersonate.

The authentication information fields provide detailed information about this specific logon request.
	- Logon GUID is a unique identifier that can be used to correlate this event with a KDC event.
	- Transited services indicate which intermediate services have participated in this logon request.
	- Package name indicates which sub-protocol was used among the NTLM protocols.
	- Key length indicates the length of the generated session key. This will be 0 if no session key was requested.""",2,2026-06-24T05:19:05.4668337Z,276909,12820,DESKTOP-EEL8CND,12544,968,AUDIT_SUCCESS,Microsoft-Windows-Security-Auditing, , , , , , , , , , , , ,0x3e7,WORKGROUP,0x1a155641,%%1833,127.0.0.1,Negotiate,DESKTOP-EEL8CND,0x1a15558d,User32,{00000000-0000-0000-0000-000000000000},Arcz,0,%%1842,S-1-5-18,0x8b0,C:\\Windows\\System32\\svchost.exe,0,DESKTOP-EEL8CND,S-1-5-21-788187308-2363564387-3173935200-1001,%%1843,2,DESKTOP-EEL8CND$, , , , , , , , , , , , , , , , , , , , , , , , , , , , , , , , , , , , , , , , , , , , , , , , , , , , , , , , , , , , , , , , , , , , , , , , 
wazuh-alerts-4.x-2026.06.28,gZapDJ8BLZf6xaoa7yX1,1,1,192.168.56.104,WindowsAgent1,001,wazuh-server,false,3, , , ,Non service account logged off.,"[""windows"","" WEF""]", , ,3, , , ,67023, ,windows_eventchannel, ,log,"Jun 27, 2026 @ 22:18:10.015",EventChannel,1782623890.1003788,"Jun 27, 2026 @ 22:18:10.015", , , , , , , , , , , , , , , , , , , , , , , , , ,4634, ,0x8020000000000000,{54849625-5478-4994-a5ba-3e3b0328c30d},0,Security,0,"""An account was logged off.

Subject:
	Security ID:		S-1-5-21-788187308-2363564387-3173935200-1001
	Account Name:		Arcz
	Account Domain:		DESKTOP-EEL8CND
	Logon ID:		0x1A155641

Logon Type:			2

This event is generated when a logon session is destroyed. It may be positively correlated with a logon event using the Logon ID value. Logon IDs are only unique between reboots on the same computer.""",0,2026-06-24T05:19:05.4685271Z,276912,2384,DESKTOP-EEL8CND,12545,968,AUDIT_SUCCESS,Microsoft-Windows-Security-Auditing, , , , , , , , , , , , , , , , , , , ,0x1a155641, , ,Arcz, , , , , , ,DESKTOP-EEL8CND,S-1-5-21-788187308-2363564387-3173935200-1001, ,2, , , , , , , , , , , , , , , , , , , , , , , , , , , , , , , , , , , , , , , , , , , , , , , , , , , , , , , , , , , , , , , , , , , , , , , , , 
wazuh-alerts-4.x-2026.06.28,gpapDJ8BLZf6xaoa7yX1,1,1,192.168.56.104,WindowsAgent1,001,wazuh-server,false,3, , , ,Non service account logged off.,"[""windows"","" WEF""]", , ,4, , , ,67023, ,windows_eventchannel, ,log,"Jun 27, 2026 @ 22:18:10.019",EventChannel,1782623890.1006176,"Jun 27, 2026 @ 22:18:10.019", , , , , , , , , , , , , , , , , , , , , , , , , ,4634, ,0x8020000000000000,{54849625-5478-4994-a5ba-3e3b0328c30d},0,Security,0,"""An account was logged off.

Subject:
	Security ID:		S-1-5-21-788187308-2363564387-3173935200-1001
	Account Name:		Arcz
	Account Domain:		DESKTOP-EEL8CND
	Logon ID:		0x1A15558D

Logon Type:			2

This event is generated when a logon session is destroyed. It may be positively correlated with a logon event using the Logon ID value. Logon IDs are only unique between reboots on the same computer.""",0,2026-06-24T05:19:05.4686195Z,276913,2384,DESKTOP-EEL8CND,12545,968,AUDIT_SUCCESS,Microsoft-Windows-Security-Auditing, , , , , , , , , , , , , , , , , , , ,0x1a15558d, , ,Arcz, , , , , , ,DESKTOP-EEL8CND,S-1-5-21-788187308-2363564387-3173935200-1001, ,2, , , , , , , , , , , , , , , , , , , , , , , , , , , , , , , , , , , , , , , , , , , , , , , , , , , , , , , , , , , , , , , , , , , , , , , , , 
wazuh-alerts-4.x-2026.06.28,hpapDJ8BLZf6xaoa8yXb,1,1,192.168.56.104,WindowsAgent1,001,wazuh-server,false,3, , , ,Non service account logged off.,"[""windows"","" WEF""]", , ,5, , , ,67023, ,windows_eventchannel, ,log,"Jun 27, 2026 @ 22:18:10.688",EventChannel,1782623890.1027117,"Jun 27, 2026 @ 22:18:10.688", , , , , , , , , , , , , , , , , , , , , , , , , ,4634, ,0x8020000000000000,{54849625-5478-4994-a5ba-3e3b0328c30d},0,Security,0,"""An account was logged off.

Subject:
	Security ID:		S-1-5-21-788187308-2363564387-3173935200-1001
	Account Name:		Arcz
	Account Domain:		DESKTOP-EEL8CND
	Logon ID:		0x1A263B5A

Logon Type:			2

This event is generated when a logon session is destroyed. It may be positively correlated with a logon event using the Logon ID value. Logon IDs are only unique between reboots on the same computer.""",0,2026-06-24T07:36:59.8258643Z,277169,2384,DESKTOP-EEL8CND,12545,968,AUDIT_SUCCESS,Microsoft-Windows-Security-Auditing, , , , , , , , , , , , , , , , , , , ,0x1a263b5a, , ,Arcz, , , , , , ,DESKTOP-EEL8CND,S-1-5-21-788187308-2363564387-3173935200-1001, ,2, , , , , , , , , , , , , , , , , , , , , , , , , , , , , , , , , , , , , , , , , , , , , , , , , , , , , , , , , , , , , , , , , , , , , , , , , 
wazuh-alerts-4.x-2026.06.28,lZaqDJ8BLZf6xaoaSSXh,1,1,192.168.56.104,WindowsAgent1,001,wazuh-server,false,3,"[""10.2.5""]","[""164.312.b""]","[""CC6.8"",""CC7.2"",""CC7.3""]",Windows Workstation Logon Success,"[""windows"",""windows_security"",""authentication_success""]","[""AU.14"",""AC.9""]","[""IV_32.2""]",11,"[""Valid Accounts""]","[""T1078""]","[""Defense Evasion"",""Persistence"",""Privilege Escalation"",""Initial Access""]",60118,"[""7.1"",""7.2""]",windows_eventchannel, ,log,"Jun 27, 2026 @ 22:18:32.181",EventChannel,1782623912.1096511,"Jun 27, 2026 @ 22:18:32.181", , , , , , , , , , , , , , , , , , , , , , , , , ,4624, ,0x8020000000000000,{54849625-5478-4994-a5ba-3e3b0328c30d},0,Security,0,"""An account was successfully logged on.

Subject:
	Security ID:		S-1-5-18
	Account Name:		DESKTOP-EEL8CND$
	Account Domain:		WORKGROUP
	Logon ID:		0x3E7

Logon Information:
	Logon Type:		2
	Restricted Admin Mode:	-
	Virtual Account:		No
	Elevated Token:		Yes

Impersonation Level:		Impersonation

New Logon:
	Security ID:		S-1-5-21-788187308-2363564387-3173935200-1001
	Account Name:		Arcz
	Account Domain:		DESKTOP-EEL8CND
	Logon ID:		0x1C40ECA5
	Linked Logon ID:		0x1C40ECDD
	Network Account Name:	-
	Network Account Domain:	-
	Logon GUID:		{00000000-0000-0000-0000-000000000000}

Process Information:
	Process ID:		0x8b0
	Process Name:		C:\Windows\System32\svchost.exe

Network Information:
	Workstation Name:	DESKTOP-EEL8CND
	Source Network Address:	127.0.0.1
	Source Port:		0

Detailed Authentication Information:
	Logon Process:		User32 
	Authentication Package:	Negotiate
	Transited Services:	-
	Package Name (NTLM only):	-
	Key Length:		0

This event is generated when a logon session is created. It is generated on the computer that was accessed.

The subject fields indicate the account on the local system which requested the logon. This is most commonly a service such as the Server service, or a local process such as Winlogon.exe or Services.exe.

The logon type field indicates the kind of logon that occurred. The most common types are 2 (interactive) and 3 (network).

The New Logon fields indicate the account for whom the new logon was created, i.e. the account that was logged on.

The network fields indicate where a remote logon request originated. Workstation name is not always available and may be left blank in some cases.

The impersonation level field indicates the extent to which a process in the logon session can impersonate.

The authentication information fields provide detailed information about this specific logon request.
	- Logon GUID is a unique identifier that can be used to correlate this event with a KDC event.
	- Transited services indicate which intermediate services have participated in this logon request.
	- Package name indicates which sub-protocol was used among the NTLM protocols.
	- Key length indicates the length of the generated session key. This will be 0 if no session key was requested.""",2,2026-06-25T02:10:09.6469726Z,283770,21284,DESKTOP-EEL8CND,12544,968,AUDIT_SUCCESS,Microsoft-Windows-Security-Auditing, , , , , , , , , , , , ,0x3e7,WORKGROUP,0x1c40ecdd,%%1833,127.0.0.1,Negotiate,DESKTOP-EEL8CND,0x1c40eca5,User32,{00000000-0000-0000-0000-000000000000},Arcz,0,%%1842,S-1-5-18,0x8b0,C:\\Windows\\System32\\svchost.exe,0,DESKTOP-EEL8CND,S-1-5-21-788187308-2363564387-3173935200-1001,%%1843,2,DESKTOP-EEL8CND$, , , , , , , , , , , , , , , , , , , , , , , , , , , , , , , , , , , , , , , , , , , , , , , , , , , , , , , , , , , , , , , , , , , , , , , , 
