wazuh-alerts-4.x-2026.06.28,45aqDJ8BLZf6xaoa_SWn,1,1,192.168.56.104,WindowsAgent1,001,wazuh-server,false,3,"[""10.2.5""]","[""164.312.b""]","[""CC6.8"",""CC7.2"",""CC7.3""]",Windows Workstation Logon Success,"[""windows"",""windows_security"",""authentication_success""]","[""AU.14"",""AC.9""]","[""IV_32.2""]",38,"[""Valid Accounts""]","[""T1078""]","[""Defense Evasion"",""Persistence"",""Privilege Escalation"",""Initial Access""]",60118,"[""7.1"",""7.2""]",windows_eventchannel, ,log,"Jun 27, 2026 @ 22:19:18.427",EventChannel,1782623958.1497260,"Jun 27, 2026 @ 22:19:18.427", , , , , , , , , , , , , , , , , , , , , , , , , ,4624, ,0x8020000000000000,{54849625-5478-4994-a5ba-3e3b0328c30d},0,Security,0,"""An account was successfully logged on.

Subject:
	Security ID:		S-1-5-21-788187308-2363564387-3173935200-1001
	Account Name:		Arcz
	Account Domain:		DESKTOP-EEL8CND
	Logon ID:		0xE78B1

Logon Information:
	Logon Type:		2
	Restricted Admin Mode:	-
	Virtual Account:		No
	Elevated Token:		No

Impersonation Level:		Impersonation

New Logon:
	Security ID:		S-1-5-21-788187308-2363564387-3173935200-1001
	Account Name:		Arcz
	Account Domain:		DESKTOP-EEL8CND
	Logon ID:		0x208CA810
	Linked Logon ID:		0x208CA765
	Network Account Name:	-
	Network Account Domain:	-
	Logon GUID:		{00000000-0000-0000-0000-000000000000}

Process Information:
	Process ID:		0x29c8
	Process Name:		C:\Program Files (x86)\Google\Chrome\Application\chrome.exe

Network Information:
	Workstation Name:	DESKTOP-EEL8CND
	Source Network Address:	-
	Source Port:		-

Detailed Authentication Information:
	Logon Process:		Chrome
	Authentication Package:	Negotiate
	Transited Services:	-
	Package Name (NTLM only):	-
	Key Length:		0

This event is generated when a logon session is created. It is generated on the computer that was accessed.

The subject fields indicate the account on the local system which requested the logon. This is most commonly a service such as the Server service, or a local process such as Winlogon.exe or Services.exe.

The logon type field indicates the kind of logon that occurred. The most common types are 2 (interactive) and 3 (network).

The New Logon fields indicate the account for whom the new logon was created, i.e. the account that was logged on.

The network fields indicate where a remote logon request originated. Workstation name is not always available and may be left blank in some cases.

The impersonation level field indicates the extent to which a process in the logon session can impersonate.

The authentication information fields provide detailed information about this specific logon request.
	- Logon GUID is a unique identifier that can be used to correlate this event with a KDC event.
	- Transited services indicate which intermediate services have participated in this logon request.
	- Package name indicates which sub-protocol was used among the NTLM protocols.
	- Key length indicates the length of the generated session key. This will be 0 if no session key was requested.""",2,2026-06-27T07:10:27.5974824Z,297188,2472,DESKTOP-EEL8CND,12544,968,AUDIT_SUCCESS,Microsoft-Windows-Security-Auditing, , , , , , , , , , , , ,0xe78b1,DESKTOP-EEL8CND,0x208ca765,%%1833, ,Negotiate,DESKTOP-EEL8CND,0x208ca810,Chrome,{00000000-0000-0000-0000-000000000000},Arcz,0,%%1843,S-1-5-21-788187308-2363564387-3173935200-1001,0x29c8,C:\\Program Files (x86)\\Google\\Chrome\\Application\\chrome.exe, ,DESKTOP-EEL8CND,S-1-5-21-788187308-2363564387-3173935200-1001,%%1843,2,Arcz, , , , , , , , , , , , , , , , , , , , , , , , , , , , , , , , , , , , , , , , , , , , , , , , , , , , , , , , , , , , , , , , , , , , , , , , 
wazuh-alerts-4.x-2026.06.28,5ZaqDJ8BLZf6xaoa_SWn,1,1,192.168.56.104,WindowsAgent1,001,wazuh-server,false,3, , , ,Non service account logged off.,"[""windows"","" WEF""]", , ,38, , , ,67023, ,windows_eventchannel, ,log,"Jun 27, 2026 @ 22:19:18.432",EventChannel,1782623958.1507542,"Jun 27, 2026 @ 22:19:18.432", , , , , , , , , , , , , , , , , , , , , , , , , ,4634, ,0x8020000000000000,{54849625-5478-4994-a5ba-3e3b0328c30d},0,Security,0,"""An account was logged off.

Subject:
	Security ID:		S-1-5-21-788187308-2363564387-3173935200-1001
	Account Name:		Arcz
	Account Domain:		DESKTOP-EEL8CND
	Logon ID:		0x208CA765

Logon Type:			2

This event is generated when a logon session is destroyed. It may be positively correlated with a logon event using the Logon ID value. Logon IDs are only unique between reboots on the same computer.""",0,2026-06-27T07:10:27.5977080Z,297191,2384,DESKTOP-EEL8CND,12545,968,AUDIT_SUCCESS,Microsoft-Windows-Security-Auditing, , , , , , , , , , , , , , , , , , , ,0x208ca765, , ,Arcz, , , , , , ,DESKTOP-EEL8CND,S-1-5-21-788187308-2363564387-3173935200-1001, ,2, , , , , , , , , , , , , , , , , , , , , , , , , , , , , , , , , , , , , , , , , , , , , , , , , , , , , , , , , , , , , , , , , , , , , , , , , 
wazuh-alerts-4.x-2026.06.28,55aqDJ8BLZf6xaoa_SWn,1,1,192.168.56.104,WindowsAgent1,001,wazuh-server,false,3,"[""10.2.5""]","[""164.312.b""]","[""CC6.8"",""CC7.2"",""CC7.3""]",Windows Workstation Logon Success,"[""windows"",""windows_security"",""authentication_success""]","[""AU.14"",""AC.9""]","[""IV_32.2""]",40,"[""Valid Accounts""]","[""T1078""]","[""Defense Evasion"",""Persistence"",""Privilege Escalation"",""Initial Access""]",60118,"[""7.1"",""7.2""]",windows_eventchannel, ,log,"Jun 27, 2026 @ 22:19:18.440",EventChannel,1782623958.1517826,"Jun 27, 2026 @ 22:19:18.440", , , , , , , , , , , , , , , , , , , , , , , , , ,4624, ,0x8020000000000000,{54849625-5478-4994-a5ba-3e3b0328c30d},0,Security,0,"""An account was successfully logged on.

Subject:
	Security ID:		S-1-5-21-788187308-2363564387-3173935200-1001
	Account Name:		Arcz
	Account Domain:		DESKTOP-EEL8CND
	Logon ID:		0xE78B1

Logon Information:
	Logon Type:		2
	Restricted Admin Mode:	-
	Virtual Account:		No
	Elevated Token:		No

Impersonation Level:		Impersonation

New Logon:
	Security ID:		S-1-5-21-788187308-2363564387-3173935200-1001
	Account Name:		Arcz
	Account Domain:		DESKTOP-EEL8CND
	Logon ID:		0x208D5800
	Linked Logon ID:		0x208D577C
	Network Account Name:	-
	Network Account Domain:	-
	Logon GUID:		{00000000-0000-0000-0000-000000000000}

Process Information:
	Process ID:		0x29c8
	Process Name:		C:\Program Files (x86)\Google\Chrome\Application\chrome.exe

Network Information:
	Workstation Name:	DESKTOP-EEL8CND
	Source Network Address:	-
	Source Port:		-

Detailed Authentication Information:
	Logon Process:		Chrome
	Authentication Package:	Negotiate
	Transited Services:	-
	Package Name (NTLM only):	-
	Key Length:		0

This event is generated when a logon session is created. It is generated on the computer that was accessed.

The subject fields indicate the account on the local system which requested the logon. This is most commonly a service such as the Server service, or a local process such as Winlogon.exe or Services.exe.

The logon type field indicates the kind of logon that occurred. The most common types are 2 (interactive) and 3 (network).

The New Logon fields indicate the account for whom the new logon was created, i.e. the account that was logged on.

The network fields indicate where a remote logon request originated. Workstation name is not always available and may be left blank in some cases.

The impersonation level field indicates the extent to which a process in the logon session can impersonate.

The authentication information fields provide detailed information about this specific logon request.
	- Logon GUID is a unique identifier that can be used to correlate this event with a KDC event.
	- Transited services indicate which intermediate services have participated in this logon request.
	- Package name indicates which sub-protocol was used among the NTLM protocols.
	- Key length indicates the length of the generated session key. This will be 0 if no session key was requested.""",2,2026-06-27T07:10:35.9253654Z,297194,2384,DESKTOP-EEL8CND,12544,968,AUDIT_SUCCESS,Microsoft-Windows-Security-Auditing, , , , , , , , , , , , ,0xe78b1,DESKTOP-EEL8CND,0x208d577c,%%1833, ,Negotiate,DESKTOP-EEL8CND,0x208d5800,Chrome,{00000000-0000-0000-0000-000000000000},Arcz,0,%%1843,S-1-5-21-788187308-2363564387-3173935200-1001,0x29c8,C:\\Program Files (x86)\\Google\\Chrome\\Application\\chrome.exe, ,DESKTOP-EEL8CND,S-1-5-21-788187308-2363564387-3173935200-1001,%%1843,2,Arcz, , , , , , , , , , , , , , , , , , , , , , , , , , , , , , , , , , , , , , , , , , , , , , , , , , , , , , , , , , , , , , , , , , , , , , , , 
wazuh-alerts-4.x-2026.06.28,1ZaqDJ8BLZf6xaoa3iVr,1,1,192.168.56.104,WindowsAgent1,001,wazuh-server,false,3,"[""10.2.5""]","[""164.312.b""]","[""CC6.8"",""CC7.2"",""CC7.3""]",Windows Workstation Logon Success,"[""windows"",""windows_security"",""authentication_success""]","[""AU.14"",""AC.9""]","[""IV_32.2""]",34,"[""Valid Accounts""]","[""T1078""]","[""Defense Evasion"",""Persistence"",""Privilege Escalation"",""Initial Access""]",60118,"[""7.1"",""7.2""]",windows_eventchannel, ,log,"Jun 27, 2026 @ 22:19:09.750",EventChannel,1782623949.1429461,"Jun 27, 2026 @ 22:19:09.750", , , , , , , , , , , , , , , , , , , , , , , , , ,4624, ,0x8020000000000000,{54849625-5478-4994-a5ba-3e3b0328c30d},0,Security,0,"""An account was successfully logged on.

Subject:
	Security ID:		S-1-5-18
	Account Name:		DESKTOP-EEL8CND$
	Account Domain:		WORKGROUP
	Logon ID:		0x3E7

Logon Information:
	Logon Type:		2
	Restricted Admin Mode:	-
	Virtual Account:		No
	Elevated Token:		No

Impersonation Level:		Impersonation

New Logon:
	Security ID:		S-1-5-21-788187308-2363564387-3173935200-1001
	Account Name:		Arcz
	Account Domain:		DESKTOP-EEL8CND
	Logon ID:		0x2023F77C
	Linked Logon ID:		0x2023F66D
	Network Account Name:	-
	Network Account Domain:	-
	Logon GUID:		{00000000-0000-0000-0000-000000000000}

Process Information:
	Process ID:		0x8b0
	Process Name:		C:\Windows\System32\svchost.exe

Network Information:
	Workstation Name:	DESKTOP-EEL8CND
	Source Network Address:	127.0.0.1
	Source Port:		0

Detailed Authentication Information:
	Logon Process:		User32 
	Authentication Package:	Negotiate
	Transited Services:	-
	Package Name (NTLM only):	-
	Key Length:		0

This event is generated when a logon session is created. It is generated on the computer that was accessed.

The subject fields indicate the account on the local system which requested the logon. This is most commonly a service such as the Server service, or a local process such as Winlogon.exe or Services.exe.

The logon type field indicates the kind of logon that occurred. The most common types are 2 (interactive) and 3 (network).

The New Logon fields indicate the account for whom the new logon was created, i.e. the account that was logged on.

The network fields indicate where a remote logon request originated. Workstation name is not always available and may be left blank in some cases.

The impersonation level field indicates the extent to which a process in the logon session can impersonate.

The authentication information fields provide detailed information about this specific logon request.
	- Logon GUID is a unique identifier that can be used to correlate this event with a KDC event.
	- Transited services indicate which intermediate services have participated in this logon request.
	- Package name indicates which sub-protocol was used among the NTLM protocols.
	- Key length indicates the length of the generated session key. This will be 0 if no session key was requested.""",2,2026-06-27T01:46:12.9241090Z,294734,21320,DESKTOP-EEL8CND,12544,968,AUDIT_SUCCESS,Microsoft-Windows-Security-Auditing, , , , , , , , , , , , ,0x3e7,WORKGROUP,0x2023f66d,%%1833,127.0.0.1,Negotiate,DESKTOP-EEL8CND,0x2023f77c,User32,{00000000-0000-0000-0000-000000000000},Arcz,0,%%1843,S-1-5-18,0x8b0,C:\\Windows\\System32\\svchost.exe,0,DESKTOP-EEL8CND,S-1-5-21-788187308-2363564387-3173935200-1001,%%1843,2,DESKTOP-EEL8CND$, , , , , , , , , , , , , , , , , , , , , , , , , , , , , , , , , , , , , , , , , , , , , , , , , , , , , , , , , , , , , , , , , , , , , , , , 
wazuh-alerts-4.x-2026.06.28,2paqDJ8BLZf6xaoa3iVr,1,1,192.168.56.104,WindowsAgent1,001,wazuh-server,false,5,"[""10.2.4"",""10.2.5""]","[""164.312.b""]","[""CC6.1"",""CC6.8"",""CC7.2"",""CC7.3""]",Logon Failure - Unknown user or bad password,"[""windows"",""windows_security"",""authentication_failed""]","[""AU.14"",""AC.7""]","[""IV_35.7.d"",""IV_32.2""]",15,"[""Account Access Removal""]","[""T1531""]","[""Impact""]",60122,"[""7.1""]",windows_eventchannel, ,log,"Jun 27, 2026 @ 22:19:11.417",EventChannel,1782623951.1451043,"Jun 27, 2026 @ 22:19:11.417", , , , , , , , , , , , , , , , , , , , , , , , , ,4625, ,0x8010000000000000,{54849625-5478-4994-a5ba-3e3b0328c30d},0,Security,0,"""An account failed to log on.

Subject:
	Security ID:		S-1-0-0
	Account Name:		-
	Account Domain:		-
	Logon ID:		0x0

Logon Type:			3

Account For Which Logon Failed:
	Security ID:		S-1-0-0
	Account Name:		guest
	Account Domain:		

Failure Information:
	Failure Reason:		Account currently disabled.
	Status:			0xC000006E
	Sub Status:		0xC0000072

Process Information:
	Caller Process ID:	0x0
	Caller Process Name:	-

Network Information:
	Workstation Name:	-
	Source Network Address:	192.168.1.10
	Source Port:		60189

Detailed Authentication Information:
	Logon Process:		NtLmSsp 
	Authentication Package:	NTLM
	Transited Services:	-
	Package Name (NTLM only):	-
	Key Length:		0

This event is generated when a logon request fails. It is generated on the computer where access was attempted.

The Subject fields indicate the account on the local system which requested the logon. This is most commonly a service such as the Server service, or a local process such as Winlogon.exe or Services.exe.

The Logon Type field indicates the kind of logon that was requested. The most common types are 2 (interactive) and 3 (network).

The Process Information fields indicate which account and process on the system requested the logon.

The Network Information fields indicate where a remote logon request originated. Workstation name is not always available and may be left blank in some cases.

The authentication information fields provide detailed information about this specific logon request.
	- Transited services indicate which intermediate services have participated in this logon request.
	- Package name indicates which sub-protocol was used among the NTLM protocols.
	- Key length indicates the length of the generated session key. This will be 0 if no session key was requested.""",0,2026-06-27T01:46:26.3281216Z,295200,1500,DESKTOP-EEL8CND,12544,968,AUDIT_FAILURE,Microsoft-Windows-Security-Auditing, , , , , , , , , , , , ,0x0, , , ,192.168.1.10,NTLM, , ,NtLmSsp, ,guest,0, ,S-1-0-0,0x0, ,60189, ,S-1-0-0, ,3, , ,0xc0000072,%%2310,0xc000006e, , , , , , , , , , , , , , , , , , , , , , , , , , , , , , , , , , , , , , , , , , , , , , , , , , , , , , , , , , , , , , , , , , , , 
wazuh-alerts-4.x-2026.06.28,65arDJ8BLZf6xaoaOCU-,1,1,192.168.56.104,WindowsAgent1,001,wazuh-server,false,3,"[""10.2.5""]","[""164.312.b""]","[""CC6.8"",""CC7.2"",""CC7.3""]",Windows Workstation Logon Success,"[""windows"",""windows_security"",""authentication_success""]","[""AU.14"",""AC.9""]","[""IV_32.2""]",41,"[""Valid Accounts""]","[""T1078""]","[""Defense Evasion"",""Persistence"",""Privilege Escalation"",""Initial Access""]",60118,"[""7.1"",""7.2""]",windows_eventchannel, ,log,"Jun 27, 2026 @ 22:19:30.229",EventChannel,1782623970.1533551,"Jun 27, 2026 @ 22:19:30.229", , , , , , , , , , , , , , , , , , , , , , , , , ,4624, ,0x8020000000000000,{54849625-5478-4994-a5ba-3e3b0328c30d},0,Security,0,"""An account was successfully logged on.

Subject:
	Security ID:		S-1-5-18
	Account Name:		DESKTOP-EEL8CND$
	Account Domain:		WORKGROUP
	Logon ID:		0x3E7

Logon Information:
	Logon Type:		2
	Restricted Admin Mode:	-
	Virtual Account:		No
	Elevated Token:		Yes

Impersonation Level:		Impersonation

New Logon:
	Security ID:		S-1-5-21-788187308-2363564387-3173935200-1001
	Account Name:		Arcz
	Account Domain:		DESKTOP-EEL8CND
	Logon ID:		0x21AFA23C
	Linked Logon ID:		0x21AFA2AB
	Network Account Name:	-
	Network Account Domain:	-
	Logon GUID:		{00000000-0000-0000-0000-000000000000}

Process Information:
	Process ID:		0x8b0
	Process Name:		C:\Windows\System32\svchost.exe

Network Information:
	Workstation Name:	DESKTOP-EEL8CND
	Source Network Address:	127.0.0.1
	Source Port:		0

Detailed Authentication Information:
	Logon Process:		User32 
	Authentication Package:	Negotiate
	Transited Services:	-
	Package Name (NTLM only):	-
	Key Length:		0

This event is generated when a logon session is created. It is generated on the computer that was accessed.

The subject fields indicate the account on the local system which requested the logon. This is most commonly a service such as the Server service, or a local process such as Winlogon.exe or Services.exe.

The logon type field indicates the kind of logon that occurred. The most common types are 2 (interactive) and 3 (network).

The New Logon fields indicate the account for whom the new logon was created, i.e. the account that was logged on.

The network fields indicate where a remote logon request originated. Workstation name is not always available and may be left blank in some cases.

The impersonation level field indicates the extent to which a process in the logon session can impersonate.

The authentication information fields provide detailed information about this specific logon request.
	- Logon GUID is a unique identifier that can be used to correlate this event with a KDC event.
	- Transited services indicate which intermediate services have participated in this logon request.
	- Package name indicates which sub-protocol was used among the NTLM protocols.
	- Key length indicates the length of the generated session key. This will be 0 if no session key was requested.""",2,2026-06-27T21:25:33.1906054Z,300816,2384,DESKTOP-EEL8CND,12544,968,AUDIT_SUCCESS,Microsoft-Windows-Security-Auditing, , , , , , , , , , , , ,0x3e7,WORKGROUP,0x21afa2ab,%%1833,127.0.0.1,Negotiate,DESKTOP-EEL8CND,0x21afa23c,User32,{00000000-0000-0000-0000-000000000000},Arcz,0,%%1842,S-1-5-18,0x8b0,C:\\Windows\\System32\\svchost.exe,0,DESKTOP-EEL8CND,S-1-5-21-788187308-2363564387-3173935200-1001,%%1843,2,DESKTOP-EEL8CND$, , , , , , , , , , , , , , , , , , , , , , , , , , , , , , , , , , , , , , , , , , , , , , , , , , , , , , , , , , , , , , , , , , , , , , , , 
wazuh-alerts-4.x-2026.06.28,7JarDJ8BLZf6xaoaOCU-,1,1,192.168.56.104,WindowsAgent1,001,wazuh-server,false,3,"[""10.2.5""]","[""164.312.b""]","[""CC6.8"",""CC7.2"",""CC7.3""]",Windows Workstation Logon Success,"[""windows"",""windows_security"",""authentication_success""]","[""AU.14"",""AC.9""]","[""IV_32.2""]",42,"[""Valid Accounts""]","[""T1078""]","[""Defense Evasion"",""Persistence"",""Privilege Escalation"",""Initial Access""]",60118,"[""7.1"",""7.2""]",windows_eventchannel, ,log,"Jun 27, 2026 @ 22:19:30.237",EventChannel,1782623970.1541303,"Jun 27, 2026 @ 22:19:30.237", , , , , , , , , , , , , , , , , , , , , , , , , ,4624, ,0x8020000000000000,{54849625-5478-4994-a5ba-3e3b0328c30d},0,Security,0,"""An account was successfully logged on.

Subject:
	Security ID:		S-1-5-18
	Account Name:		DESKTOP-EEL8CND$
	Account Domain:		WORKGROUP
	Logon ID:		0x3E7

Logon Information:
	Logon Type:		2
	Restricted Admin Mode:	-
	Virtual Account:		No
	Elevated Token:		No

Impersonation Level:		Impersonation

New Logon:
	Security ID:		S-1-5-21-788187308-2363564387-3173935200-1001
	Account Name:		Arcz
	Account Domain:		DESKTOP-EEL8CND
	Logon ID:		0x21AFA2AB
	Linked Logon ID:		0x21AFA23C
	Network Account Name:	-
	Network Account Domain:	-
	Logon GUID:		{00000000-0000-0000-0000-000000000000}

Process Information:
	Process ID:		0x8b0
	Process Name:		C:\Windows\System32\svchost.exe

Network Information:
	Workstation Name:	DESKTOP-EEL8CND
	Source Network Address:	127.0.0.1
	Source Port:		0

Detailed Authentication Information:
	Logon Process:		User32 
	Authentication Package:	Negotiate
	Transited Services:	-
	Package Name (NTLM only):	-
	Key Length:		0

This event is generated when a logon session is created. It is generated on the computer that was accessed.

The subject fields indicate the account on the local system which requested the logon. This is most commonly a service such as the Server service, or a local process such as Winlogon.exe or Services.exe.

The logon type field indicates the kind of logon that occurred. The most common types are 2 (interactive) and 3 (network).

The New Logon fields indicate the account for whom the new logon was created, i.e. the account that was logged on.

The network fields indicate where a remote logon request originated. Workstation name is not always available and may be left blank in some cases.

The impersonation level field indicates the extent to which a process in the logon session can impersonate.

The authentication information fields provide detailed information about this specific logon request.
	- Logon GUID is a unique identifier that can be used to correlate this event with a KDC event.
	- Transited services indicate which intermediate services have participated in this logon request.
	- Package name indicates which sub-protocol was used among the NTLM protocols.
	- Key length indicates the length of the generated session key. This will be 0 if no session key was requested.""",2,2026-06-27T21:25:33.1906375Z,300817,2384,DESKTOP-EEL8CND,12544,968,AUDIT_SUCCESS,Microsoft-Windows-Security-Auditing, , , , , , , , , , , , ,0x3e7,WORKGROUP,0x21afa23c,%%1833,127.0.0.1,Negotiate,DESKTOP-EEL8CND,0x21afa2ab,User32,{00000000-0000-0000-0000-000000000000},Arcz,0,%%1843,S-1-5-18,0x8b0,C:\\Windows\\System32\\svchost.exe,0,DESKTOP-EEL8CND,S-1-5-21-788187308-2363564387-3173935200-1001,%%1843,2,DESKTOP-EEL8CND$, , , , , , , , , , , , , , , , , , , , , , , , , , , , , , , , , , , , , , , , , , , , , , , , , , , , , , , , , , , , , , , , , , , , , , , , 
wazuh-alerts-4.x-2026.06.28,75arDJ8BLZf6xaoaOCU-,1,1,192.168.56.104,WindowsAgent1,001,wazuh-server,false,3, , , ,Non service account logged off.,"[""windows"","" WEF""]", , ,42, , , ,67023, ,windows_eventchannel, ,log,"Jun 27, 2026 @ 22:19:30.258",EventChannel,1782623970.1554492,"Jun 27, 2026 @ 22:19:30.258", , , , , , , , , , , , , , , , , , , , , , , , , ,4634, ,0x8020000000000000,{54849625-5478-4994-a5ba-3e3b0328c30d},0,Security,0,"""An account was logged off.

Subject:
	Security ID:		S-1-5-21-788187308-2363564387-3173935200-1001
	Account Name:		Arcz
	Account Domain:		DESKTOP-EEL8CND
	Logon ID:		0x21AFA2AB

Logon Type:			2

This event is generated when a logon session is destroyed. It may be positively correlated with a logon event using the Logon ID value. Logon IDs are only unique between reboots on the same computer.""",0,2026-06-27T21:25:33.2315585Z,300819,2384,DESKTOP-EEL8CND,12545,968,AUDIT_SUCCESS,Microsoft-Windows-Security-Auditing, , , , , , , , , , , , , , , , , , , ,0x21afa2ab, , ,Arcz, , , , , , ,DESKTOP-EEL8CND,S-1-5-21-788187308-2363564387-3173935200-1001, ,2, , , , , , , , , , , , , , , , , , , , , , , , , , , , , , , , , , , , , , , , , , , , , , , , , , , , , , , , , , , , , , , , , , , , , , , , , 
wazuh-alerts-4.x-2026.06.28,CJaEDZ8BLZf6xaoaxCaZ,1,1,192.168.56.104,WindowsAgent1,001,wazuh-server,false,3,"[""10.2.5""]","[""164.312.b""]","[""CC6.8"",""CC7.2"",""CC7.3""]",Windows Workstation Logon Success,"[""windows"",""windows_security"",""authentication_success""]","[""AU.14"",""AC.9""]","[""IV_32.2""]",1,"[""Valid Accounts""]","[""T1078""]","[""Defense Evasion"",""Persistence"",""Privilege Escalation"",""Initial Access""]",60118,"[""7.1"",""7.2""]",windows_eventchannel, ,log,"Jun 28, 2026 @ 02:17:02.232",EventChannel,1782638222.1616913,"Jun 28, 2026 @ 02:17:02.232", , , , , , , , , , , , , , , , , , , , , , , , , ,4624, ,0x8020000000000000,{54849625-5478-4994-a5ba-3e3b0328c30d},0,Security,0,"""An account was successfully logged on.

Subject:
	Security ID:		S-1-5-18
	Account Name:		DESKTOP-EEL8CND$
	Account Domain:		WORKGROUP
	Logon ID:		0x3E7

Logon Information:
	Logon Type:		2
	Restricted Admin Mode:	-
	Virtual Account:		No
	Elevated Token:		Yes

Impersonation Level:		Impersonation

New Logon:
	Security ID:		S-1-5-21-788187308-2363564387-3173935200-1001
	Account Name:		Arcz
	Account Domain:		DESKTOP-EEL8CND
	Logon ID:		0x242CF481
	Linked Logon ID:		0x242CFC3B
	Network Account Name:	-
	Network Account Domain:	-
	Logon GUID:		{00000000-0000-0000-0000-000000000000}

Process Information:
	Process ID:		0x8b0
	Process Name:		C:\Windows\System32\svchost.exe

Network Information:
	Workstation Name:	DESKTOP-EEL8CND
	Source Network Address:	127.0.0.1
	Source Port:		0

Detailed Authentication Information:
	Logon Process:		User32 
	Authentication Package:	Negotiate
	Transited Services:	-
	Package Name (NTLM only):	-
	Key Length:		0

This event is generated when a logon session is created. It is generated on the computer that was accessed.

The subject fields indicate the account on the local system which requested the logon. This is most commonly a service such as the Server service, or a local process such as Winlogon.exe or Services.exe.

The logon type field indicates the kind of logon that occurred. The most common types are 2 (interactive) and 3 (network).

The New Logon fields indicate the account for whom the new logon was created, i.e. the account that was logged on.

The network fields indicate where a remote logon request originated. Workstation name is not always available and may be left blank in some cases.

The impersonation level field indicates the extent to which a process in the logon session can impersonate.

The authentication information fields provide detailed information about this specific logon request.
	- Logon GUID is a unique identifier that can be used to correlate this event with a KDC event.
	- Transited services indicate which intermediate services have participated in this logon request.
	- Package name indicates which sub-protocol was used among the NTLM protocols.
	- Key length indicates the length of the generated session key. This will be 0 if no session key was requested.""",2,2026-06-28T09:16:09.7364237Z,308147,4924,DESKTOP-EEL8CND,12544,968,AUDIT_SUCCESS,Microsoft-Windows-Security-Auditing, , , , , , , , , , , , ,0x3e7,WORKGROUP,0x242cfc3b,%%1833,127.0.0.1,Negotiate,DESKTOP-EEL8CND,0x242cf481,User32,{00000000-0000-0000-0000-000000000000},Arcz,0,%%1842,S-1-5-18,0x8b0,C:\\Windows\\System32\\svchost.exe,0,DESKTOP-EEL8CND,S-1-5-21-788187308-2363564387-3173935200-1001,%%1843,2,DESKTOP-EEL8CND$, , , , , , , , , , , , , , , , , , , , , , , , , , , , , , , , , , , , , , , , , , , , , , , , , , , , , , , , , , , , , , , , , , , , , , , , 
wazuh-alerts-4.x-2026.06.28,C5aEDZ8BLZf6xaoaxCaZ,1,1,192.168.56.104,WindowsAgent1,001,wazuh-server,false,3, , , ,Non service account logged off.,"[""windows"","" WEF""]", , ,1, , , ,67023, ,windows_eventchannel, ,log,"Jun 28, 2026 @ 02:17:02.244",EventChannel,1782638222.1635466,"Jun 28, 2026 @ 02:17:02.244", , , , , , , , , , , , , , , , , , , , , , , , , ,4634, ,0x8020000000000000,{54849625-5478-4994-a5ba-3e3b0328c30d},0,Security,0,"""An account was logged off.

Subject:
	Security ID:		S-1-5-21-788187308-2363564387-3173935200-1001
	Account Name:		Arcz
	Account Domain:		DESKTOP-EEL8CND
	Logon ID:		0x242CFC3B

Logon Type:			2

This event is generated when a logon session is destroyed. It may be positively correlated with a logon event using the Logon ID value. Logon IDs are only unique between reboots on the same computer.""",0,2026-06-28T09:16:10.1652498Z,308150,19448,DESKTOP-EEL8CND,12545,968,AUDIT_SUCCESS,Microsoft-Windows-Security-Auditing, , , , , , , , , , , , , , , , , , , ,0x242cfc3b, , ,Arcz, , , , , , ,DESKTOP-EEL8CND,S-1-5-21-788187308-2363564387-3173935200-1001, ,2, , , , , , , , , , , , , , , , , , , , , , , , , , , , , , , , , , , , , , , , , , , , , , , , , , , , , , , , , , , , , , , , , , , , , , , , , 
wazuh-alerts-4.x-2026.06.28,DZaEDZ8BLZf6xaoaxCaa,1,1,192.168.56.104,WindowsAgent1,001,wazuh-server,false,5, , , ,Windows System error event,"[""windows"",""windows_system"",""system_error""]", ,"[""IV_35.7.d""]",1, , , ,61102,"[""4.3""]",windows_eventchannel, ,log,"Jun 28, 2026 @ 02:17:03.139",EventChannel,1782638223.1640246,"Jun 28, 2026 @ 02:17:03.139", , , , , , , , , , , , , , , , , , , , , , , ,30000,FDResPub,7011,Service Control Manager,0x8080000000000000,{555908d1-a6d7-4695-8e1e-26931d2012f4},2,System,0,"""A timeout (30000 milliseconds) was reached while waiting for a transaction response from the FDResPub service.""",0,2026-06-28T09:16:29.8940109Z,12764,10440,DESKTOP-EEL8CND,0,928,ERROR,Service Control Manager, , , , , , , , , , , , , , , , , , , , , , , , , , , , , , , , , , , , , , , , , , , , , , , , , , , , , , , , , , , , , , , , , , , , , , , , , , , , , , , , , , , , , , , , , , , , , , , , , , , , , , , , , , 
wazuh-alerts-4.x-2026.06.28,HJacDZ8BLZf6xaoabCaL,1,1,192.168.56.104,WindowsAgent1,001,wazuh-server,false,3,"[""10.2.5""]","[""164.312.b""]","[""CC6.8"",""CC7.2"",""CC7.3""]",Windows Workstation Logon Success,"[""windows"",""windows_security"",""authentication_success""]","[""AU.14"",""AC.9""]","[""IV_32.2""]",4,"[""Valid Accounts""]","[""T1078""]","[""Defense Evasion"",""Persistence"",""Privilege Escalation"",""Initial Access""]",60118,"[""7.1"",""7.2""]",windows_eventchannel, ,log,"Jun 28, 2026 @ 02:42:59.483",EventChannel,1782639779.1653220,"Jun 28, 2026 @ 02:42:59.483", , , , , , , , , , , , , , , , , , , , , , , , , ,4624, ,0x8020000000000000,{54849625-5478-4994-a5ba-3e3b0328c30d},0,Security,0,"""An account was successfully logged on.

Subject:
	Security ID:		S-1-5-18
	Account Name:		DESKTOP-EEL8CND$
	Account Domain:		WORKGROUP
	Logon ID:		0x3E7

Logon Information:
	Logon Type:		2
	Restricted Admin Mode:	-
	Virtual Account:		No
	Elevated Token:		No

Impersonation Level:		Impersonation

New Logon:
	Security ID:		S-1-5-21-788187308-2363564387-3173935200-1001
	Account Name:		Arcz
	Account Domain:		DESKTOP-EEL8CND
	Logon ID:		0x247A7886
	Linked Logon ID:		0x247A77F4
	Network Account Name:	-
	Network Account Domain:	-
	Logon GUID:		{00000000-0000-0000-0000-000000000000}

Process Information:
	Process ID:		0x8b0
	Process Name:		C:\Windows\System32\svchost.exe

Network Information:
	Workstation Name:	DESKTOP-EEL8CND
	Source Network Address:	127.0.0.1
	Source Port:		0

Detailed Authentication Information:
	Logon Process:		User32 
	Authentication Package:	Negotiate
	Transited Services:	-
	Package Name (NTLM only):	-
	Key Length:		0

This event is generated when a logon session is created. It is generated on the computer that was accessed.

The subject fields indicate the account on the local system which requested the logon. This is most commonly a service such as the Server service, or a local process such as Winlogon.exe or Services.exe.

The logon type field indicates the kind of logon that occurred. The most common types are 2 (interactive) and 3 (network).

The New Logon fields indicate the account for whom the new logon was created, i.e. the account that was logged on.

The network fields indicate where a remote logon request originated. Workstation name is not always available and may be left blank in some cases.

The impersonation level field indicates the extent to which a process in the logon session can impersonate.

The authentication information fields provide detailed information about this specific logon request.
	- Logon GUID is a unique identifier that can be used to correlate this event with a KDC event.
	- Transited services indicate which intermediate services have participated in this logon request.
	- Package name indicates which sub-protocol was used among the NTLM protocols.
	- Key length indicates the length of the generated session key. This will be 0 if no session key was requested.""",2,2026-06-28T10:00:11.9727157Z,309005,2384,DESKTOP-EEL8CND,12544,968,AUDIT_SUCCESS,Microsoft-Windows-Security-Auditing, , , , , , , , , , , , ,0x3e7,WORKGROUP,0x247a77f4,%%1833,127.0.0.1,Negotiate,DESKTOP-EEL8CND,0x247a7886,User32,{00000000-0000-0000-0000-000000000000},Arcz,0,%%1843,S-1-5-18,0x8b0,C:\\Windows\\System32\\svchost.exe,0,DESKTOP-EEL8CND,S-1-5-21-788187308-2363564387-3173935200-1001,%%1843,2,DESKTOP-EEL8CND$, , , , , , , , , , , , , , , , , , , , , , , , , , , , , , , , , , , , , , , , , , , , , , , , , , , , , , , , , , , , , , , , , , , , , , , , 
wazuh-alerts-4.x-2026.06.28,HZacDZ8BLZf6xaoabCaL,1,1,192.168.56.104,WindowsAgent1,001,wazuh-server,false,3, , , ,Special privileges assigned to new logon.,"[""windows"","" WEF""]", , ,2,"[""Domain Policy Modification""]","[""T1484""]","[""Defense Evasion"",""Privilege Escalation""]",67028, ,windows_eventchannel, ,log,"Jun 28, 2026 @ 02:42:59.487",EventChannel,1782639779.1660970,"Jun 28, 2026 @ 02:42:59.487", , , , , , , , , , , , , , , , , , , , , , , , , ,4672, ,0x8020000000000000,{54849625-5478-4994-a5ba-3e3b0328c30d},0,Security,0,"""Special privileges assigned to new logon.

Subject:
	Security ID:		S-1-5-21-788187308-2363564387-3173935200-1001
	Account Name:		Arcz
	Account Domain:		DESKTOP-EEL8CND
	Logon ID:		0x247A77F4

Privileges:		SeSecurityPrivilege
			SeTakeOwnershipPrivilege
			SeLoadDriverPrivilege
			SeBackupPrivilege
			SeRestorePrivilege
			SeDebugPrivilege
			SeSystemEnvironmentPrivilege
			SeImpersonatePrivilege
			SeDelegateSessionUserImpersonatePrivilege""",0,2026-06-28T10:00:11.9727249Z,309006,2384,DESKTOP-EEL8CND,12548,968,AUDIT_SUCCESS,Microsoft-Windows-Security-Auditing, , , , , , , , , , , , ,0x247a77f4,DESKTOP-EEL8CND, , , , , , , , , , , ,S-1-5-21-788187308-2363564387-3173935200-1001, , , , , , , ,Arcz,SeSecurityPrivilege     SeTakeOwnershipPrivilege     SeLoadDriverPrivilege     SeBackupPrivilege     SeRestorePrivilege     SeDebugPrivilege     SeSystemEnvironmentPrivilege     SeImpersonatePrivilege     SeDelegateSessionUserImpersonatePrivilege, , , , , , , , , , , , , , , , , , , , , , , , , , , , , , , , , , , , , , , , , , , , , , , , , , , , , , , , , , , , , , , , , , , , , , , 
wazuh-alerts-4.x-2026.06.28,HpacDZ8BLZf6xaoabCaL,1,1,192.168.56.104,WindowsAgent1,001,wazuh-server,false,3, , , ,Non service account logged off.,"[""windows"","" WEF""]", , ,3, , , ,67023, ,windows_eventchannel, ,log,"Jun 28, 2026 @ 02:42:59.490",EventChannel,1782639779.1664021,"Jun 28, 2026 @ 02:42:59.490", , , , , , , , , , , , , , , , , , , , , , , , , ,4634, ,0x8020000000000000,{54849625-5478-4994-a5ba-3e3b0328c30d},0,Security,0,"""An account was logged off.

Subject:
	Security ID:		S-1-5-21-788187308-2363564387-3173935200-1001
	Account Name:		Arcz
	Account Domain:		DESKTOP-EEL8CND
	Logon ID:		0x247A7886

Logon Type:			2

This event is generated when a logon session is destroyed. It may be positively correlated with a logon event using the Logon ID value. Logon IDs are only unique between reboots on the same computer.""",0,2026-06-28T10:00:11.9758659Z,309007,2384,DESKTOP-EEL8CND,12545,968,AUDIT_SUCCESS,Microsoft-Windows-Security-Auditing, , , , , , , , , , , , , , , , , , , ,0x247a7886, , ,Arcz, , , , , , ,DESKTOP-EEL8CND,S-1-5-21-788187308-2363564387-3173935200-1001, ,2, , , , , , , , , , , , , , , , , , , , , , , , , , , , , , , , , , , , , , , , , , , , , , , , , , , , , , , , , , , , , , , , , , , , , , , , , 
wazuh-alerts-4.x-2026.06.28,9ZarDJ8BLZf6xaoajiUu,1,1,192.168.56.104,WindowsAgent1,001,wazuh-server,false,3,"[""10.2.5""]","[""164.312.b""]","[""CC6.8"",""CC7.2"",""CC7.3""]",Windows Workstation Logon Success,"[""windows"",""windows_security"",""authentication_success""]","[""AU.14"",""AC.9""]","[""IV_32.2""]",45,"[""Valid Accounts""]","[""T1078""]","[""Defense Evasion"",""Persistence"",""Privilege Escalation"",""Initial Access""]",60118,"[""7.1"",""7.2""]",windows_eventchannel, ,log,"Jun 27, 2026 @ 22:19:52.556",EventChannel,1782623992.1580209,"Jun 27, 2026 @ 22:19:52.556", , , , , , , , , , , , , , , , , , , , , , , , , ,4624, ,0x8020000000000000,{54849625-5478-4994-a5ba-3e3b0328c30d},0,Security,0,"""An account was successfully logged on.

Subject:
	Security ID:		S-1-5-18
	Account Name:		DESKTOP-EEL8CND$
	Account Domain:		WORKGROUP
	Logon ID:		0x3E7

Logon Information:
	Logon Type:		2
	Restricted Admin Mode:	-
	Virtual Account:		No
	Elevated Token:		Yes

Impersonation Level:		Impersonation

New Logon:
	Security ID:		S-1-5-21-788187308-2363564387-3173935200-1001
	Account Name:		Arcz
	Account Domain:		DESKTOP-EEL8CND
	Logon ID:		0x2387C017
	Linked Logon ID:		0x2387C0F0
	Network Account Name:	-
	Network Account Domain:	-
	Logon GUID:		{00000000-0000-0000-0000-000000000000}

Process Information:
	Process ID:		0x8b0
	Process Name:		C:\Windows\System32\svchost.exe

Network Information:
	Workstation Name:	DESKTOP-EEL8CND
	Source Network Address:	127.0.0.1
	Source Port:		0

Detailed Authentication Information:
	Logon Process:		User32 
	Authentication Package:	Negotiate
	Transited Services:	-
	Package Name (NTLM only):	-
	Key Length:		0

This event is generated when a logon session is created. It is generated on the computer that was accessed.

The subject fields indicate the account on the local system which requested the logon. This is most commonly a service such as the Server service, or a local process such as Winlogon.exe or Services.exe.

The logon type field indicates the kind of logon that occurred. The most common types are 2 (interactive) and 3 (network).

The New Logon fields indicate the account for whom the new logon was created, i.e. the account that was logged on.

The network fields indicate where a remote logon request originated. Workstation name is not always available and may be left blank in some cases.

The impersonation level field indicates the extent to which a process in the logon session can impersonate.

The authentication information fields provide detailed information about this specific logon request.
	- Logon GUID is a unique identifier that can be used to correlate this event with a KDC event.
	- Transited services indicate which intermediate services have participated in this logon request.
	- Package name indicates which sub-protocol was used among the NTLM protocols.
	- Key length indicates the length of the generated session key. This will be 0 if no session key was requested.""",2,2026-06-28T04:49:05.9109740Z,306741,10300,DESKTOP-EEL8CND,12544,968,AUDIT_SUCCESS,Microsoft-Windows-Security-Auditing, , , , , , , , , , , , ,0x3e7,WORKGROUP,0x2387c0f0,%%1833,127.0.0.1,Negotiate,DESKTOP-EEL8CND,0x2387c017,User32,{00000000-0000-0000-0000-000000000000},Arcz,0,%%1842,S-1-5-18,0x8b0,C:\\Windows\\System32\\svchost.exe,0,DESKTOP-EEL8CND,S-1-5-21-788187308-2363564387-3173935200-1001,%%1843,2,DESKTOP-EEL8CND$, , , , , , , , , , , , , , , , , , , , , , , , , , , , , , , , , , , , , , , , , , , , , , , , , , , , , , , , , , , , , , , , , , , , , , , , 
wazuh-alerts-4.x-2026.06.28,'-JarDJ8BLZf6xaoajiUu,1,1,192.168.56.104,WindowsAgent1,001,wazuh-server,false,3, , , ,Non service account logged off.,"[""windows"","" WEF""]", , ,45, , , ,67023, ,windows_eventchannel, ,log,"Jun 27, 2026 @ 22:19:52.571",EventChannel,1782623992.1598768,"Jun 27, 2026 @ 22:19:52.571", , , , , , , , , , , , , , , , , , , , , , , , , ,4634, ,0x8020000000000000,{54849625-5478-4994-a5ba-3e3b0328c30d},0,Security,0,"""An account was logged off.

Subject:
	Security ID:		S-1-5-21-788187308-2363564387-3173935200-1001
	Account Name:		Arcz
	Account Domain:		DESKTOP-EEL8CND
	Logon ID:		0x2387C017

Logon Type:			2

This event is generated when a logon session is destroyed. It may be positively correlated with a logon event using the Logon ID value. Logon IDs are only unique between reboots on the same computer.""",0,2026-06-28T04:49:05.9261548Z,306745,2076,DESKTOP-EEL8CND,12545,968,AUDIT_SUCCESS,Microsoft-Windows-Security-Auditing, , , , , , , , , , , , , , , , , , , ,0x2387c017, , ,Arcz, , , , , , ,DESKTOP-EEL8CND,S-1-5-21-788187308-2363564387-3173935200-1001, ,2, , , , , , , , , , , , , , , , , , , , , , , , , , , , , , , , , , , , , , , , , , , , , , , , , , , , , , , , , , , , , , , , , , , , , , , , , 
wazuh-alerts-4.x-2026.06.28,'-parDJ8BLZf6xaoayCXQ,1,1,192.168.56.104,WindowsAgent1,001,wazuh-server,false,5,"[""2.2""]", ,"[""CC7.1"",""CC7.2""]",CIS Microsoft Windows 10 Enterprise Benchmark v4.0.0: Ensure 'MSS: (SafeDllSearchMode) Enable Safe DLL search mode' is set to 'Enabled'.: Status changed from passed to 'not applicable',"[""sca""]","[""CM.1""]","[""IV_35.7.d""]",1, , , ,19012, ,sca, ,log,"Jun 27, 2026 @ 22:20:07.046",sca,1782624007.1603544,"Jun 27, 2026 @ 22:20:07.046", , , , , , , , , , , , , , , , , , , , , , , , , , , , , , , , , , , , , , , , , , , , , , , , , , , , , , , , , , , , , , , , , , , , , , , , , , , , , , , , , , , , , , , , , , , , ,1682108642, , ,check,CIS Microsoft Windows 10 Enterprise Benchmark v4.0.0, , , , ,not applicable,"To establish the recommended configuration via GP, set the following UI path to Enabled: Computer Configuration\Policies\Administrative Templates\MSS (Legacy)\MSS: (SafeDllSearchMode) Enable Safe DLL search mode Note: This Group Policy path does not exist by default. An additional Group Policy template (MSS-legacy.admx/adml) is required - it is available from this TechNet blog post: The MSS settings - Microsoft Security Guidance blog.","[""HKEY_LOCAL_MACHINE\\SYSTEM\\CurrentControlSet\\Control\\Session Manager""]",https://techcommunity.microsoft.com/t5/microsoft-security-baselines/the-mss-settings/ba-p/701055, ,10.5,CC6.8,1.4,18.5.9, , ,8.3,"The DLL search order can be configured to search for DLLs that are requested by running processes in one of two ways: - Search folders specified in the system path first, and then search the current working folder. - Search current working folder first, and then search the folders specified in the system path. When enabled, the registry value is set to 1. With a setting of 1, the system first searches the folders that are specified in the system path and then searches the current working folder. When disabled the registry value is set to 0 and the system first searches the current working folder and then searches the folders that are specified in the system path. Applications will be forced to search for DLLs in the system path first. For applications that require unique versions of these DLLs that are included with the application, this entry could cause performance or stability problems. The recommended state for this setting is: Enabled. Note: More information on how Safe DLL search mode works is available at this link: Dynamic-Link Library Search Order - Windows applications | Microsoft Docs.",15906,Ensure 'MSS: (SafeDllSearchMode) Enable Safe DLL search mode' is set to 'Enabled'.,"If a user unknowingly executes hostile code that was packaged with additional files that include modified versions of system DLLs, the hostile code could load its own versions of those DLLs and potentially increase the type and degree of damage the code can render.","[""10.5""]","[""18.5.9""]", ,"[""CC6.8""]","[""8.3""]",SI-16,"[""SI-16""]", , , , , , , ,Unable to enumerate values of registry 'HKEY_LOCAL_MACHINE\SYSTEM\CurrentControlSet\Control\Session Manager' (More data is available. ), , , , , , ,passed, , , , , , , , , 
wazuh-alerts-4.x-2026.06.28,9JarDJ8BLZf6xaoaUyWS,1,1,192.168.56.104,WindowsAgent1,001,wazuh-server,false,3, , , ,Non service account logged off.,"[""windows"","" WEF""]", , ,44, , , ,67023, ,windows_eventchannel, ,log,"Jun 27, 2026 @ 22:19:40.408",EventChannel,1782623980.1577821,"Jun 27, 2026 @ 22:19:40.408", , , , , , , , , , , , , , , , , , , , , , , , , ,4634, ,0x8020000000000000,{54849625-5478-4994-a5ba-3e3b0328c30d},0,Security,0,"""An account was logged off.

Subject:
	Security ID:		S-1-5-21-788187308-2363564387-3173935200-1001
	Account Name:		Arcz
	Account Domain:		DESKTOP-EEL8CND
	Logon ID:		0x22AB9B31

Logon Type:			2

This event is generated when a logon session is destroyed. It may be positively correlated with a logon event using the Logon ID value. Logon IDs are only unique between reboots on the same computer.""",0,2026-06-27T23:11:18.2129434Z,303863,2384,DESKTOP-EEL8CND,12545,968,AUDIT_SUCCESS,Microsoft-Windows-Security-Auditing, , , , , , , , , , , , , , , , , , , ,0x22ab9b31, , ,Arcz, , , , , , ,DESKTOP-EEL8CND,S-1-5-21-788187308-2363564387-3173935200-1001, ,2, , , , , , , , , , , , , , , , , , , , , , , , , , , , , , , , , , , , , , , , , , , , , , , , , , , , , , , , , , , , , , , , , , , , , , , , , 
