{""win"":{""system"":{""providerName"":""Microsoft-Windows-Security-Auditing"",""providerGuid"":""{54849625-5478-4994-a5ba-3e3b0328c30d}"",""eventID"":""4625"",""version"":""0"",""level"":""0"",""task"":""12544"",""opcode"":""0"",""keywords"":""0x8010000000000000"",""systemTime"":""2026-06-24T22:26:26.2817843Z"",""eventRecordID"":""281593"",""processID"":""968"",""threadID"":""19564"",""channel"":""Security"",""computer"":""DESKTOP-EEL8CND"",""severityValue"":""AUDIT_FAILURE"",""message"":""\""An account failed to log on.\r\n\r\nSubject:\r\n\tSecurity ID:\t\tS-1-0-0\r\n\tAccount Name:\t\t-\r\n\tAccount Domain:\t\t-\r\n\tLogon ID:\t\t0x0\r\n\r\nLogon Type:\t\t\t3\r\n\r\nAccount For Which Logon Failed:\r\n\tSecurity ID:\t\tS-1-0-0\r\n\tAccount Name:\t\tguest\r\n\tAccount Domain:\t\t\r\n\r\nFailure Information:\r\n\tFailure Reason:\t\tAccount currently disabled.\r\n\tStatus:\t\t\t0xC000006E\r\n\tSub Status:\t\t0xC0000072\r\n\r\nProcess Information:\r\n\tCaller Process ID:\t0x0\r\n\tCaller Process Name:\t-\r\n\r\nNetwork Information:\r\n\tWorkstation Name:\t-\r\n\tSource Network Address:\t192.168.1.10\r\n\tSource Port:\t\t59904\r\n\r\nDetailed Authentication Information:\r\n\tLogon Process:\t\tNtLmSsp \r\n\tAuthentication Package:\tNTLM\r\n\tTransited Services:\t-\r\n\tPackage Name (NTLM only):\t-\r\n\tKey Length:\t\t0\r\n\r\nThis event is generated when a logon request fails. It is generated on the computer where access was attempted.\r\n\r\nThe Subject fields indicate the account on the local system which requested the logon. This is most commonly a service such as the Server service, or a local process such as Winlogon.exe or Services.exe.\r\n\r\nThe Logon Type field indicates the kind of logon that was requested. The most common types are 2 (interactive) and 3 (network).\r\n\r\nThe Process Information fields indicate which account and process on the system requested the logon.\r\n\r\nThe Network Information fields indicate where a remote logon request originated. Workstation name is not always available and may be left blank in some cases.\r\n\r\nThe authentication information fields provide detailed information about this specific logon request.\r\n\t- Transited services indicate which intermediate services have participated in this logon request.\r\n\t- Package name indicates which sub-protocol was used among the NTLM protocols.\r\n\t- Key length indicates the length of the generated session key. This will be 0 if no session key was requested.\""""},""eventdata"":{""subjectUserSid"":""S-1-0-0"",""subjectLogonId"":""0x0"",""targetUserSid"":""S-1-0-0"",""targetUserName"":""guest"",""status"":""0xc000006e"",""failureReason"":""%%2310"",""subStatus"":""0xc0000072"",""logonType"":""3"",""logonProcessName"":""NtLmSsp"",""authenticationPackageName"":""NTLM"",""keyLength"":""0"",""processId"":""0x0"",""ipAddress"":""192.168.1.10"",""ipPort"":""59904""}}}
{""win"":{""system"":{""providerName"":""Microsoft-Windows-Security-Auditing"",""providerGuid"":""{54849625-5478-4994-a5ba-3e3b0328c30d}"",""eventID"":""4625"",""version"":""0"",""level"":""0"",""task"":""12544"",""opcode"":""0"",""keywords"":""0x8010000000000000"",""systemTime"":""2026-06-24T22:26:25.0636880Z"",""eventRecordID"":""281592"",""processID"":""968"",""threadID"":""19564"",""channel"":""Security"",""computer"":""DESKTOP-EEL8CND"",""severityValue"":""AUDIT_FAILURE"",""message"":""\""An account failed to log on.\r\n\r\nSubject:\r\n\tSecurity ID:\t\tS-1-0-0\r\n\tAccount Name:\t\t-\r\n\tAccount Domain:\t\t-\r\n\tLogon ID:\t\t0x0\r\n\r\nLogon Type:\t\t\t3\r\n\r\nAccount For Which Logon Failed:\r\n\tSecurity ID:\t\tS-1-0-0\r\n\tAccount Name:\t\tguest\r\n\tAccount Domain:\t\t\r\n\r\nFailure Information:\r\n\tFailure Reason:\t\tAccount currently disabled.\r\n\tStatus:\t\t\t0xC000006E\r\n\tSub Status:\t\t0xC0000072\r\n\r\nProcess Information:\r\n\tCaller Process ID:\t0x0\r\n\tCaller Process Name:\t-\r\n\r\nNetwork Information:\r\n\tWorkstation Name:\t-\r\n\tSource Network Address:\t192.168.1.10\r\n\tSource Port:\t\t59901\r\n\r\nDetailed Authentication Information:\r\n\tLogon Process:\t\tNtLmSsp \r\n\tAuthentication Package:\tNTLM\r\n\tTransited Services:\t-\r\n\tPackage Name (NTLM only):\t-\r\n\tKey Length:\t\t0\r\n\r\nThis event is generated when a logon request fails. It is generated on the computer where access was attempted.\r\n\r\nThe Subject fields indicate the account on the local system which requested the logon. This is most commonly a service such as the Server service, or a local process such as Winlogon.exe or Services.exe.\r\n\r\nThe Logon Type field indicates the kind of logon that was requested. The most common types are 2 (interactive) and 3 (network).\r\n\r\nThe Process Information fields indicate which account and process on the system requested the logon.\r\n\r\nThe Network Information fields indicate where a remote logon request originated. Workstation name is not always available and may be left blank in some cases.\r\n\r\nThe authentication information fields provide detailed information about this specific logon request.\r\n\t- Transited services indicate which intermediate services have participated in this logon request.\r\n\t- Package name indicates which sub-protocol was used among the NTLM protocols.\r\n\t- Key length indicates the length of the generated session key. This will be 0 if no session key was requested.\""""},""eventdata"":{""subjectUserSid"":""S-1-0-0"",""subjectLogonId"":""0x0"",""targetUserSid"":""S-1-0-0"",""targetUserName"":""guest"",""status"":""0xc000006e"",""failureReason"":""%%2310"",""subStatus"":""0xc0000072"",""logonType"":""3"",""logonProcessName"":""NtLmSsp"",""authenticationPackageName"":""NTLM"",""keyLength"":""0"",""processId"":""0x0"",""ipAddress"":""192.168.1.10"",""ipPort"":""59901""}}}",8, ,0x0, , , ,192.168.1.10,NTLM, , ,NtLmSsp, ,guest,0, ,S-1-0-0,0x0, ,60031, ,S-1-0-0, ,3, , ,0xc0000072,%%2310,0xc000006e, , , , , , , , , , , , , , , , , , , , , , , , , , , , , , , , , , , , , , , , , , , , , , , , , , , , , , , , , , , , , , , , , , , , 
wazuh-alerts-4.x-2026.06.28,3JaqDJ8BLZf6xaoa_SWn,1,1,192.168.56.104,WindowsAgent1,001,wazuh-server,false,3,"[""10.2.5""]","[""164.312.b""]","[""CC6.8"",""CC7.2"",""CC7.3""]",Windows Workstation Logon Success,"[""windows"",""windows_security"",""authentication_success""]","[""AU.14"",""AC.9""]","[""IV_32.2""]",35,"[""Valid Accounts""]","[""T1078""]","[""Defense Evasion"",""Persistence"",""Privilege Escalation"",""Initial Access""]",60118,"[""7.1"",""7.2""]",windows_eventchannel, ,log,"Jun 27, 2026 @ 22:19:17.631",EventChannel,1782623957.1462980,"Jun 27, 2026 @ 22:19:17.631", , , , , , , , , , , , , , , , , , , , , , , , , ,4624, ,0x8020000000000000,{54849625-5478-4994-a5ba-3e3b0328c30d},0,Security,0,"""An account was successfully logged on.

Subject:
	Security ID:		S-1-5-18
	Account Name:		DESKTOP-EEL8CND$
	Account Domain:		WORKGROUP
	Logon ID:		0x3E7

Logon Information:
	Logon Type:		2
	Restricted Admin Mode:	-
	Virtual Account:		No
	Elevated Token:		Yes

Impersonation Level:		Impersonation

New Logon:
	Security ID:		S-1-5-21-788187308-2363564387-3173935200-1001
	Account Name:		Arcz
	Account Domain:		DESKTOP-EEL8CND
	Logon ID:		0x207343BF
	Linked Logon ID:		0x20734400
	Network Account Name:	-
	Network Account Domain:	-
	Logon GUID:		{00000000-0000-0000-0000-000000000000}

Process Information:
	Process ID:		0x8b0
	Process Name:		C:\Windows\System32\svchost.exe

Network Information:
	Workstation Name:	DESKTOP-EEL8CND
	Source Network Address:	127.0.0.1
	Source Port:		0

Detailed Authentication Information:
	Logon Process:		User32 
	Authentication Package:	Negotiate
	Transited Services:	-
	Package Name (NTLM only):	-
	Key Length:		0

This event is generated when a logon session is created. It is generated on the computer that was accessed.

The subject fields indicate the account on the local system which requested the logon. This is most commonly a service such as the Server service, or a local process such as Winlogon.exe or Services.exe.

The logon type field indicates the kind of logon that occurred. The most common types are 2 (interactive) and 3 (network).

The New Logon fields indicate the account for whom the new logon was created, i.e. the account that was logged on.

The network fields indicate where a remote logon request originated. Workstation name is not always available and may be left blank in some cases.

The impersonation level field indicates the extent to which a process in the logon session can impersonate.

The authentication information fields provide detailed information about this specific logon request.
	- Logon GUID is a unique identifier that can be used to correlate this event with a KDC event.
	- Transited services indicate which intermediate services have participated in this logon request.
	- Package name indicates which sub-protocol was used among the NTLM protocols.
	- Key length indicates the length of the generated session key. This will be 0 if no session key was requested.""",2,2026-06-27T07:05:17.6712059Z,296972,2384,DESKTOP-EEL8CND,12544,968,AUDIT_SUCCESS,Microsoft-Windows-Security-Auditing, , , , , , , , , , , , ,0x3e7,WORKGROUP,0x20734400,%%1833,127.0.0.1,Negotiate,DESKTOP-EEL8CND,0x207343bf,User32,{00000000-0000-0000-0000-000000000000},Arcz,0,%%1842,S-1-5-18,0x8b0,C:\\Windows\\System32\\svchost.exe,0,DESKTOP-EEL8CND,S-1-5-21-788187308-2363564387-3173935200-1001,%%1843,2,DESKTOP-EEL8CND$, , , , , , , , , , , , , , , , , , , , , , , , , , , , , , , , , , , , , , , , , , , , , , , , , , , , , , , , , , , , , , , , , , , , , , , , 
wazuh-alerts-4.x-2026.06.28,3paqDJ8BLZf6xaoa_SWn,1,1,192.168.56.104,WindowsAgent1,001,wazuh-server,false,3, , , ,Non service account logged off.,"[""windows"","" WEF""]", , ,35, , , ,67023, ,windows_eventchannel, ,log,"Jun 27, 2026 @ 22:19:17.633",EventChannel,1782623957.1473783,"Jun 27, 2026 @ 22:19:17.633", , , , , , , , , , , , , , , , , , , , , , , , , ,4634, ,0x8020000000000000,{54849625-5478-4994-a5ba-3e3b0328c30d},0,Security,0,"""An account was logged off.

Subject:
	Security ID:		S-1-5-21-788187308-2363564387-3173935200-1001
	Account Name:		Arcz
	Account Domain:		DESKTOP-EEL8CND
	Logon ID:		0x20734400

Logon Type:			2

This event is generated when a logon session is destroyed. It may be positively correlated with a logon event using the Logon ID value. Logon IDs are only unique between reboots on the same computer.""",0,2026-06-27T07:05:17.6722562Z,296975,23768,DESKTOP-EEL8CND,12545,968,AUDIT_SUCCESS,Microsoft-Windows-Security-Auditing, , , , , , , , , , , , , , , , , , , ,0x20734400, , ,Arcz, , , , , , ,DESKTOP-EEL8CND,S-1-5-21-788187308-2363564387-3173935200-1001, ,2, , , , , , , , , , , , , , , , , , , , , , , , , , , , , , , , , , , , , , , , , , , , , , , , , , , , , , , , , , , , , , , , , , , , , , , , , 
wazuh-alerts-4.x-2026.06.28,4paqDJ8BLZf6xaoa_SWn,1,1,192.168.56.104,WindowsAgent1,001,wazuh-server,false,3, , , ,Special privileges assigned to new logon.,"[""windows"","" WEF""]", , ,19,"[""Domain Policy Modification""]","[""T1484""]","[""Defense Evasion"",""Privilege Escalation""]",67028, ,windows_eventchannel, ,log,"Jun 27, 2026 @ 22:19:18.427",EventChannel,1782623958.1494209,"Jun 27, 2026 @ 22:19:18.427", , , , , , , , , , , , , , , , , , , , , , , , , ,4672, ,0x8020000000000000,{54849625-5478-4994-a5ba-3e3b0328c30d},0,Security,0,"""Special privileges assigned to new logon.

Subject:
	Security ID:		S-1-5-21-788187308-2363564387-3173935200-1001
	Account Name:		Arcz
	Account Domain:		DESKTOP-EEL8CND
	Logon ID:		0x208CA765

Privileges:		SeSecurityPrivilege
			SeTakeOwnershipPrivilege
			SeLoadDriverPrivilege
			SeBackupPrivilege
			SeRestorePrivilege
			SeDebugPrivilege
			SeSystemEnvironmentPrivilege
			SeImpersonatePrivilege
			SeDelegateSessionUserImpersonatePrivilege""",0,2026-06-27T07:10:27.5974940Z,297189,2472,DESKTOP-EEL8CND,12548,968,AUDIT_SUCCESS,Microsoft-Windows-Security-Auditing, , , , , , , , , , , , ,0x208ca765,DESKTOP-EEL8CND, , , , , , , , , , , ,S-1-5-21-788187308-2363564387-3173935200-1001, , , , , , , ,Arcz,SeSecurityPrivilege     SeTakeOwnershipPrivilege     SeLoadDriverPrivilege     SeBackupPrivilege     SeRestorePrivilege     SeDebugPrivilege     SeSystemEnvironmentPrivilege     SeImpersonatePrivilege     SeDelegateSessionUserImpersonatePrivilege, , , , , , , , , , , , , , , , , , , , , , , , , , , , , , , , , , , , , , , , , , , , , , , , , , , , , , , , , , , , , , , , , , , , , , , 
wazuh-alerts-4.x-2026.06.28,5JaqDJ8BLZf6xaoa_SWn,1,1,192.168.56.104,WindowsAgent1,001,wazuh-server,false,3, , , ,Non service account logged off.,"[""windows"","" WEF""]", , ,37, , , ,67023, ,windows_eventchannel, ,log,"Jun 27, 2026 @ 22:19:18.432",EventChannel,1782623958.1505154,"Jun 27, 2026 @ 22:19:18.432", , , , , , , , , , , , , , , , , , , , , , , , , ,4634, ,0x8020000000000000,{54849625-5478-4994-a5ba-3e3b0328c30d},0,Security,0,"""An account was logged off.

Subject:
	Security ID:		S-1-5-21-788187308-2363564387-3173935200-1001
	Account Name:		Arcz
	Account Domain:		DESKTOP-EEL8CND
	Logon ID:		0x208CA810

Logon Type:			2

This event is generated when a logon session is destroyed. It may be positively correlated with a logon event using the Logon ID value. Logon IDs are only unique between reboots on the same computer.""",0,2026-06-27T07:10:27.5976510Z,297190,2472,DESKTOP-EEL8CND,12545,968,AUDIT_SUCCESS,Microsoft-Windows-Security-Auditing, , , , , , , , , , , , , , , , , , , ,0x208ca810, , ,Arcz, , , , , , ,DESKTOP-EEL8CND,S-1-5-21-788187308-2363564387-3173935200-1001, ,2, , , , , , , , , , , , , , , , , , , , , , , , , , , , , , , , , , , , , , , , , , , , , , , , , , , , , , , , , , , , , , , , , , , , , , , , , 
wazuh-alerts-4.x-2026.06.28,6ZaqDJ8BLZf6xaoa_SWo,1,1,192.168.56.104,WindowsAgent1,001,wazuh-server,false,3, , , ,Non service account logged off.,"[""windows"","" WEF""]", , ,39, , , ,67023, ,windows_eventchannel, ,log,"Jun 27, 2026 @ 22:19:18.458",EventChannel,1782623958.1528771,"Jun 27, 2026 @ 22:19:18.458", , , , , , , , , , , , , , , , , , , , , , , , , ,4634, ,0x8020000000000000,{54849625-5478-4994-a5ba-3e3b0328c30d},0,Security,0,"""An account was logged off.

Subject:
	Security ID:		S-1-5-21-788187308-2363564387-3173935200-1001
	Account Name:		Arcz
	Account Domain:		DESKTOP-EEL8CND
	Logon ID:		0x208D5800

Logon Type:			2

This event is generated when a logon session is destroyed. It may be positively correlated with a logon event using the Logon ID value. Logon IDs are only unique between reboots on the same computer.""",0,2026-06-27T07:10:35.9255105Z,297196,20112,DESKTOP-EEL8CND,12545,968,AUDIT_SUCCESS,Microsoft-Windows-Security-Auditing, , , , , , , , , , , , , , , , , , , ,0x208d5800, , ,Arcz, , , , , , ,DESKTOP-EEL8CND,S-1-5-21-788187308-2363564387-3173935200-1001, ,2, , , , , , , , , , , , , , , , , , , , , , , , , , , , , , , , , , , , , , , , , , , , , , , , , , , , , , , , , , , , , , , , , , , , , , , , , 
wazuh-alerts-4.x-2026.06.28,8JarDJ8BLZf6xaoaUyWR,1,1,192.168.56.104,WindowsAgent1,001,wazuh-server,false,3,"[""10.2.5""]","[""164.312.b""]","[""CC6.8"",""CC7.2"",""CC7.3""]",Windows Workstation Logon Success,"[""windows"",""windows_security"",""authentication_success""]","[""AU.14"",""AC.9""]","[""IV_32.2""]",43,"[""Valid Accounts""]","[""T1078""]","[""Defense Evasion"",""Persistence"",""Privilege Escalation"",""Initial Access""]",60118,"[""7.1"",""7.2""]",windows_eventchannel, ,log,"Jun 27, 2026 @ 22:19:40.398",EventChannel,1782623980.1556880,"Jun 27, 2026 @ 22:19:40.398", , , , , , , , , , , , , , , , , , , , , , , , , ,4624, ,0x8020000000000000,{54849625-5478-4994-a5ba-3e3b0328c30d},0,Security,0,"""An account was successfully logged on.

Subject:
	Security ID:		S-1-5-18
	Account Name:		DESKTOP-EEL8CND$
	Account Domain:		WORKGROUP
	Logon ID:		0x3E7

Logon Information:
	Logon Type:		2
	Restricted Admin Mode:	-
	Virtual Account:		No
	Elevated Token:		Yes

Impersonation Level:		Impersonation

New Logon:
	Security ID:		S-1-5-21-788187308-2363564387-3173935200-1001
	Account Name:		Arcz
	Account Domain:		DESKTOP-EEL8CND
	Logon ID:		0x22AB9B06
	Linked Logon ID:		0x22AB9B31
	Network Account Name:	-
	Network Account Domain:	-
	Logon GUID:		{00000000-0000-0000-0000-000000000000}

Process Information:
	Process ID:		0x8b0
	Process Name:		C:\Windows\System32\svchost.exe

Network Information:
	Workstation Name:	DESKTOP-EEL8CND
	Source Network Address:	127.0.0.1
	Source Port:		0

Detailed Authentication Information:
	Logon Process:		User32 
	Authentication Package:	Negotiate
	Transited Services:	-
	Package Name (NTLM only):	-
	Key Length:		0

This event is generated when a logon session is created. It is generated on the computer that was accessed.

The subject fields indicate the account on the local system which requested the logon. This is most commonly a service such as the Server service, or a local process such as Winlogon.exe or Services.exe.

The logon type field indicates the kind of logon that occurred. The most common types are 2 (interactive) and 3 (network).

The New Logon fields indicate the account for whom the new logon was created, i.e. the account that was logged on.

The network fields indicate where a remote logon request originated. Workstation name is not always available and may be left blank in some cases.

The impersonation level field indicates the extent to which a process in the logon session can impersonate.

The authentication information fields provide detailed information about this specific logon request.
	- Logon GUID is a unique identifier that can be used to correlate this event with a KDC event.
	- Transited services indicate which intermediate services have participated in this logon request.
	- Package name indicates which sub-protocol was used among the NTLM protocols.
	- Key length indicates the length of the generated session key. This will be 0 if no session key was requested.""",2,2026-06-27T23:11:18.2104065Z,303860,2384,DESKTOP-EEL8CND,12544,968,AUDIT_SUCCESS,Microsoft-Windows-Security-Auditing, , , , , , , , , , , , ,0x3e7,WORKGROUP,0x22ab9b31,%%1833,127.0.0.1,Negotiate,DESKTOP-EEL8CND,0x22ab9b06,User32,{00000000-0000-0000-0000-000000000000},Arcz,0,%%1842,S-1-5-18,0x8b0,C:\\Windows\\System32\\svchost.exe,0,DESKTOP-EEL8CND,S-1-5-21-788187308-2363564387-3173935200-1001,%%1843,2,DESKTOP-EEL8CND$, , , , , , , , , , , , , , , , , , , , , , , , , , , , , , , , , , , , , , , , , , , , , , , , , , , , , , , , , , , , , , , , , , , , , , , , 
wazuh-alerts-4.x-2026.06.28,8ZarDJ8BLZf6xaoaUyWS,1,1,192.168.56.104,WindowsAgent1,001,wazuh-server,false,3,"[""10.2.5""]","[""164.312.b""]","[""CC6.8"",""CC7.2"",""CC7.3""]",Windows Workstation Logon Success,"[""windows"",""windows_security"",""authentication_success""]","[""AU.14"",""AC.9""]","[""IV_32.2""]",44,"[""Valid Accounts""]","[""T1078""]","[""Defense Evasion"",""Persistence"",""Privilege Escalation"",""Initial Access""]",60118,"[""7.1"",""7.2""]",windows_eventchannel, ,log,"Jun 27, 2026 @ 22:19:40.401",EventChannel,1782623980.1564632,"Jun 27, 2026 @ 22:19:40.401", , , , , , , , , , , , , , , , , , , , , , , , , ,4624, ,0x8020000000000000,{54849625-5478-4994-a5ba-3e3b0328c30d},0,Security,0,"""An account was successfully logged on.

Subject:
	Security ID:		S-1-5-18
	Account Name:		DESKTOP-EEL8CND$
	Account Domain:		WORKGROUP
	Logon ID:		0x3E7

Logon Information:
	Logon Type:		2
	Restricted Admin Mode:	-
	Virtual Account:		No
	Elevated Token:		No

Impersonation Level:		Impersonation

New Logon:
	Security ID:		S-1-5-21-788187308-2363564387-3173935200-1001
	Account Name:		Arcz
	Account Domain:		DESKTOP-EEL8CND
	Logon ID:		0x22AB9B31
	Linked Logon ID:		0x22AB9B06
	Network Account Name:	-
	Network Account Domain:	-
	Logon GUID:		{00000000-0000-0000-0000-000000000000}

Process Information:
	Process ID:		0x8b0
	Process Name:		C:\Windows\System32\svchost.exe

Network Information:
	Workstation Name:	DESKTOP-EEL8CND
	Source Network Address:	127.0.0.1
	Source Port:		0

Detailed Authentication Information:
	Logon Process:		User32 
	Authentication Package:	Negotiate
	Transited Services:	-
	Package Name (NTLM only):	-
	Key Length:		0

This event is generated when a logon session is created. It is generated on the computer that was accessed.

The subject fields indicate the account on the local system which requested the logon. This is most commonly a service such as the Server service, or a local process such as Winlogon.exe or Services.exe.

The logon type field indicates the kind of logon that occurred. The most common types are 2 (interactive) and 3 (network).

The New Logon fields indicate the account for whom the new logon was created, i.e. the account that was logged on.

The network fields indicate where a remote logon request originated. Workstation name is not always available and may be left blank in some cases.

The impersonation level field indicates the extent to which a process in the logon session can impersonate.

The authentication information fields provide detailed information about this specific logon request.
	- Logon GUID is a unique identifier that can be used to correlate this event with a KDC event.
	- Transited services indicate which intermediate services have participated in this logon request.
	- Package name indicates which sub-protocol was used among the NTLM protocols.
	- Key length indicates the length of the generated session key. This will be 0 if no session key was requested.""",2,2026-06-27T23:11:18.2104381Z,303861,2384,DESKTOP-EEL8CND,12544,968,AUDIT_SUCCESS,Microsoft-Windows-Security-Auditing, , , , , , , , , , , , ,0x3e7,WORKGROUP,0x22ab9b06,%%1833,127.0.0.1,Negotiate,DESKTOP-EEL8CND,0x22ab9b31,User32,{00000000-0000-0000-0000-000000000000},Arcz,0,%%1843,S-1-5-18,0x8b0,C:\\Windows\\System32\\svchost.exe,0,DESKTOP-EEL8CND,S-1-5-21-788187308-2363564387-3173935200-1001,%%1843,2,DESKTOP-EEL8CND$, , , , , , , , , , , , , , , , , , , , , , , , , , , , , , , , , , , , , , , , , , , , , , , , , , , , , , , , , , , , , , , , , , , , , , , , 
wazuh-alerts-4.x-2026.06.28,85arDJ8BLZf6xaoaUyWS,1,1,192.168.56.104,WindowsAgent1,001,wazuh-server,false,3, , , ,Non service account logged off.,"[""windows"","" WEF""]", , ,43, , , ,67023, ,windows_eventchannel, ,log,"Jun 27, 2026 @ 22:19:40.408",EventChannel,1782623980.1575433,"Jun 27, 2026 @ 22:19:40.408", , , , , , , , , , , , , , , , , , , , , , , , , ,4634, ,0x8020000000000000,{54849625-5478-4994-a5ba-3e3b0328c30d},0,Security,0,"""An account was logged off.

Subject:
	Security ID:		S-1-5-21-788187308-2363564387-3173935200-1001
	Account Name:		Arcz
	Account Domain:		DESKTOP-EEL8CND
	Logon ID:		0x22AB9B06

Logon Type:			2

This event is generated when a logon session is destroyed. It may be positively correlated with a logon event using the Logon ID value. Logon IDs are only unique between reboots on the same computer.""",0,2026-06-27T23:11:18.2129961Z,303864,6288,DESKTOP-EEL8CND,12545,968,AUDIT_SUCCESS,Microsoft-Windows-Security-Auditing, , , , , , , , , , , , , , , , , , , ,0x22ab9b06, , ,Arcz, , , , , , ,DESKTOP-EEL8CND,S-1-5-21-788187308-2363564387-3173935200-1001, ,2, , , , , , , , , , , , , , , , , , , , , , , , , , , , , , , , , , , , , , , , , , , , , , , , , , , , , , , , , , , , , , , , , , , , , , , , , 
wazuh-alerts-4.x-2026.06.28,1paqDJ8BLZf6xaoa3iVr,1,1,192.168.56.104,WindowsAgent1,001,wazuh-server,false,3, , , ,Special privileges assigned to new logon.,"[""windows"","" WEF""]", , ,17,"[""Domain Policy Modification""]","[""T1484""]","[""Defense Evasion"",""Privilege Escalation""]",67028, ,windows_eventchannel, ,log,"Jun 27, 2026 @ 22:19:09.754",EventChannel,1782623949.1437213,"Jun 27, 2026 @ 22:19:09.754", , , , , , , , , , , , , , , , , , , , , , , , , ,4672, ,0x8020000000000000,{54849625-5478-4994-a5ba-3e3b0328c30d},0,Security,0,"""Special privileges assigned to new logon.

Subject:
	Security ID:		S-1-5-21-788187308-2363564387-3173935200-1001
	Account Name:		Arcz
	Account Domain:		DESKTOP-EEL8CND
	Logon ID:		0x2023F66D

Privileges:		SeSecurityPrivilege
			SeTakeOwnershipPrivilege
			SeLoadDriverPrivilege
			SeBackupPrivilege
			SeRestorePrivilege
			SeDebugPrivilege
			SeSystemEnvironmentPrivilege
			SeImpersonatePrivilege
			SeDelegateSessionUserImpersonatePrivilege""",0,2026-06-27T01:46:12.9241170Z,294735,21320,DESKTOP-EEL8CND,12548,968,AUDIT_SUCCESS,Microsoft-Windows-Security-Auditing, , , , , , , , , , , , ,0x2023f66d,DESKTOP-EEL8CND, , , , , , , , , , , ,S-1-5-21-788187308-2363564387-3173935200-1001, , , , , , , ,Arcz,SeSecurityPrivilege     SeTakeOwnershipPrivilege     SeLoadDriverPrivilege     SeBackupPrivilege     SeRestorePrivilege     SeDebugPrivilege     SeSystemEnvironmentPrivilege     SeImpersonatePrivilege     SeDelegateSessionUserImpersonatePrivilege, , , , , , , , , , , , , , , , , , , , , , , , , , , , , , , , , , , , , , , , , , , , , , , , , , , , , , , , , , , , , , , , , , , , , , , 
wazuh-alerts-4.x-2026.06.28,15aqDJ8BLZf6xaoa3iVr,1,1,192.168.56.104,WindowsAgent1,001,wazuh-server,false,3, , , ,Non service account logged off.,"[""windows"","" WEF""]", , ,33, , , ,67023, ,windows_eventchannel, ,log,"Jun 27, 2026 @ 22:19:09.757",EventChannel,1782623949.1440266,"Jun 27, 2026 @ 22:19:09.757", , , , , , , , , , , , , , , , , , , , , , , , , ,4634, ,0x8020000000000000,{54849625-5478-4994-a5ba-3e3b0328c30d},0,Security,0,"""An account was logged off.

Subject:
	Security ID:		S-1-5-21-788187308-2363564387-3173935200-1001
	Account Name:		Arcz
	Account Domain:		DESKTOP-EEL8CND
	Logon ID:		0x2023F77C

Logon Type:			2

This event is generated when a logon session is destroyed. It may be positively correlated with a logon event using the Logon ID value. Logon IDs are only unique between reboots on the same computer.""",0,2026-06-27T01:46:12.9684044Z,294736,1500,DESKTOP-EEL8CND,12545,968,AUDIT_SUCCESS,Microsoft-Windows-Security-Auditing, , , , , , , , , , , , , , , , , , , ,0x2023f77c, , ,Arcz, , , , , , ,DESKTOP-EEL8CND,S-1-5-21-788187308-2363564387-3173935200-1001, ,2, , , , , , , , , , , , , , , , , , , , , , , , , , , , , , , , , , , , , , , , , , , , , , , , , , , , , , , , , , , , , , , , , , , , , , , , , 
wazuh-alerts-4.x-2026.06.28,2JaqDJ8BLZf6xaoa3iVr,1,1,192.168.56.104,WindowsAgent1,001,wazuh-server,false,3, , , ,Non service account logged off.,"[""windows"","" WEF""]", , ,34, , , ,67023, ,windows_eventchannel, ,log,"Jun 27, 2026 @ 22:19:09.759",EventChannel,1782623949.1442654,"Jun 27, 2026 @ 22:19:09.759", , , , , , , , , , , , , , , , , , , , , , , , , ,4634, ,0x8020000000000000,{54849625-5478-4994-a5ba-3e3b0328c30d},0,Security,0,"""An account was logged off.

Subject:
	Security ID:		S-1-5-21-788187308-2363564387-3173935200-1001
	Account Name:		Arcz
	Account Domain:		DESKTOP-EEL8CND
	Logon ID:		0x2023F66D

Logon Type:			2

This event is generated when a logon session is destroyed. It may be positively correlated with a logon event using the Logon ID value. Logon IDs are only unique between reboots on the same computer.""",0,2026-06-27T01:46:12.9684643Z,294737,21320,DESKTOP-EEL8CND,12545,968,AUDIT_SUCCESS,Microsoft-Windows-Security-Auditing, , , , , , , , , , , , , , , , , , , ,0x2023f66d, , ,Arcz, , , , , , ,DESKTOP-EEL8CND,S-1-5-21-788187308-2363564387-3173935200-1001, ,2, , , , , , , , , , , , , , , , , , , , , , , , , , , , , , , , , , , , , , , , , , , , , , , , , , , , , , , , , , , , , , , , , , , , , , , , , 
wazuh-alerts-4.x-2026.06.28,25aqDJ8BLZf6xaoa4iVP,1,1,192.168.56.104,WindowsAgent1,001,wazuh-server,false,5,"[""10.2.4"",""10.2.5""]","[""164.312.b""]","[""CC6.1"",""CC6.8"",""CC7.2"",""CC7.3""]",Logon Failure - Unknown user or bad password,"[""windows"",""windows_security"",""authentication_failed""]","[""AU.14"",""AC.7""]","[""IV_35.7.d"",""IV_32.2""]",16,"[""Account Access Removal""]","[""T1531""]","[""Impact""]",60122,"[""7.1""]",windows_eventchannel, ,log,"Jun 27, 2026 @ 22:19:11.427",EventChannel,1782623951.1457040,"Jun 27, 2026 @ 22:19:11.427", , , , , , , , , , , , , , , , , , , , , , , , , ,4625, ,0x8010000000000000,{54849625-5478-4994-a5ba-3e3b0328c30d},0,Security,0,"""An account failed to log on.

Subject:
	Security ID:		S-1-0-0
	Account Name:		-
	Account Domain:		-
	Logon ID:		0x0

Logon Type:			3

Account For Which Logon Failed:
	Security ID:		S-1-0-0
	Account Name:		
	Account Domain:		

Failure Information:
	Failure Reason:		Unknown user name or bad password.
	Status:			0xC000006D
	Sub Status:		0xC0000064

Process Information:
	Caller Process ID:	0x0
	Caller Process Name:	-

Network Information:
	Workstation Name:	-
	Source Network Address:	192.168.1.10
	Source Port:		60189

Detailed Authentication Information:
	Logon Process:		NtLmSsp 
	Authentication Package:	NTLM
	Transited Services:	-
	Package Name (NTLM only):	-
	Key Length:		0

This event is generated when a logon request fails. It is generated on the computer where access was attempted.

The Subject fields indicate the account on the local system which requested the logon. This is most commonly a service such as the Server service, or a local process such as Winlogon.exe or Services.exe.

The Logon Type field indicates the kind of logon that was requested. The most common types are 2 (interactive) and 3 (network).

The Process Information fields indicate which account and process on the system requested the logon.

The Network Information fields indicate where a remote logon request originated. Workstation name is not always available and may be left blank in some cases.

The authentication information fields provide detailed information about this specific logon request.
	- Transited services indicate which intermediate services have participated in this logon request.
	- Package name indicates which sub-protocol was used among the NTLM protocols.
	- Key length indicates the length of the generated session key. This will be 0 if no session key was requested.""",0,2026-06-27T01:46:26.3311507Z,295201,1500,DESKTOP-EEL8CND,12544,968,AUDIT_FAILURE,Microsoft-Windows-Security-Auditing, , , , , , , , , , , , ,0x0, , , ,192.168.1.10,NTLM, , ,NtLmSsp, , ,0, ,S-1-0-0,0x0, ,60189, ,S-1-0-0, ,3, , ,0xc0000064,%%2313,0xc000006d, , , , , , , , , , , , , , , , , , , , , , , , , , , , , , , , , , , , , , , , , , , , , , , , , , , , , , , , , , , , , , , , , , , , 
wazuh-alerts-4.x-2026.06.28,9parDJ8BLZf6xaoajiUu,1,1,192.168.56.104,WindowsAgent1,001,wazuh-server,false,3,"[""10.2.5""]","[""164.312.b""]","[""CC6.8"",""CC7.2"",""CC7.3""]",Windows Workstation Logon Success,"[""windows"",""windows_security"",""authentication_success""]","[""AU.14"",""AC.9""]","[""IV_32.2""]",46,"[""Valid Accounts""]","[""T1078""]","[""Defense Evasion"",""Persistence"",""Privilege Escalation"",""Initial Access""]",60118,"[""7.1"",""7.2""]",windows_eventchannel, ,log,"Jun 27, 2026 @ 22:19:52.560",EventChannel,1782623992.1587963,"Jun 27, 2026 @ 22:19:52.560", , , , , , , , , , , , , , , , , , , , , , , , , ,4624, ,0x8020000000000000,{54849625-5478-4994-a5ba-3e3b0328c30d},0,Security,0,"""An account was successfully logged on.

Subject:
	Security ID:		S-1-5-18
	Account Name:		DESKTOP-EEL8CND$
	Account Domain:		WORKGROUP
	Logon ID:		0x3E7

Logon Information:
	Logon Type:		2
	Restricted Admin Mode:	-
	Virtual Account:		No
	Elevated Token:		No

Impersonation Level:		Impersonation

New Logon:
	Security ID:		S-1-5-21-788187308-2363564387-3173935200-1001
	Account Name:		Arcz
	Account Domain:		DESKTOP-EEL8CND
	Logon ID:		0x2387C0F0
	Linked Logon ID:		0x2387C017
	Network Account Name:	-
	Network Account Domain:	-
	Logon GUID:		{00000000-0000-0000-0000-000000000000}

Process Information:
	Process ID:		0x8b0
	Process Name:		C:\Windows\System32\svchost.exe

Network Information:
	Workstation Name:	DESKTOP-EEL8CND
	Source Network Address:	127.0.0.1
	Source Port:		0

Detailed Authentication Information:
	Logon Process:		User32 
	Authentication Package:	Negotiate
	Transited Services:	-
	Package Name (NTLM only):	-
	Key Length:		0

This event is generated when a logon session is created. It is generated on the computer that was accessed.

The subject fields indicate the account on the local system which requested the logon. This is most commonly a service such as the Server service, or a local process such as Winlogon.exe or Services.exe.

The logon type field indicates the kind of logon that occurred. The most common types are 2 (interactive) and 3 (network).

The New Logon fields indicate the account for whom the new logon was created, i.e. the account that was logged on.

The network fields indicate where a remote logon request originated. Workstation name is not always available and may be left blank in some cases.

The impersonation level field indicates the extent to which a process in the logon session can impersonate.

The authentication information fields provide detailed information about this specific logon request.
	- Logon GUID is a unique identifier that can be used to correlate this event with a KDC event.
	- Transited services indicate which intermediate services have participated in this logon request.
	- Package name indicates which sub-protocol was used among the NTLM protocols.
	- Key length indicates the length of the generated session key. This will be 0 if no session key was requested.""",2,2026-06-28T04:49:05.9110017Z,306742,10300,DESKTOP-EEL8CND,12544,968,AUDIT_SUCCESS,Microsoft-Windows-Security-Auditing, , , , , , , , , , , , ,0x3e7,WORKGROUP,0x2387c017,%%1833,127.0.0.1,Negotiate,DESKTOP-EEL8CND,0x2387c0f0,User32,{00000000-0000-0000-0000-000000000000},Arcz,0,%%1843,S-1-5-18,0x8b0,C:\\Windows\\System32\\svchost.exe,0,DESKTOP-EEL8CND,S-1-5-21-788187308-2363564387-3173935200-1001,%%1843,2,DESKTOP-EEL8CND$, , , , , , , , , , , , , , , , , , , , , , , , , , , , , , , , , , , , , , , , , , , , , , , , , , , , , , , , , , , , , , , , , , , , , , , , 
wazuh-alerts-4.x-2026.06.28,95arDJ8BLZf6xaoajiUu,1,1,192.168.56.104,WindowsAgent1,001,wazuh-server,false,3, , , ,Special privileges assigned to new logon.,"[""windows"","" WEF""]", , ,23,"[""Domain Policy Modification""]","[""T1484""]","[""Defense Evasion"",""Privilege Escalation""]",67028, ,windows_eventchannel, ,log,"Jun 27, 2026 @ 22:19:52.564",EventChannel,1782623992.1595715,"Jun 27, 2026 @ 22:19:52.564", , , , , , , , , , , , , , , , , , , , , , , , , ,4672, ,0x8020000000000000,{54849625-5478-4994-a5ba-3e3b0328c30d},0,Security,0,"""Special privileges assigned to new logon.

Subject:
	Security ID:		S-1-5-21-788187308-2363564387-3173935200-1001
	Account Name:		Arcz
	Account Domain:		DESKTOP-EEL8CND
	Logon ID:		0x2387C017

Privileges:		SeSecurityPrivilege
			SeTakeOwnershipPrivilege
			SeLoadDriverPrivilege
			SeBackupPrivilege
			SeRestorePrivilege
			SeDebugPrivilege
			SeSystemEnvironmentPrivilege
			SeImpersonatePrivilege
			SeDelegateSessionUserImpersonatePrivilege""",0,2026-06-28T04:49:05.9110102Z,306743,10300,DESKTOP-EEL8CND,12548,968,AUDIT_SUCCESS,Microsoft-Windows-Security-Auditing, , , , , , , , , , , , ,0x2387c017,DESKTOP-EEL8CND, , , , , , , , , , , ,S-1-5-21-788187308-2363564387-3173935200-1001, , , , , , , ,Arcz,SeSecurityPrivilege     SeTakeOwnershipPrivilege     SeLoadDriverPrivilege     SeBackupPrivilege     SeRestorePrivilege     SeDebugPrivilege     SeSystemEnvironmentPrivilege     SeImpersonatePrivilege     SeDelegateSessionUserImpersonatePrivilege, , , , , , , , , , , , , , , , , , , , , , , , , , , , , , , , , , , , , , , , , , , , , , , , , , , , , , , , , , , , , , , , , , , , , , , 
wazuh-alerts-4.x-2026.06.28,'-ZarDJ8BLZf6xaoajiUu,1,1,192.168.56.104,WindowsAgent1,001,wazuh-server,false,3, , , ,Non service account logged off.,"[""windows"","" WEF""]", , ,46, , , ,67023, ,windows_eventchannel, ,log,"Jun 27, 2026 @ 22:19:52.571",EventChannel,1782623992.1601156,"Jun 27, 2026 @ 22:19:52.571", , , , , , , , , , , , , , , , , , , , , , , , , ,4634, ,0x8020000000000000,{54849625-5478-4994-a5ba-3e3b0328c30d},0,Security,0,"""An account was logged off.

Subject:
	Security ID:		S-1-5-21-788187308-2363564387-3173935200-1001
	Account Name:		Arcz
	Account Domain:		DESKTOP-EEL8CND
	Logon ID:		0x2387C0F0

Logon Type:			2

This event is generated when a logon session is destroyed. It may be positively correlated with a logon event using the Logon ID value. Logon IDs are only unique between reboots on the same computer.""",0,2026-06-28T04:49:05.9260969Z,306744,2076,DESKTOP-EEL8CND,12545,968,AUDIT_SUCCESS,Microsoft-Windows-Security-Auditing, , , , , , , , , , , , , , , , , , , ,0x2387c0f0, , ,Arcz, , , , , , ,DESKTOP-EEL8CND,S-1-5-21-788187308-2363564387-3173935200-1001, ,2, , , , , , , , , , , , , , , , , , , , , , , , , , , , , , , , , , , , , , , , , , , , , , , , , , , , , , , , , , , , , , , , , , , , , , , , , 
wazuh-alerts-4.x-2026.06.28,7ZarDJ8BLZf6xaoaOCU-,1,1,192.168.56.104,WindowsAgent1,001,wazuh-server,false,3, , , ,Special privileges assigned to new logon.,"[""windows"","" WEF""]", , ,21,"[""Domain Policy Modification""]","[""T1484""]","[""Defense Evasion"",""Privilege Escalation""]",67028, ,windows_eventchannel, ,log,"Jun 27, 2026 @ 22:19:30.253",EventChannel,1782623970.1549053,"Jun 27, 2026 @ 22:19:30.253", , , , , , , , , , , , , , , , , , , , , , , , , ,4672, ,0x8020000000000000,{54849625-5478-4994-a5ba-3e3b0328c30d},0,Security,0,"""Special privileges assigned to new logon.

Subject:
	Security ID:		S-1-5-21-788187308-2363564387-3173935200-1001
	Account Name:		Arcz
	Account Domain:		DESKTOP-EEL8CND
	Logon ID:		0x21AFA23C

Privileges:		SeSecurityPrivilege
			SeTakeOwnershipPrivilege
			SeLoadDriverPrivilege
			SeBackupPrivilege
			SeRestorePrivilege
			SeDebugPrivilege
			SeSystemEnvironmentPrivilege
			SeImpersonatePrivilege
			SeDelegateSessionUserImpersonatePrivilege""",0,2026-06-27T21:25:33.1906465Z,300818,2384,DESKTOP-EEL8CND,12548,968,AUDIT_SUCCESS,Microsoft-Windows-Security-Auditing, , , , , , , , , , , , ,0x21afa23c,DESKTOP-EEL8CND, , , , , , , , , , , ,S-1-5-21-788187308-2363564387-3173935200-1001, , , , , , , ,Arcz,SeSecurityPrivilege     SeTakeOwnershipPrivilege     SeLoadDriverPrivilege     SeBackupPrivilege     SeRestorePrivilege     SeDebugPrivilege     SeSystemEnvironmentPrivilege     SeImpersonatePrivilege     SeDelegateSessionUserImpersonatePrivilege, , , , , , , , , , , , , , , , , , , , , , , , , , , , , , , , , , , , , , , , , , , , , , , , , , , , , , , , , , , , , , , , , , , , , , , 
